[0.017s] Invoking command in '/home/julien/create3_ws/build/irobot_create_common_bringup': AMENT_PREFIX_PATH=/home/julien/create3_ws/install/irobot_create_nodes:/home/julien/create3_ws/install/irobot_create_toolbox:/home/julien/create3_ws/install/irobot_create_description:/home/julien/create3_ws/install/irobot_create_control:${AMENT_PREFIX_PATH} CMAKE_PREFIX_PATH=/home/julien/create3_ws/install/irobot_create_nodes:/home/julien/create3_ws/install/irobot_create_toolbox:/home/julien/create3_ws/install/irobot_create_description:/home/julien/create3_ws/install/irobot_create_control:/opt/ros/humble LD_LIBRARY_PATH=/home/julien/create3_ws/install/irobot_create_nodes/lib:/home/julien/create3_ws/install/irobot_create_toolbox/lib:${LD_LIBRARY_PATH} /usr/bin/cmake /home/julien/create3_ws/src/create3_sim/irobot_create_common/irobot_create_common_bringup -DCMAKE_INSTALL_PREFIX=/home/julien/create3_ws/install/irobot_create_common_bringup
[0.093s] -- The C compiler identification is GNU 11.4.0
[0.175s] -- The CXX compiler identification is GNU 11.4.0
[0.185s] -- Detecting C compiler ABI info
[0.279s] -- Detecting C compiler ABI info - done
[0.290s] -- Check for working C compiler: /usr/bin/cc - skipped
[0.291s] -- Detecting C compile features
[0.291s] -- Detecting C compile features - done
[0.295s] -- Detecting CXX compiler ABI info
[0.407s] -- Detecting CXX compiler ABI info - done
[0.419s] -- Check for working CXX compiler: /usr/bin/c++ - skipped
[0.419s] -- Detecting CXX compile features
[0.420s] -- Detecting CXX compile features - done
[0.424s] -- Found ament_cmake: 1.3.10 (/opt/ros/humble/share/ament_cmake/cmake)
[0.627s] -- Found Python3: /usr/bin/python3 (found version "3.10.12") found components: Interpreter 
[0.872s] -- Found ament_lint_auto: 0.12.11 (/opt/ros/humble/share/ament_lint_auto/cmake)
[0.982s] -- Added test 'flake8' to check Python code syntax and style conventions
[0.983s] -- Added test 'lint_cmake' to check CMake code style
[0.983s] -- Added test 'pep257' to check Python code against some of the docstring style conventions in PEP 257
[0.986s] -- Added test 'xmllint' to check XML markup files
[0.987s] -- Configuring done
[0.993s] -- Generating done
[0.994s] -- Build files have been written to: /home/julien/create3_ws/build/irobot_create_common_bringup
[1.000s] Invoked command in '/home/julien/create3_ws/build/irobot_create_common_bringup' returned '0': AMENT_PREFIX_PATH=/home/julien/create3_ws/install/irobot_create_nodes:/home/julien/create3_ws/install/irobot_create_toolbox:/home/julien/create3_ws/install/irobot_create_description:/home/julien/create3_ws/install/irobot_create_control:${AMENT_PREFIX_PATH} CMAKE_PREFIX_PATH=/home/julien/create3_ws/install/irobot_create_nodes:/home/julien/create3_ws/install/irobot_create_toolbox:/home/julien/create3_ws/install/irobot_create_description:/home/julien/create3_ws/install/irobot_create_control:/opt/ros/humble LD_LIBRARY_PATH=/home/julien/create3_ws/install/irobot_create_nodes/lib:/home/julien/create3_ws/install/irobot_create_toolbox/lib:${LD_LIBRARY_PATH} /usr/bin/cmake /home/julien/create3_ws/src/create3_sim/irobot_create_common/irobot_create_common_bringup -DCMAKE_INSTALL_PREFIX=/home/julien/create3_ws/install/irobot_create_common_bringup
[1.002s] Invoking command in '/home/julien/create3_ws/build/irobot_create_common_bringup': AMENT_PREFIX_PATH=/home/julien/create3_ws/install/irobot_create_nodes:/home/julien/create3_ws/install/irobot_create_toolbox:/home/julien/create3_ws/install/irobot_create_description:/home/julien/create3_ws/install/irobot_create_control:${AMENT_PREFIX_PATH} CMAKE_PREFIX_PATH=/home/julien/create3_ws/install/irobot_create_nodes:/home/julien/create3_ws/install/irobot_create_toolbox:/home/julien/create3_ws/install/irobot_create_description:/home/julien/create3_ws/install/irobot_create_control:/opt/ros/humble LD_LIBRARY_PATH=/home/julien/create3_ws/install/irobot_create_nodes/lib:/home/julien/create3_ws/install/irobot_create_toolbox/lib:${LD_LIBRARY_PATH} /usr/bin/cmake --build /home/julien/create3_ws/build/irobot_create_common_bringup -- -j12 -l12
[1.082s] Built target ament_cmake_python_copy_irobot_create_common_bringup
[1.432s] running egg_info
[1.433s] creating irobot_create_common_bringup.egg-info
[1.433s] writing irobot_create_common_bringup.egg-info/PKG-INFO
[1.434s] writing dependency_links to irobot_create_common_bringup.egg-info/dependency_links.txt
[1.434s] writing top-level names to irobot_create_common_bringup.egg-info/top_level.txt
[1.434s] writing manifest file 'irobot_create_common_bringup.egg-info/SOURCES.txt'
[1.437s] reading manifest file 'irobot_create_common_bringup.egg-info/SOURCES.txt'
[1.438s] writing manifest file 'irobot_create_common_bringup.egg-info/SOURCES.txt'
[1.471s] Built target ament_cmake_python_build_irobot_create_common_bringup_egg
[1.487s] Invoked command in '/home/julien/create3_ws/build/irobot_create_common_bringup' returned '0': AMENT_PREFIX_PATH=/home/julien/create3_ws/install/irobot_create_nodes:/home/julien/create3_ws/install/irobot_create_toolbox:/home/julien/create3_ws/install/irobot_create_description:/home/julien/create3_ws/install/irobot_create_control:${AMENT_PREFIX_PATH} CMAKE_PREFIX_PATH=/home/julien/create3_ws/install/irobot_create_nodes:/home/julien/create3_ws/install/irobot_create_toolbox:/home/julien/create3_ws/install/irobot_create_description:/home/julien/create3_ws/install/irobot_create_control:/opt/ros/humble LD_LIBRARY_PATH=/home/julien/create3_ws/install/irobot_create_nodes/lib:/home/julien/create3_ws/install/irobot_create_toolbox/lib:${LD_LIBRARY_PATH} /usr/bin/cmake --build /home/julien/create3_ws/build/irobot_create_common_bringup -- -j12 -l12
[1.520s] Invoking command in '/home/julien/create3_ws/build/irobot_create_common_bringup': AMENT_PREFIX_PATH=/home/julien/create3_ws/install/irobot_create_nodes:/home/julien/create3_ws/install/irobot_create_toolbox:/home/julien/create3_ws/install/irobot_create_description:/home/julien/create3_ws/install/irobot_create_control:${AMENT_PREFIX_PATH} CMAKE_PREFIX_PATH=/home/julien/create3_ws/install/irobot_create_nodes:/home/julien/create3_ws/install/irobot_create_toolbox:/home/julien/create3_ws/install/irobot_create_description:/home/julien/create3_ws/install/irobot_create_control:/opt/ros/humble LD_LIBRARY_PATH=/home/julien/create3_ws/install/irobot_create_nodes/lib:/home/julien/create3_ws/install/irobot_create_toolbox/lib:${LD_LIBRARY_PATH} /usr/bin/cmake --install /home/julien/create3_ws/build/irobot_create_common_bringup
[1.530s] -- Install configuration: ""
[1.530s] -- Installing: /home/julien/create3_ws/install/irobot_create_common_bringup/share/irobot_create_common_bringup/config
[1.530s] -- Installing: /home/julien/create3_ws/install/irobot_create_common_bringup/share/irobot_create_common_bringup/config/ui_mgr_params.yaml
[1.530s] -- Installing: /home/julien/create3_ws/install/irobot_create_common_bringup/share/irobot_create_common_bringup/config/robot_state_params.yaml
[1.530s] -- Installing: /home/julien/create3_ws/install/irobot_create_common_bringup/share/irobot_create_common_bringup/config/ir_intensity_vector_params.yaml
[1.531s] -- Installing: /home/julien/create3_ws/install/irobot_create_common_bringup/share/irobot_create_common_bringup/config/hazard_vector_params.yaml
[1.531s] -- Installing: /home/julien/create3_ws/install/irobot_create_common_bringup/share/irobot_create_common_bringup/config/mock_params.yaml
[1.531s] -- Installing: /home/julien/create3_ws/install/irobot_create_common_bringup/share/irobot_create_common_bringup/config/wheel_status_params.yaml
[1.531s] -- Installing: /home/julien/create3_ws/install/irobot_create_common_bringup/share/irobot_create_common_bringup/config/kidnap_estimator_params.yaml
[1.531s] -- Installing: /home/julien/create3_ws/install/irobot_create_common_bringup/share/irobot_create_common_bringup/launch
[1.531s] -- Installing: /home/julien/create3_ws/install/irobot_create_common_bringup/share/irobot_create_common_bringup/launch/create3_nodes.launch.py
[1.532s] -- Installing: /home/julien/create3_ws/install/irobot_create_common_bringup/share/irobot_create_common_bringup/launch/rviz2.launch.py
[1.532s] -- Installing: /home/julien/create3_ws/install/irobot_create_common_bringup/share/irobot_create_common_bringup/launch/dock_description.launch.py
[1.532s] -- Installing: /home/julien/create3_ws/install/irobot_create_common_bringup/share/irobot_create_common_bringup/launch/robot_description.launch.py
[1.532s] -- Installing: /home/julien/create3_ws/install/irobot_create_common_bringup/share/irobot_create_common_bringup/rviz
[1.532s] -- Installing: /home/julien/create3_ws/install/irobot_create_common_bringup/share/irobot_create_common_bringup/rviz/irobot_logo.jpg
[1.532s] -- Installing: /home/julien/create3_ws/install/irobot_create_common_bringup/share/irobot_create_common_bringup/rviz/irobot_create_view.rviz
[1.533s] -- Installing: /home/julien/create3_ws/install/irobot_create_common_bringup/share/irobot_create_common_bringup/environment/pythonpath.sh
[1.533s] -- Installing: /home/julien/create3_ws/install/irobot_create_common_bringup/share/irobot_create_common_bringup/environment/pythonpath.dsv
[1.533s] -- Installing: /home/julien/create3_ws/install/irobot_create_common_bringup/local/lib/python3.10/dist-packages/irobot_create_common_bringup-2.1.0-py3.10.egg-info
[1.533s] -- Installing: /home/julien/create3_ws/install/irobot_create_common_bringup/local/lib/python3.10/dist-packages/irobot_create_common_bringup-2.1.0-py3.10.egg-info/PKG-INFO
[1.533s] -- Installing: /home/julien/create3_ws/install/irobot_create_common_bringup/local/lib/python3.10/dist-packages/irobot_create_common_bringup-2.1.0-py3.10.egg-info/top_level.txt
[1.533s] -- Installing: /home/julien/create3_ws/install/irobot_create_common_bringup/local/lib/python3.10/dist-packages/irobot_create_common_bringup-2.1.0-py3.10.egg-info/dependency_links.txt
[1.534s] -- Installing: /home/julien/create3_ws/install/irobot_create_common_bringup/local/lib/python3.10/dist-packages/irobot_create_common_bringup-2.1.0-py3.10.egg-info/SOURCES.txt
[1.534s] -- Installing: /home/julien/create3_ws/install/irobot_create_common_bringup/local/lib/python3.10/dist-packages/irobot_create_common_bringup
[1.534s] -- Installing: /home/julien/create3_ws/install/irobot_create_common_bringup/local/lib/python3.10/dist-packages/irobot_create_common_bringup/namespace.py
[1.534s] -- Installing: /home/julien/create3_ws/install/irobot_create_common_bringup/local/lib/python3.10/dist-packages/irobot_create_common_bringup/offset.py
[1.534s] -- Installing: /home/julien/create3_ws/install/irobot_create_common_bringup/local/lib/python3.10/dist-packages/irobot_create_common_bringup/__init__.py
[1.579s] Listing '/home/julien/create3_ws/install/irobot_create_common_bringup/local/lib/python3.10/dist-packages/irobot_create_common_bringup'...
[1.579s] Compiling '/home/julien/create3_ws/install/irobot_create_common_bringup/local/lib/python3.10/dist-packages/irobot_create_common_bringup/__init__.py'...
[1.579s] Compiling '/home/julien/create3_ws/install/irobot_create_common_bringup/local/lib/python3.10/dist-packages/irobot_create_common_bringup/namespace.py'...
[1.579s] Compiling '/home/julien/create3_ws/install/irobot_create_common_bringup/local/lib/python3.10/dist-packages/irobot_create_common_bringup/offset.py'...
[1.585s] -- Installing: /home/julien/create3_ws/install/irobot_create_common_bringup/share/ament_index/resource_index/package_run_dependencies/irobot_create_common_bringup
[1.585s] -- Installing: /home/julien/create3_ws/install/irobot_create_common_bringup/share/ament_index/resource_index/parent_prefix_path/irobot_create_common_bringup
[1.585s] -- Installing: /home/julien/create3_ws/install/irobot_create_common_bringup/share/irobot_create_common_bringup/environment/ament_prefix_path.sh
[1.586s] -- Installing: /home/julien/create3_ws/install/irobot_create_common_bringup/share/irobot_create_common_bringup/environment/ament_prefix_path.dsv
[1.586s] -- Installing: /home/julien/create3_ws/install/irobot_create_common_bringup/share/irobot_create_common_bringup/environment/path.sh
[1.586s] -- Installing: /home/julien/create3_ws/install/irobot_create_common_bringup/share/irobot_create_common_bringup/environment/path.dsv
[1.586s] -- Installing: /home/julien/create3_ws/install/irobot_create_common_bringup/share/irobot_create_common_bringup/local_setup.bash
[1.586s] -- Installing: /home/julien/create3_ws/install/irobot_create_common_bringup/share/irobot_create_common_bringup/local_setup.sh
[1.586s] -- Installing: /home/julien/create3_ws/install/irobot_create_common_bringup/share/irobot_create_common_bringup/local_setup.zsh
[1.586s] -- Installing: /home/julien/create3_ws/install/irobot_create_common_bringup/share/irobot_create_common_bringup/local_setup.dsv
[1.587s] -- Installing: /home/julien/create3_ws/install/irobot_create_common_bringup/share/irobot_create_common_bringup/package.dsv
[1.587s] -- Installing: /home/julien/create3_ws/install/irobot_create_common_bringup/share/ament_index/resource_index/packages/irobot_create_common_bringup
[1.587s] -- Installing: /home/julien/create3_ws/install/irobot_create_common_bringup/share/irobot_create_common_bringup/cmake/irobot_create_common_bringupConfig.cmake
[1.587s] -- Installing: /home/julien/create3_ws/install/irobot_create_common_bringup/share/irobot_create_common_bringup/cmake/irobot_create_common_bringupConfig-version.cmake
[1.587s] -- Installing: /home/julien/create3_ws/install/irobot_create_common_bringup/share/irobot_create_common_bringup/package.xml
[1.591s] Invoked command in '/home/julien/create3_ws/build/irobot_create_common_bringup' returned '0': AMENT_PREFIX_PATH=/home/julien/create3_ws/install/irobot_create_nodes:/home/julien/create3_ws/install/irobot_create_toolbox:/home/julien/create3_ws/install/irobot_create_description:/home/julien/create3_ws/install/irobot_create_control:${AMENT_PREFIX_PATH} CMAKE_PREFIX_PATH=/home/julien/create3_ws/install/irobot_create_nodes:/home/julien/create3_ws/install/irobot_create_toolbox:/home/julien/create3_ws/install/irobot_create_description:/home/julien/create3_ws/install/irobot_create_control:/opt/ros/humble LD_LIBRARY_PATH=/home/julien/create3_ws/install/irobot_create_nodes/lib:/home/julien/create3_ws/install/irobot_create_toolbox/lib:${LD_LIBRARY_PATH} /usr/bin/cmake --install /home/julien/create3_ws/build/irobot_create_common_bringup
