[0.016s] Invoking command in '/home/julien/create3_ws/build/irobot_create_gazebo_sim': AMENT_PREFIX_PATH=/home/julien/create3_ws/install/irobot_create_gazebo_bringup:/home/julien/create3_ws/install/irobot_create_common_bringup:/home/julien/create3_ws/install/irobot_create_nodes:/home/julien/create3_ws/install/irobot_create_gazebo_plugins:/home/julien/create3_ws/install/irobot_create_toolbox:/home/julien/create3_ws/install/irobot_create_description:/home/julien/create3_ws/install/irobot_create_control:${AMENT_PREFIX_PATH} CMAKE_PREFIX_PATH=/home/julien/create3_ws/install/irobot_create_gazebo_bringup:/home/julien/create3_ws/install/irobot_create_common_bringup:/home/julien/create3_ws/install/irobot_create_nodes:/home/julien/create3_ws/install/irobot_create_gazebo_plugins:/home/julien/create3_ws/install/irobot_create_toolbox:/home/julien/create3_ws/install/irobot_create_description:/home/julien/create3_ws/install/irobot_create_control:/opt/ros/humble LD_LIBRARY_PATH=/home/julien/create3_ws/install/irobot_create_nodes/lib:/home/julien/create3_ws/install/irobot_create_gazebo_plugins/lib:/home/julien/create3_ws/install/irobot_create_toolbox/lib:${LD_LIBRARY_PATH} PYTHONPATH=/home/julien/create3_ws/install/irobot_create_common_bringup/local/lib/python3.10/dist-packages:${PYTHONPATH} /usr/bin/cmake /home/julien/create3_ws/src/create3_sim/irobot_create_gazebo/irobot_create_gazebo_sim -DCMAKE_INSTALL_PREFIX=/home/julien/create3_ws/install/irobot_create_gazebo_sim
[0.072s] -- The C compiler identification is GNU 11.4.0
[0.132s] -- The CXX compiler identification is GNU 11.4.0
[0.138s] -- Detecting C compiler ABI info
[0.202s] -- Detecting C compiler ABI info - done
[0.209s] -- Check for working C compiler: /usr/bin/cc - skipped
[0.210s] -- Detecting C compile features
[0.210s] -- Detecting C compile features - done
[0.213s] -- Detecting CXX compiler ABI info
[0.291s] -- Detecting CXX compiler ABI info - done
[0.299s] -- Check for working CXX compiler: /usr/bin/c++ - skipped
[0.299s] -- Detecting CXX compile features
[0.300s] -- Detecting CXX compile features - done
[0.303s] -- Found ament_cmake: 1.3.10 (/opt/ros/humble/share/ament_cmake/cmake)
[0.460s] -- Found Python3: /usr/bin/python3 (found version "3.10.12") found components: Interpreter 
[0.628s] -- Configuring done
[0.631s] -- Generating done
[0.632s] -- Build files have been written to: /home/julien/create3_ws/build/irobot_create_gazebo_sim
[0.637s] Invoked command in '/home/julien/create3_ws/build/irobot_create_gazebo_sim' returned '0': AMENT_PREFIX_PATH=/home/julien/create3_ws/install/irobot_create_gazebo_bringup:/home/julien/create3_ws/install/irobot_create_common_bringup:/home/julien/create3_ws/install/irobot_create_nodes:/home/julien/create3_ws/install/irobot_create_gazebo_plugins:/home/julien/create3_ws/install/irobot_create_toolbox:/home/julien/create3_ws/install/irobot_create_description:/home/julien/create3_ws/install/irobot_create_control:${AMENT_PREFIX_PATH} CMAKE_PREFIX_PATH=/home/julien/create3_ws/install/irobot_create_gazebo_bringup:/home/julien/create3_ws/install/irobot_create_common_bringup:/home/julien/create3_ws/install/irobot_create_nodes:/home/julien/create3_ws/install/irobot_create_gazebo_plugins:/home/julien/create3_ws/install/irobot_create_toolbox:/home/julien/create3_ws/install/irobot_create_description:/home/julien/create3_ws/install/irobot_create_control:/opt/ros/humble LD_LIBRARY_PATH=/home/julien/create3_ws/install/irobot_create_nodes/lib:/home/julien/create3_ws/install/irobot_create_gazebo_plugins/lib:/home/julien/create3_ws/install/irobot_create_toolbox/lib:${LD_LIBRARY_PATH} PYTHONPATH=/home/julien/create3_ws/install/irobot_create_common_bringup/local/lib/python3.10/dist-packages:${PYTHONPATH} /usr/bin/cmake /home/julien/create3_ws/src/create3_sim/irobot_create_gazebo/irobot_create_gazebo_sim -DCMAKE_INSTALL_PREFIX=/home/julien/create3_ws/install/irobot_create_gazebo_sim
[0.637s] Invoking command in '/home/julien/create3_ws/build/irobot_create_gazebo_sim': AMENT_PREFIX_PATH=/home/julien/create3_ws/install/irobot_create_gazebo_bringup:/home/julien/create3_ws/install/irobot_create_common_bringup:/home/julien/create3_ws/install/irobot_create_nodes:/home/julien/create3_ws/install/irobot_create_gazebo_plugins:/home/julien/create3_ws/install/irobot_create_toolbox:/home/julien/create3_ws/install/irobot_create_description:/home/julien/create3_ws/install/irobot_create_control:${AMENT_PREFIX_PATH} CMAKE_PREFIX_PATH=/home/julien/create3_ws/install/irobot_create_gazebo_bringup:/home/julien/create3_ws/install/irobot_create_common_bringup:/home/julien/create3_ws/install/irobot_create_nodes:/home/julien/create3_ws/install/irobot_create_gazebo_plugins:/home/julien/create3_ws/install/irobot_create_toolbox:/home/julien/create3_ws/install/irobot_create_description:/home/julien/create3_ws/install/irobot_create_control:/opt/ros/humble LD_LIBRARY_PATH=/home/julien/create3_ws/install/irobot_create_nodes/lib:/home/julien/create3_ws/install/irobot_create_gazebo_plugins/lib:/home/julien/create3_ws/install/irobot_create_toolbox/lib:${LD_LIBRARY_PATH} PYTHONPATH=/home/julien/create3_ws/install/irobot_create_common_bringup/local/lib/python3.10/dist-packages:${PYTHONPATH} /usr/bin/cmake --build /home/julien/create3_ws/build/irobot_create_gazebo_sim -- -j12 -l12
[0.671s] Invoked command in '/home/julien/create3_ws/build/irobot_create_gazebo_sim' returned '0': AMENT_PREFIX_PATH=/home/julien/create3_ws/install/irobot_create_gazebo_bringup:/home/julien/create3_ws/install/irobot_create_common_bringup:/home/julien/create3_ws/install/irobot_create_nodes:/home/julien/create3_ws/install/irobot_create_gazebo_plugins:/home/julien/create3_ws/install/irobot_create_toolbox:/home/julien/create3_ws/install/irobot_create_description:/home/julien/create3_ws/install/irobot_create_control:${AMENT_PREFIX_PATH} CMAKE_PREFIX_PATH=/home/julien/create3_ws/install/irobot_create_gazebo_bringup:/home/julien/create3_ws/install/irobot_create_common_bringup:/home/julien/create3_ws/install/irobot_create_nodes:/home/julien/create3_ws/install/irobot_create_gazebo_plugins:/home/julien/create3_ws/install/irobot_create_toolbox:/home/julien/create3_ws/install/irobot_create_description:/home/julien/create3_ws/install/irobot_create_control:/opt/ros/humble LD_LIBRARY_PATH=/home/julien/create3_ws/install/irobot_create_nodes/lib:/home/julien/create3_ws/install/irobot_create_gazebo_plugins/lib:/home/julien/create3_ws/install/irobot_create_toolbox/lib:${LD_LIBRARY_PATH} PYTHONPATH=/home/julien/create3_ws/install/irobot_create_common_bringup/local/lib/python3.10/dist-packages:${PYTHONPATH} /usr/bin/cmake --build /home/julien/create3_ws/build/irobot_create_gazebo_sim -- -j12 -l12
[0.691s] Invoking command in '/home/julien/create3_ws/build/irobot_create_gazebo_sim': AMENT_PREFIX_PATH=/home/julien/create3_ws/install/irobot_create_gazebo_bringup:/home/julien/create3_ws/install/irobot_create_common_bringup:/home/julien/create3_ws/install/irobot_create_nodes:/home/julien/create3_ws/install/irobot_create_gazebo_plugins:/home/julien/create3_ws/install/irobot_create_toolbox:/home/julien/create3_ws/install/irobot_create_description:/home/julien/create3_ws/install/irobot_create_control:${AMENT_PREFIX_PATH} CMAKE_PREFIX_PATH=/home/julien/create3_ws/install/irobot_create_gazebo_bringup:/home/julien/create3_ws/install/irobot_create_common_bringup:/home/julien/create3_ws/install/irobot_create_nodes:/home/julien/create3_ws/install/irobot_create_gazebo_plugins:/home/julien/create3_ws/install/irobot_create_toolbox:/home/julien/create3_ws/install/irobot_create_description:/home/julien/create3_ws/install/irobot_create_control:/opt/ros/humble LD_LIBRARY_PATH=/home/julien/create3_ws/install/irobot_create_nodes/lib:/home/julien/create3_ws/install/irobot_create_gazebo_plugins/lib:/home/julien/create3_ws/install/irobot_create_toolbox/lib:${LD_LIBRARY_PATH} PYTHONPATH=/home/julien/create3_ws/install/irobot_create_common_bringup/local/lib/python3.10/dist-packages:${PYTHONPATH} /usr/bin/cmake --install /home/julien/create3_ws/build/irobot_create_gazebo_sim
[0.698s] -- Install configuration: ""
[0.699s] -- Installing: /home/julien/create3_ws/install/irobot_create_gazebo_sim/share/ament_index/resource_index/package_run_dependencies/irobot_create_gazebo_sim
[0.699s] -- Installing: /home/julien/create3_ws/install/irobot_create_gazebo_sim/share/ament_index/resource_index/parent_prefix_path/irobot_create_gazebo_sim
[0.699s] -- Installing: /home/julien/create3_ws/install/irobot_create_gazebo_sim/share/irobot_create_gazebo_sim/environment/ament_prefix_path.sh
[0.699s] -- Installing: /home/julien/create3_ws/install/irobot_create_gazebo_sim/share/irobot_create_gazebo_sim/environment/ament_prefix_path.dsv
[0.699s] -- Installing: /home/julien/create3_ws/install/irobot_create_gazebo_sim/share/irobot_create_gazebo_sim/environment/path.sh
[0.699s] -- Installing: /home/julien/create3_ws/install/irobot_create_gazebo_sim/share/irobot_create_gazebo_sim/environment/path.dsv
[0.699s] -- Installing: /home/julien/create3_ws/install/irobot_create_gazebo_sim/share/irobot_create_gazebo_sim/local_setup.bash
[0.700s] -- Installing: /home/julien/create3_ws/install/irobot_create_gazebo_sim/share/irobot_create_gazebo_sim/local_setup.sh
[0.700s] -- Installing: /home/julien/create3_ws/install/irobot_create_gazebo_sim/share/irobot_create_gazebo_sim/local_setup.zsh
[0.700s] -- Installing: /home/julien/create3_ws/install/irobot_create_gazebo_sim/share/irobot_create_gazebo_sim/local_setup.dsv
[0.700s] -- Installing: /home/julien/create3_ws/install/irobot_create_gazebo_sim/share/irobot_create_gazebo_sim/package.dsv
[0.700s] -- Installing: /home/julien/create3_ws/install/irobot_create_gazebo_sim/share/ament_index/resource_index/packages/irobot_create_gazebo_sim
[0.700s] -- Installing: /home/julien/create3_ws/install/irobot_create_gazebo_sim/share/irobot_create_gazebo_sim/cmake/irobot_create_gazebo_simConfig.cmake
[0.700s] -- Installing: /home/julien/create3_ws/install/irobot_create_gazebo_sim/share/irobot_create_gazebo_sim/cmake/irobot_create_gazebo_simConfig-version.cmake
[0.700s] -- Installing: /home/julien/create3_ws/install/irobot_create_gazebo_sim/share/irobot_create_gazebo_sim/package.xml
[0.703s] Invoked command in '/home/julien/create3_ws/build/irobot_create_gazebo_sim' returned '0': AMENT_PREFIX_PATH=/home/julien/create3_ws/install/irobot_create_gazebo_bringup:/home/julien/create3_ws/install/irobot_create_common_bringup:/home/julien/create3_ws/install/irobot_create_nodes:/home/julien/create3_ws/install/irobot_create_gazebo_plugins:/home/julien/create3_ws/install/irobot_create_toolbox:/home/julien/create3_ws/install/irobot_create_description:/home/julien/create3_ws/install/irobot_create_control:${AMENT_PREFIX_PATH} CMAKE_PREFIX_PATH=/home/julien/create3_ws/install/irobot_create_gazebo_bringup:/home/julien/create3_ws/install/irobot_create_common_bringup:/home/julien/create3_ws/install/irobot_create_nodes:/home/julien/create3_ws/install/irobot_create_gazebo_plugins:/home/julien/create3_ws/install/irobot_create_toolbox:/home/julien/create3_ws/install/irobot_create_description:/home/julien/create3_ws/install/irobot_create_control:/opt/ros/humble LD_LIBRARY_PATH=/home/julien/create3_ws/install/irobot_create_nodes/lib:/home/julien/create3_ws/install/irobot_create_gazebo_plugins/lib:/home/julien/create3_ws/install/irobot_create_toolbox/lib:${LD_LIBRARY_PATH} PYTHONPATH=/home/julien/create3_ws/install/irobot_create_common_bringup/local/lib/python3.10/dist-packages:${PYTHONPATH} /usr/bin/cmake --install /home/julien/create3_ws/build/irobot_create_gazebo_sim
