[0.028s] Invoking command in '/home/julien/create3_ws/build/irobot_create_ignition_plugins': CMAKE_PREFIX_PATH=${CMAKE_PREFIX_PATH}:/home/julien/create3_ws/install/create3_controller:/opt/ros/humble /usr/bin/cmake --build /home/julien/create3_ws/build/irobot_create_ignition_plugins -- -j12 -l12
[0.091s] [ 16%] [34m[1mAutomatic MOC for target Create3Hmi[0m
[0.117s] [ 16%] Built target Create3Hmi_autogen
[0.133s] [35m[1mConsolidate compiler generated dependencies of target Create3Hmi[0m
[0.165s] [100%] Built target Create3Hmi
[0.358s] Invoked command in '/home/julien/create3_ws/build/irobot_create_ignition_plugins' returned '0': CMAKE_PREFIX_PATH=${CMAKE_PREFIX_PATH}:/home/julien/create3_ws/install/create3_controller:/opt/ros/humble /usr/bin/cmake --build /home/julien/create3_ws/build/irobot_create_ignition_plugins -- -j12 -l12
[0.394s] Invoking command in '/home/julien/create3_ws/build/irobot_create_ignition_plugins': CMAKE_PREFIX_PATH=${CMAKE_PREFIX_PATH}:/home/julien/create3_ws/install/create3_controller:/opt/ros/humble /usr/bin/cmake --install /home/julien/create3_ws/build/irobot_create_ignition_plugins
[0.419s] -- Install configuration: ""
[0.419s] -- Up-to-date: /home/julien/create3_ws/install/irobot_create_ignition_plugins/share/ament_index/resource_index/package_run_dependencies/irobot_create_ignition_plugins
[0.422s] -- Up-to-date: /home/julien/create3_ws/install/irobot_create_ignition_plugins/share/ament_index/resource_index/parent_prefix_path/irobot_create_ignition_plugins
[0.422s] -- Up-to-date: /home/julien/create3_ws/install/irobot_create_ignition_plugins/share/irobot_create_ignition_plugins/environment/ament_prefix_path.sh
[0.423s] -- Up-to-date: /home/julien/create3_ws/install/irobot_create_ignition_plugins/share/irobot_create_ignition_plugins/environment/ament_prefix_path.dsv
[0.423s] -- Up-to-date: /home/julien/create3_ws/install/irobot_create_ignition_plugins/share/irobot_create_ignition_plugins/environment/path.sh
[0.424s] -- Up-to-date: /home/julien/create3_ws/install/irobot_create_ignition_plugins/share/irobot_create_ignition_plugins/environment/path.dsv
[0.426s] -- Up-to-date: /home/julien/create3_ws/install/irobot_create_ignition_plugins/share/irobot_create_ignition_plugins/local_setup.bash
[0.426s] -- Up-to-date: /home/julien/create3_ws/install/irobot_create_ignition_plugins/share/irobot_create_ignition_plugins/local_setup.sh
[0.426s] -- Up-to-date: /home/julien/create3_ws/install/irobot_create_ignition_plugins/share/irobot_create_ignition_plugins/local_setup.zsh
[0.426s] -- Up-to-date: /home/julien/create3_ws/install/irobot_create_ignition_plugins/share/irobot_create_ignition_plugins/local_setup.dsv
[0.426s] -- Installing: /home/julien/create3_ws/install/irobot_create_ignition_plugins/share/irobot_create_ignition_plugins/package.dsv
[0.426s] -- Up-to-date: /home/julien/create3_ws/install/irobot_create_ignition_plugins/share/ament_index/resource_index/packages/irobot_create_ignition_plugins
[0.427s] -- Up-to-date: /home/julien/create3_ws/install/irobot_create_ignition_plugins/share/irobot_create_ignition_plugins/cmake/irobot_create_ignition_pluginsConfig.cmake
[0.427s] -- Up-to-date: /home/julien/create3_ws/install/irobot_create_ignition_plugins/share/irobot_create_ignition_plugins/cmake/irobot_create_ignition_pluginsConfig-version.cmake
[0.427s] -- Up-to-date: /home/julien/create3_ws/install/irobot_create_ignition_plugins/share/irobot_create_ignition_plugins/package.xml
[0.427s] -- Up-to-date: /home/julien/create3_ws/install/irobot_create_ignition_plugins/share/irobot_create_ignition_plugins/lib/libCreate3Hmi.so
[0.438s] Invoked command in '/home/julien/create3_ws/build/irobot_create_ignition_plugins' returned '0': CMAKE_PREFIX_PATH=${CMAKE_PREFIX_PATH}:/home/julien/create3_ws/install/create3_controller:/opt/ros/humble /usr/bin/cmake --install /home/julien/create3_ws/build/irobot_create_ignition_plugins
