[0.993s] Invoking command in '/home/julien/create3_ws/src/create3_controller': PYTHONPATH=/home/julien/create3_ws/build/create3_controller/prefix_override:/usr/lib/python3/dist-packages/colcon_core/task/python/colcon_distutils_commands:/home/julien/create3_ws/install/create3_controller/lib/python3.10/site-packages:${PYTHONPATH} /usr/bin/python3 -W ignore:setup.py install is deprecated setup.py egg_info --egg-base ../../build/create3_controller build --build-base /home/julien/create3_ws/build/create3_controller/build install --record /home/julien/create3_ws/build/create3_controller/install.log --single-version-externally-managed install_data
[1.357s] running egg_info
[1.358s] writing ../../build/create3_controller/create3_controller.egg-info/PKG-INFO
[1.358s] writing dependency_links to ../../build/create3_controller/create3_controller.egg-info/dependency_links.txt
[1.358s] writing entry points to ../../build/create3_controller/create3_controller.egg-info/entry_points.txt
[1.358s] writing requirements to ../../build/create3_controller/create3_controller.egg-info/requires.txt
[1.358s] writing top-level names to ../../build/create3_controller/create3_controller.egg-info/top_level.txt
[1.360s] reading manifest file '../../build/create3_controller/create3_controller.egg-info/SOURCES.txt'
[1.361s] writing manifest file '../../build/create3_controller/create3_controller.egg-info/SOURCES.txt'
[1.362s] running build
[1.362s] running build_py
[1.362s] copying create3_controller/move_robot.py -> /home/julien/create3_ws/build/create3_controller/build/lib/create3_controller
[1.362s] copying create3_controller/dock_node.py -> /home/julien/create3_ws/build/create3_controller/build/lib/create3_controller
[1.362s] running install
[1.363s] running install_lib
[1.363s] copying /home/julien/create3_ws/build/create3_controller/build/lib/create3_controller/move_robot.py -> /home/julien/create3_ws/install/create3_controller/lib/python3.10/site-packages/create3_controller
[1.364s] copying /home/julien/create3_ws/build/create3_controller/build/lib/create3_controller/dock_node.py -> /home/julien/create3_ws/install/create3_controller/lib/python3.10/site-packages/create3_controller
[1.364s] byte-compiling /home/julien/create3_ws/install/create3_controller/lib/python3.10/site-packages/create3_controller/move_robot.py to move_robot.cpython-310.pyc
[1.366s] byte-compiling /home/julien/create3_ws/install/create3_controller/lib/python3.10/site-packages/create3_controller/dock_node.py to dock_node.cpython-310.pyc
[1.366s] running install_data
[1.366s] running install_egg_info
[1.368s] removing '/home/julien/create3_ws/install/create3_controller/lib/python3.10/site-packages/create3_controller-0.0.0-py3.10.egg-info' (and everything under it)
[1.369s] Copying ../../build/create3_controller/create3_controller.egg-info to /home/julien/create3_ws/install/create3_controller/lib/python3.10/site-packages/create3_controller-0.0.0-py3.10.egg-info
[1.370s] running install_scripts
[1.394s] Installing dock_node script to /home/julien/create3_ws/install/create3_controller/lib/create3_controller
[1.394s] Installing move_robot script to /home/julien/create3_ws/install/create3_controller/lib/create3_controller
[1.394s] Installing undock_node script to /home/julien/create3_ws/install/create3_controller/lib/create3_controller
[1.394s] writing list of installed files to '/home/julien/create3_ws/build/create3_controller/install.log'
[1.419s] Invoked command in '/home/julien/create3_ws/src/create3_controller' returned '0': PYTHONPATH=/home/julien/create3_ws/build/create3_controller/prefix_override:/usr/lib/python3/dist-packages/colcon_core/task/python/colcon_distutils_commands:/home/julien/create3_ws/install/create3_controller/lib/python3.10/site-packages:${PYTHONPATH} /usr/bin/python3 -W ignore:setup.py install is deprecated setup.py egg_info --egg-base ../../build/create3_controller build --build-base /home/julien/create3_ws/build/create3_controller/build install --record /home/julien/create3_ws/build/create3_controller/install.log --single-version-externally-managed install_data
