/home/julien/create3_ws/install/create3_controller/lib/python3.10/site-packages/create3_controller/undock_node.py
/home/julien/create3_ws/install/create3_controller/lib/python3.10/site-packages/create3_controller/move_robot.py
/home/julien/create3_ws/install/create3_controller/lib/python3.10/site-packages/create3_controller/__init__.py
/home/julien/create3_ws/install/create3_controller/lib/python3.10/site-packages/create3_controller/dock_node.py
/home/julien/create3_ws/install/create3_controller/lib/python3.10/site-packages/create3_controller/__pycache__/undock_node.cpython-310.pyc
/home/julien/create3_ws/install/create3_controller/lib/python3.10/site-packages/create3_controller/__pycache__/move_robot.cpython-310.pyc
/home/julien/create3_ws/install/create3_controller/lib/python3.10/site-packages/create3_controller/__pycache__/__init__.cpython-310.pyc
/home/julien/create3_ws/install/create3_controller/lib/python3.10/site-packages/create3_controller/__pycache__/dock_node.cpython-310.pyc
/home/julien/create3_ws/install/create3_controller/share/ament_index/resource_index/packages/create3_controller
/home/julien/create3_ws/install/create3_controller/share/create3_controller/package.xml
/home/julien/create3_ws/install/create3_controller/share/create3_controller/config/goal.yaml
/home/julien/create3_ws/install/create3_controller/lib/python3.10/site-packages/create3_controller-0.0.0-py3.10.egg-info/PKG-INFO
/home/julien/create3_ws/install/create3_controller/lib/python3.10/site-packages/create3_controller-0.0.0-py3.10.egg-info/entry_points.txt
/home/julien/create3_ws/install/create3_controller/lib/python3.10/site-packages/create3_controller-0.0.0-py3.10.egg-info/top_level.txt
/home/julien/create3_ws/install/create3_controller/lib/python3.10/site-packages/create3_controller-0.0.0-py3.10.egg-info/dependency_links.txt
/home/julien/create3_ws/install/create3_controller/lib/python3.10/site-packages/create3_controller-0.0.0-py3.10.egg-info/SOURCES.txt
/home/julien/create3_ws/install/create3_controller/lib/python3.10/site-packages/create3_controller-0.0.0-py3.10.egg-info/zip-safe
/home/julien/create3_ws/install/create3_controller/lib/python3.10/site-packages/create3_controller-0.0.0-py3.10.egg-info/requires.txt
/home/julien/create3_ws/install/create3_controller/lib/create3_controller/dock_node
/home/julien/create3_ws/install/create3_controller/lib/create3_controller/move_robot
/home/julien/create3_ws/install/create3_controller/lib/create3_controller/undock_node
