[0.025s] Invoking command in '/home/julien/create3_ws/build/irobot_create_ignition_bringup': AMENT_PREFIX_PATH=/home/julien/create3_ws/install/irobot_create_common_bringup:/home/julien/create3_ws/install/irobot_create_nodes:/home/julien/create3_ws/install/irobot_create_ignition_toolbox:/home/julien/create3_ws/install/irobot_create_toolbox:/home/julien/create3_ws/install/irobot_create_ignition_plugins:/home/julien/create3_ws/install/irobot_create_description:/home/julien/create3_ws/install/irobot_create_control:${AMENT_PREFIX_PATH} CMAKE_PREFIX_PATH=/home/julien/create3_ws/install/irobot_create_common_bringup:/home/julien/create3_ws/install/irobot_create_nodes:/home/julien/create3_ws/install/irobot_create_ignition_toolbox:/home/julien/create3_ws/install/irobot_create_toolbox:/home/julien/create3_ws/install/irobot_create_ignition_plugins:/home/julien/create3_ws/install/irobot_create_description:/home/julien/create3_ws/install/irobot_create_control:/opt/ros/humble LD_LIBRARY_PATH=/home/julien/create3_ws/install/irobot_create_nodes/lib:/home/julien/create3_ws/install/irobot_create_ignition_toolbox/lib:/home/julien/create3_ws/install/irobot_create_toolbox/lib:${LD_LIBRARY_PATH} PYTHONPATH=/home/julien/create3_ws/install/irobot_create_common_bringup/local/lib/python3.10/dist-packages:${PYTHONPATH} /usr/bin/cmake /home/julien/create3_ws/src/create3_sim/irobot_create_ignition/irobot_create_ignition_bringup -DCMAKE_INSTALL_PREFIX=/home/julien/create3_ws/install/irobot_create_ignition_bringup
[0.136s] -- The C compiler identification is GNU 11.4.0
[0.237s] -- The CXX compiler identification is GNU 11.4.0
[0.252s] -- Detecting C compiler ABI info
[0.377s] -- Detecting C compiler ABI info - done
[0.397s] -- Check for working C compiler: /usr/bin/cc - skipped
[0.397s] -- Detecting C compile features
[0.398s] -- Detecting C compile features - done
[0.405s] -- Detecting CXX compiler ABI info
[0.526s] -- Detecting CXX compiler ABI info - done
[0.540s] -- Check for working CXX compiler: /usr/bin/c++ - skipped
[0.540s] -- Detecting CXX compile features
[0.541s] -- Detecting CXX compile features - done
[0.546s] -- Found ament_cmake: 1.3.10 (/opt/ros/humble/share/ament_cmake/cmake)
[0.768s] -- Found Python3: /usr/bin/python3 (found version "3.10.12") found components: Interpreter 
[0.969s] -- Found rosidl_generator_c: 3.1.5 (/opt/ros/humble/share/rosidl_generator_c/cmake)
[0.979s] -- Found rosidl_adapter: 3.1.5 (/opt/ros/humble/share/rosidl_adapter/cmake)
[0.994s] -- Found rosidl_generator_cpp: 3.1.5 (/opt/ros/humble/share/rosidl_generator_cpp/cmake)
[1.015s] -- Using all available rosidl_typesupport_c: rosidl_typesupport_fastrtps_c;rosidl_typesupport_introspection_c
[1.043s] -- Using all available rosidl_typesupport_cpp: rosidl_typesupport_fastrtps_cpp;rosidl_typesupport_introspection_cpp
[1.192s] -- Found ament_lint_auto: 0.12.11 (/opt/ros/humble/share/ament_lint_auto/cmake)
[1.311s] -- Added test 'flake8' to check Python code syntax and style conventions
[1.312s] -- Added test 'lint_cmake' to check CMake code style
[1.313s] -- Added test 'pep257' to check Python code against some of the docstring style conventions in PEP 257
[1.315s] -- Added test 'xmllint' to check XML markup files
[1.318s] -- Configuring done
[1.325s] -- Generating done
[1.328s] -- Build files have been written to: /home/julien/create3_ws/build/irobot_create_ignition_bringup
[1.340s] Invoked command in '/home/julien/create3_ws/build/irobot_create_ignition_bringup' returned '0': AMENT_PREFIX_PATH=/home/julien/create3_ws/install/irobot_create_common_bringup:/home/julien/create3_ws/install/irobot_create_nodes:/home/julien/create3_ws/install/irobot_create_ignition_toolbox:/home/julien/create3_ws/install/irobot_create_toolbox:/home/julien/create3_ws/install/irobot_create_ignition_plugins:/home/julien/create3_ws/install/irobot_create_description:/home/julien/create3_ws/install/irobot_create_control:${AMENT_PREFIX_PATH} CMAKE_PREFIX_PATH=/home/julien/create3_ws/install/irobot_create_common_bringup:/home/julien/create3_ws/install/irobot_create_nodes:/home/julien/create3_ws/install/irobot_create_ignition_toolbox:/home/julien/create3_ws/install/irobot_create_toolbox:/home/julien/create3_ws/install/irobot_create_ignition_plugins:/home/julien/create3_ws/install/irobot_create_description:/home/julien/create3_ws/install/irobot_create_control:/opt/ros/humble LD_LIBRARY_PATH=/home/julien/create3_ws/install/irobot_create_nodes/lib:/home/julien/create3_ws/install/irobot_create_ignition_toolbox/lib:/home/julien/create3_ws/install/irobot_create_toolbox/lib:${LD_LIBRARY_PATH} PYTHONPATH=/home/julien/create3_ws/install/irobot_create_common_bringup/local/lib/python3.10/dist-packages:${PYTHONPATH} /usr/bin/cmake /home/julien/create3_ws/src/create3_sim/irobot_create_ignition/irobot_create_ignition_bringup -DCMAKE_INSTALL_PREFIX=/home/julien/create3_ws/install/irobot_create_ignition_bringup
[1.344s] Invoking command in '/home/julien/create3_ws/build/irobot_create_ignition_bringup': AMENT_PREFIX_PATH=/home/julien/create3_ws/install/irobot_create_common_bringup:/home/julien/create3_ws/install/irobot_create_nodes:/home/julien/create3_ws/install/irobot_create_ignition_toolbox:/home/julien/create3_ws/install/irobot_create_toolbox:/home/julien/create3_ws/install/irobot_create_ignition_plugins:/home/julien/create3_ws/install/irobot_create_description:/home/julien/create3_ws/install/irobot_create_control:${AMENT_PREFIX_PATH} CMAKE_PREFIX_PATH=/home/julien/create3_ws/install/irobot_create_common_bringup:/home/julien/create3_ws/install/irobot_create_nodes:/home/julien/create3_ws/install/irobot_create_ignition_toolbox:/home/julien/create3_ws/install/irobot_create_toolbox:/home/julien/create3_ws/install/irobot_create_ignition_plugins:/home/julien/create3_ws/install/irobot_create_description:/home/julien/create3_ws/install/irobot_create_control:/opt/ros/humble LD_LIBRARY_PATH=/home/julien/create3_ws/install/irobot_create_nodes/lib:/home/julien/create3_ws/install/irobot_create_ignition_toolbox/lib:/home/julien/create3_ws/install/irobot_create_toolbox/lib:${LD_LIBRARY_PATH} PYTHONPATH=/home/julien/create3_ws/install/irobot_create_common_bringup/local/lib/python3.10/dist-packages:${PYTHONPATH} /usr/bin/cmake --build /home/julien/create3_ws/build/irobot_create_ignition_bringup -- -j12 -l12
[1.409s] Invoked command in '/home/julien/create3_ws/build/irobot_create_ignition_bringup' returned '0': AMENT_PREFIX_PATH=/home/julien/create3_ws/install/irobot_create_common_bringup:/home/julien/create3_ws/install/irobot_create_nodes:/home/julien/create3_ws/install/irobot_create_ignition_toolbox:/home/julien/create3_ws/install/irobot_create_toolbox:/home/julien/create3_ws/install/irobot_create_ignition_plugins:/home/julien/create3_ws/install/irobot_create_description:/home/julien/create3_ws/install/irobot_create_control:${AMENT_PREFIX_PATH} CMAKE_PREFIX_PATH=/home/julien/create3_ws/install/irobot_create_common_bringup:/home/julien/create3_ws/install/irobot_create_nodes:/home/julien/create3_ws/install/irobot_create_ignition_toolbox:/home/julien/create3_ws/install/irobot_create_toolbox:/home/julien/create3_ws/install/irobot_create_ignition_plugins:/home/julien/create3_ws/install/irobot_create_description:/home/julien/create3_ws/install/irobot_create_control:/opt/ros/humble LD_LIBRARY_PATH=/home/julien/create3_ws/install/irobot_create_nodes/lib:/home/julien/create3_ws/install/irobot_create_ignition_toolbox/lib:/home/julien/create3_ws/install/irobot_create_toolbox/lib:${LD_LIBRARY_PATH} PYTHONPATH=/home/julien/create3_ws/install/irobot_create_common_bringup/local/lib/python3.10/dist-packages:${PYTHONPATH} /usr/bin/cmake --build /home/julien/create3_ws/build/irobot_create_ignition_bringup -- -j12 -l12
[1.446s] Invoking command in '/home/julien/create3_ws/build/irobot_create_ignition_bringup': AMENT_PREFIX_PATH=/home/julien/create3_ws/install/irobot_create_common_bringup:/home/julien/create3_ws/install/irobot_create_nodes:/home/julien/create3_ws/install/irobot_create_ignition_toolbox:/home/julien/create3_ws/install/irobot_create_toolbox:/home/julien/create3_ws/install/irobot_create_ignition_plugins:/home/julien/create3_ws/install/irobot_create_description:/home/julien/create3_ws/install/irobot_create_control:${AMENT_PREFIX_PATH} CMAKE_PREFIX_PATH=/home/julien/create3_ws/install/irobot_create_common_bringup:/home/julien/create3_ws/install/irobot_create_nodes:/home/julien/create3_ws/install/irobot_create_ignition_toolbox:/home/julien/create3_ws/install/irobot_create_toolbox:/home/julien/create3_ws/install/irobot_create_ignition_plugins:/home/julien/create3_ws/install/irobot_create_description:/home/julien/create3_ws/install/irobot_create_control:/opt/ros/humble LD_LIBRARY_PATH=/home/julien/create3_ws/install/irobot_create_nodes/lib:/home/julien/create3_ws/install/irobot_create_ignition_toolbox/lib:/home/julien/create3_ws/install/irobot_create_toolbox/lib:${LD_LIBRARY_PATH} PYTHONPATH=/home/julien/create3_ws/install/irobot_create_common_bringup/local/lib/python3.10/dist-packages:${PYTHONPATH} /usr/bin/cmake --install /home/julien/create3_ws/build/irobot_create_ignition_bringup
[1.457s] -- Install configuration: ""
[1.458s] -- Installing: /home/julien/create3_ws/install/irobot_create_ignition_bringup/share/irobot_create_ignition_bringup/gui
[1.458s] -- Installing: /home/julien/create3_ws/install/irobot_create_ignition_bringup/share/irobot_create_ignition_bringup/gui/create3
[1.458s] -- Installing: /home/julien/create3_ws/install/irobot_create_ignition_bringup/share/irobot_create_ignition_bringup/gui/create3/gui.config
[1.458s] -- Installing: /home/julien/create3_ws/install/irobot_create_ignition_bringup/share/irobot_create_ignition_bringup/launch
[1.458s] -- Installing: /home/julien/create3_ws/install/irobot_create_ignition_bringup/share/irobot_create_ignition_bringup/launch/create3_spawn.launch.py
[1.459s] -- Installing: /home/julien/create3_ws/install/irobot_create_ignition_bringup/share/irobot_create_ignition_bringup/launch/create3_ignition_nodes.launch.py
[1.459s] -- Installing: /home/julien/create3_ws/install/irobot_create_ignition_bringup/share/irobot_create_ignition_bringup/launch/create3_ignition.launch.py
[1.459s] -- Installing: /home/julien/create3_ws/install/irobot_create_ignition_bringup/share/irobot_create_ignition_bringup/launch/create3_ros_ignition_bridge.launch.py
[1.459s] -- Installing: /home/julien/create3_ws/install/irobot_create_ignition_bringup/share/irobot_create_ignition_bringup/launch/ignition.launch.py
[1.459s] -- Installing: /home/julien/create3_ws/install/irobot_create_ignition_bringup/share/irobot_create_ignition_bringup/worlds
[1.460s] -- Installing: /home/julien/create3_ws/install/irobot_create_ignition_bringup/share/irobot_create_ignition_bringup/worlds/maze.sdf
[1.460s] -- Installing: /home/julien/create3_ws/install/irobot_create_ignition_bringup/share/irobot_create_ignition_bringup/worlds/depot.sdf
[1.460s] -- Installing: /home/julien/create3_ws/install/irobot_create_ignition_bringup/share/irobot_create_ignition_bringup/config
[1.460s] -- Installing: /home/julien/create3_ws/install/irobot_create_ignition_bringup/share/irobot_create_ignition_bringup/config/sensors_params.yaml
[1.460s] -- Installing: /home/julien/create3_ws/install/irobot_create_ignition_bringup/share/irobot_create_ignition_bringup/config/pose_republisher_params.yaml
[1.461s] -- Installing: /home/julien/create3_ws/install/irobot_create_ignition_bringup/share/ament_index/resource_index/package_run_dependencies/irobot_create_ignition_bringup
[1.461s] -- Installing: /home/julien/create3_ws/install/irobot_create_ignition_bringup/share/ament_index/resource_index/parent_prefix_path/irobot_create_ignition_bringup
[1.461s] -- Installing: /home/julien/create3_ws/install/irobot_create_ignition_bringup/share/irobot_create_ignition_bringup/environment/ament_prefix_path.sh
[1.461s] -- Installing: /home/julien/create3_ws/install/irobot_create_ignition_bringup/share/irobot_create_ignition_bringup/environment/ament_prefix_path.dsv
[1.461s] -- Installing: /home/julien/create3_ws/install/irobot_create_ignition_bringup/share/irobot_create_ignition_bringup/environment/path.sh
[1.462s] -- Installing: /home/julien/create3_ws/install/irobot_create_ignition_bringup/share/irobot_create_ignition_bringup/environment/path.dsv
[1.462s] -- Installing: /home/julien/create3_ws/install/irobot_create_ignition_bringup/share/irobot_create_ignition_bringup/local_setup.bash
[1.462s] -- Installing: /home/julien/create3_ws/install/irobot_create_ignition_bringup/share/irobot_create_ignition_bringup/local_setup.sh
[1.462s] -- Installing: /home/julien/create3_ws/install/irobot_create_ignition_bringup/share/irobot_create_ignition_bringup/local_setup.zsh
[1.463s] -- Installing: /home/julien/create3_ws/install/irobot_create_ignition_bringup/share/irobot_create_ignition_bringup/local_setup.dsv
[1.463s] -- Installing: /home/julien/create3_ws/install/irobot_create_ignition_bringup/share/irobot_create_ignition_bringup/package.dsv
[1.463s] -- Installing: /home/julien/create3_ws/install/irobot_create_ignition_bringup/share/ament_index/resource_index/packages/irobot_create_ignition_bringup
[1.463s] -- Installing: /home/julien/create3_ws/install/irobot_create_ignition_bringup/share/irobot_create_ignition_bringup/cmake/irobot_create_ignition_bringupConfig.cmake
[1.464s] -- Installing: /home/julien/create3_ws/install/irobot_create_ignition_bringup/share/irobot_create_ignition_bringup/cmake/irobot_create_ignition_bringupConfig-version.cmake
[1.464s] -- Installing: /home/julien/create3_ws/install/irobot_create_ignition_bringup/share/irobot_create_ignition_bringup/package.xml
[1.468s] Invoked command in '/home/julien/create3_ws/build/irobot_create_ignition_bringup' returned '0': AMENT_PREFIX_PATH=/home/julien/create3_ws/install/irobot_create_common_bringup:/home/julien/create3_ws/install/irobot_create_nodes:/home/julien/create3_ws/install/irobot_create_ignition_toolbox:/home/julien/create3_ws/install/irobot_create_toolbox:/home/julien/create3_ws/install/irobot_create_ignition_plugins:/home/julien/create3_ws/install/irobot_create_description:/home/julien/create3_ws/install/irobot_create_control:${AMENT_PREFIX_PATH} CMAKE_PREFIX_PATH=/home/julien/create3_ws/install/irobot_create_common_bringup:/home/julien/create3_ws/install/irobot_create_nodes:/home/julien/create3_ws/install/irobot_create_ignition_toolbox:/home/julien/create3_ws/install/irobot_create_toolbox:/home/julien/create3_ws/install/irobot_create_ignition_plugins:/home/julien/create3_ws/install/irobot_create_description:/home/julien/create3_ws/install/irobot_create_control:/opt/ros/humble LD_LIBRARY_PATH=/home/julien/create3_ws/install/irobot_create_nodes/lib:/home/julien/create3_ws/install/irobot_create_ignition_toolbox/lib:/home/julien/create3_ws/install/irobot_create_toolbox/lib:${LD_LIBRARY_PATH} PYTHONPATH=/home/julien/create3_ws/install/irobot_create_common_bringup/local/lib/python3.10/dist-packages:${PYTHONPATH} /usr/bin/cmake --install /home/julien/create3_ws/build/irobot_create_ignition_bringup
