[0.030s] Invoking command in '/home/julien/create3_ws/build/irobot_create_toolbox': CMAKE_PREFIX_PATH=${CMAKE_PREFIX_PATH}:/home/julien/create3_ws/install/create3_controller:/opt/ros/humble /usr/bin/cmake --build /home/julien/create3_ws/build/irobot_create_toolbox -- -j12 -l12
[0.080s] [35m[1mConsolidate compiler generated dependencies of target irobot_create_toolbox[0m
[0.095s] [100%] Built target irobot_create_toolbox
[0.372s] Invoked command in '/home/julien/create3_ws/build/irobot_create_toolbox' returned '0': CMAKE_PREFIX_PATH=${CMAKE_PREFIX_PATH}:/home/julien/create3_ws/install/create3_controller:/opt/ros/humble /usr/bin/cmake --build /home/julien/create3_ws/build/irobot_create_toolbox -- -j12 -l12
[0.407s] Invoking command in '/home/julien/create3_ws/build/irobot_create_toolbox': CMAKE_PREFIX_PATH=${CMAKE_PREFIX_PATH}:/home/julien/create3_ws/install/create3_controller:/opt/ros/humble /usr/bin/cmake --install /home/julien/create3_ws/build/irobot_create_toolbox
[0.425s] -- Install configuration: ""
[0.426s] -- Up-to-date: /home/julien/create3_ws/install/irobot_create_toolbox/lib/libirobot_create_toolbox.so
[0.427s] -- Up-to-date: /home/julien/create3_ws/install/irobot_create_toolbox/include
[0.429s] -- Up-to-date: /home/julien/create3_ws/install/irobot_create_toolbox/include/irobot_create_toolbox
[0.432s] -- Up-to-date: /home/julien/create3_ws/install/irobot_create_toolbox/include/irobot_create_toolbox/math.hpp
[0.433s] -- Up-to-date: /home/julien/create3_ws/install/irobot_create_toolbox/include/irobot_create_toolbox/sensors
[0.433s] -- Up-to-date: /home/julien/create3_ws/install/irobot_create_toolbox/include/irobot_create_toolbox/sensors/bumpers.hpp
[0.433s] -- Up-to-date: /home/julien/create3_ws/install/irobot_create_toolbox/include/irobot_create_toolbox/polar_coordinates.hpp
[0.434s] -- Up-to-date: /home/julien/create3_ws/install/irobot_create_toolbox/share/irobot_create_toolbox/environment/library_path.sh
[0.435s] -- Up-to-date: /home/julien/create3_ws/install/irobot_create_toolbox/share/irobot_create_toolbox/environment/library_path.dsv
[0.435s] -- Up-to-date: /home/julien/create3_ws/install/irobot_create_toolbox/share/ament_index/resource_index/package_run_dependencies/irobot_create_toolbox
[0.436s] -- Up-to-date: /home/julien/create3_ws/install/irobot_create_toolbox/share/ament_index/resource_index/parent_prefix_path/irobot_create_toolbox
[0.436s] -- Up-to-date: /home/julien/create3_ws/install/irobot_create_toolbox/share/irobot_create_toolbox/environment/ament_prefix_path.sh
[0.436s] -- Up-to-date: /home/julien/create3_ws/install/irobot_create_toolbox/share/irobot_create_toolbox/environment/ament_prefix_path.dsv
[0.437s] -- Up-to-date: /home/julien/create3_ws/install/irobot_create_toolbox/share/irobot_create_toolbox/environment/path.sh
[0.440s] -- Up-to-date: /home/julien/create3_ws/install/irobot_create_toolbox/share/irobot_create_toolbox/environment/path.dsv
[0.441s] -- Up-to-date: /home/julien/create3_ws/install/irobot_create_toolbox/share/irobot_create_toolbox/local_setup.bash
[0.441s] -- Up-to-date: /home/julien/create3_ws/install/irobot_create_toolbox/share/irobot_create_toolbox/local_setup.sh
[0.442s] -- Up-to-date: /home/julien/create3_ws/install/irobot_create_toolbox/share/irobot_create_toolbox/local_setup.zsh
[0.442s] -- Up-to-date: /home/julien/create3_ws/install/irobot_create_toolbox/share/irobot_create_toolbox/local_setup.dsv
[0.442s] -- Installing: /home/julien/create3_ws/install/irobot_create_toolbox/share/irobot_create_toolbox/package.dsv
[0.443s] -- Up-to-date: /home/julien/create3_ws/install/irobot_create_toolbox/share/ament_index/resource_index/packages/irobot_create_toolbox
[0.443s] -- Up-to-date: /home/julien/create3_ws/install/irobot_create_toolbox/share/irobot_create_toolbox/cmake/ament_cmake_export_include_directories-extras.cmake
[0.443s] -- Up-to-date: /home/julien/create3_ws/install/irobot_create_toolbox/share/irobot_create_toolbox/cmake/ament_cmake_export_libraries-extras.cmake
[0.443s] -- Up-to-date: /home/julien/create3_ws/install/irobot_create_toolbox/share/irobot_create_toolbox/cmake/ament_cmake_export_dependencies-extras.cmake
[0.443s] -- Up-to-date: /home/julien/create3_ws/install/irobot_create_toolbox/share/irobot_create_toolbox/cmake/irobot_create_toolboxConfig.cmake
[0.443s] -- Up-to-date: /home/julien/create3_ws/install/irobot_create_toolbox/share/irobot_create_toolbox/cmake/irobot_create_toolboxConfig-version.cmake
[0.443s] -- Up-to-date: /home/julien/create3_ws/install/irobot_create_toolbox/share/irobot_create_toolbox/package.xml
[0.465s] Invoked command in '/home/julien/create3_ws/build/irobot_create_toolbox' returned '0': CMAKE_PREFIX_PATH=${CMAKE_PREFIX_PATH}:/home/julien/create3_ws/install/create3_controller:/opt/ros/humble /usr/bin/cmake --install /home/julien/create3_ws/build/irobot_create_toolbox
