[0.022s] Invoking command in '/home/julien/create3_ws/build/irobot_create_ignition_plugins': CMAKE_PREFIX_PATH=/opt/ros/humble /usr/bin/cmake /home/julien/create3_ws/src/create3_sim/irobot_create_ignition/irobot_create_ignition_plugins -DCMAKE_INSTALL_PREFIX=/home/julien/create3_ws/install/irobot_create_ignition_plugins
[0.086s] -- The C compiler identification is GNU 11.4.0
[0.159s] -- The CXX compiler identification is GNU 11.4.0
[0.168s] -- Detecting C compiler ABI info
[0.255s] -- Detecting C compiler ABI info - done
[0.274s] -- Check for working C compiler: /usr/bin/cc - skipped
[0.274s] -- Detecting C compile features
[0.275s] -- Detecting C compile features - done
[0.281s] -- Detecting CXX compiler ABI info
[0.387s] -- Detecting CXX compiler ABI info - done
[0.406s] -- Check for working CXX compiler: /usr/bin/c++ - skipped
[0.407s] -- Detecting CXX compile features
[0.408s] -- Detecting CXX compile features - done
[0.412s] -- Found ament_cmake: 1.3.10 (/opt/ros/humble/share/ament_cmake/cmake)
[0.598s] -- Found Python3: /usr/bin/python3 (found version "3.10.12") found components: Interpreter 
[1.139s] -- Found Protobuf: /usr/lib/x86_64-linux-gnu/libprotobuf.so (found version "3.12.4") 
[1.247s] -- Found Protobuf: /usr/lib/x86_64-linux-gnu/libprotobuf.so (found suitable version "3.12.4", minimum required is "3") 
[1.880s] -- Found Protobuf: /usr/lib/x86_64-linux-gnu/libprotobuf.so (found version "3.12.4") 
[1.970s] -- Found ament_lint_auto: 0.12.11 (/opt/ros/humble/share/ament_lint_auto/cmake)
[2.047s] -- Added test 'cppcheck' to perform static code analysis on C / C++ code
[2.048s] -- Configured cppcheck include dirs: 
[2.048s] -- Configured cppcheck exclude dirs and/or files: 
[2.049s] -- Added test 'cpplint' to check C / C++ code against the Google style
[2.049s] -- Configured cpplint exclude dirs and/or files: 
[2.050s] -- Added test 'lint_cmake' to check CMake code style
[2.051s] -- Added test 'xmllint' to check XML markup files
[2.053s] -- Configuring done
[2.079s] -- Generating done
[2.082s] -- Build files have been written to: /home/julien/create3_ws/build/irobot_create_ignition_plugins
[2.098s] Invoked command in '/home/julien/create3_ws/build/irobot_create_ignition_plugins' returned '0': CMAKE_PREFIX_PATH=/opt/ros/humble /usr/bin/cmake /home/julien/create3_ws/src/create3_sim/irobot_create_ignition/irobot_create_ignition_plugins -DCMAKE_INSTALL_PREFIX=/home/julien/create3_ws/install/irobot_create_ignition_plugins
[2.100s] Invoking command in '/home/julien/create3_ws/build/irobot_create_ignition_plugins': CMAKE_PREFIX_PATH=/opt/ros/humble /usr/bin/cmake --build /home/julien/create3_ws/build/irobot_create_ignition_plugins -- -j12 -l12
[2.149s] [ 16%] [34m[1mAutomatic MOC for target Create3Hmi[0m
[3.952s] [ 16%] Built target Create3Hmi_autogen
[3.962s] [ 33%] [34m[1mGenerating qrc_Create3Hmi.cpp[0m
[3.988s] [ 66%] [32mBuilding CXX object Create3Hmi/CMakeFiles/Create3Hmi.dir/Create3Hmi.cc.o[0m
[3.988s] [ 66%] [32mBuilding CXX object Create3Hmi/CMakeFiles/Create3Hmi.dir/Create3Hmi_autogen/mocs_compilation.cpp.o[0m
[3.989s] [ 83%] [32mBuilding CXX object Create3Hmi/CMakeFiles/Create3Hmi.dir/qrc_Create3Hmi.cpp.o[0m
[38.116s] [100%] [32m[1mLinking CXX shared library libCreate3Hmi.so[0m
[40.865s] [100%] Built target Create3Hmi
[40.938s] Invoked command in '/home/julien/create3_ws/build/irobot_create_ignition_plugins' returned '0': CMAKE_PREFIX_PATH=/opt/ros/humble /usr/bin/cmake --build /home/julien/create3_ws/build/irobot_create_ignition_plugins -- -j12 -l12
[41.054s] Invoking command in '/home/julien/create3_ws/build/irobot_create_ignition_plugins': CMAKE_PREFIX_PATH=/opt/ros/humble /usr/bin/cmake --install /home/julien/create3_ws/build/irobot_create_ignition_plugins
[41.094s] -- Install configuration: ""
[41.094s] -- Installing: /home/julien/create3_ws/install/irobot_create_ignition_plugins/share/ament_index/resource_index/package_run_dependencies/irobot_create_ignition_plugins
[41.094s] -- Installing: /home/julien/create3_ws/install/irobot_create_ignition_plugins/share/ament_index/resource_index/parent_prefix_path/irobot_create_ignition_plugins
[41.095s] -- Installing: /home/julien/create3_ws/install/irobot_create_ignition_plugins/share/irobot_create_ignition_plugins/environment/ament_prefix_path.sh
[41.095s] -- Installing: /home/julien/create3_ws/install/irobot_create_ignition_plugins/share/irobot_create_ignition_plugins/environment/ament_prefix_path.dsv
[41.095s] -- Installing: /home/julien/create3_ws/install/irobot_create_ignition_plugins/share/irobot_create_ignition_plugins/environment/path.sh
[41.096s] -- Installing: /home/julien/create3_ws/install/irobot_create_ignition_plugins/share/irobot_create_ignition_plugins/environment/path.dsv
[41.096s] -- Installing: /home/julien/create3_ws/install/irobot_create_ignition_plugins/share/irobot_create_ignition_plugins/local_setup.bash
[41.097s] -- Installing: /home/julien/create3_ws/install/irobot_create_ignition_plugins/share/irobot_create_ignition_plugins/local_setup.sh
[41.100s] -- Installing: /home/julien/create3_ws/install/irobot_create_ignition_plugins/share/irobot_create_ignition_plugins/local_setup.zsh
[41.104s] -- Installing: /home/julien/create3_ws/install/irobot_create_ignition_plugins/share/irobot_create_ignition_plugins/local_setup.dsv
[41.105s] -- Installing: /home/julien/create3_ws/install/irobot_create_ignition_plugins/share/irobot_create_ignition_plugins/package.dsv
[41.106s] -- Installing: /home/julien/create3_ws/install/irobot_create_ignition_plugins/share/ament_index/resource_index/packages/irobot_create_ignition_plugins
[41.106s] -- Installing: /home/julien/create3_ws/install/irobot_create_ignition_plugins/share/irobot_create_ignition_plugins/cmake/irobot_create_ignition_pluginsConfig.cmake
[41.106s] -- Installing: /home/julien/create3_ws/install/irobot_create_ignition_plugins/share/irobot_create_ignition_plugins/cmake/irobot_create_ignition_pluginsConfig-version.cmake
[41.106s] -- Installing: /home/julien/create3_ws/install/irobot_create_ignition_plugins/share/irobot_create_ignition_plugins/package.xml
[41.115s] -- Installing: /home/julien/create3_ws/install/irobot_create_ignition_plugins/share/irobot_create_ignition_plugins/lib/libCreate3Hmi.so
[41.121s] Invoked command in '/home/julien/create3_ws/build/irobot_create_ignition_plugins' returned '0': CMAKE_PREFIX_PATH=/opt/ros/humble /usr/bin/cmake --install /home/julien/create3_ws/build/irobot_create_ignition_plugins
