[0.020s] Invoking command in '/home/julien/create3_ws/build/irobot_create_gazebo_plugins': CMAKE_PREFIX_PATH=/home/julien/create3_ws/install/irobot_create_toolbox:/home/julien/create3_ws/install/irobot_create_ignition_sim:/home/julien/create3_ws/install/irobot_create_ignition_bringup:/home/julien/create3_ws/install/irobot_create_gazebo_sim:/home/julien/create3_ws/install/irobot_create_gazebo_bringup:/home/julien/create3_ws/install/irobot_create_common_bringup:/home/julien/create3_ws/install/irobot_create_nodes:/home/julien/create3_ws/install/irobot_create_ignition_toolbox:/home/julien/create3_ws/install/irobot_create_gazebo_plugins:/home/julien/create3_ws/install/irobot_create_ignition_plugins:/home/julien/create3_ws/install/irobot_create_description:/home/julien/create3_ws/install/irobot_create_control:/home/julien/create3_ws/install/create3_controller:/opt/ros/humble LD_LIBRARY_PATH=/home/julien/create3_ws/install/irobot_create_toolbox/lib:/home/julien/create3_ws/install/irobot_create_nodes/lib:/home/julien/create3_ws/install/irobot_create_ignition_toolbox/lib:/home/julien/create3_ws/install/irobot_create_gazebo_plugins/lib:/usr/lib/x86_64-linux-gnu/gazebo-11/plugins:/opt/ros/humble/opt/rviz_ogre_vendor/lib:/opt/ros/humble/lib/x86_64-linux-gnu:/opt/ros/humble/lib /usr/bin/cmake --build /home/julien/create3_ws/build/irobot_create_gazebo_plugins -- -j12 -l12
[0.102s] [35m[1mConsolidate compiler generated dependencies of target gazebo_ros_create_helpers[0m
[0.178s] [ 10%] Built target gazebo_ros_create_helpers
[0.218s] [35m[1mConsolidate compiler generated dependencies of target gazebo_ros_create_imu[0m
[0.220s] [35m[1mConsolidate compiler generated dependencies of target gazebo_ros_create_docking_status[0m
[0.220s] [35m[1mConsolidate compiler generated dependencies of target gazebo_ros_create_ir_intensity_sensor[0m
[0.227s] [35m[1mConsolidate compiler generated dependencies of target gazebo_ros_create_wheel_drop[0m
[0.231s] [35m[1mConsolidate compiler generated dependencies of target gazebo_ros_create_bumper[0m
[0.237s] [35m[1mConsolidate compiler generated dependencies of target gazebo_ros_create_cliff_sensor[0m
[0.238s] [35m[1mConsolidate compiler generated dependencies of target docking_manager[0m
[0.238s] [35m[1mConsolidate compiler generated dependencies of target gazebo_ros_create_optical_mouse[0m
[0.296s] [ 20%] Built target gazebo_ros_create_wheel_drop
[0.308s] [ 40%] Built target gazebo_ros_create_ir_intensity_sensor
[0.309s] [ 40%] Built target gazebo_ros_create_docking_status
[0.311s] [ 55%] Built target docking_manager
[0.312s] [ 60%] Built target gazebo_ros_create_imu
[0.315s] [ 70%] Built target gazebo_ros_create_optical_mouse
[0.333s] [35m[1mConsolidate compiler generated dependencies of target gazebo_ros_create_ir_opcode[0m
[0.334s] [ 80%] Built target gazebo_ros_create_cliff_sensor
[0.338s] [ 90%] Built target gazebo_ros_create_bumper
[0.379s] [100%] Built target gazebo_ros_create_ir_opcode
[0.393s] Invoked command in '/home/julien/create3_ws/build/irobot_create_gazebo_plugins' returned '0': CMAKE_PREFIX_PATH=/home/julien/create3_ws/install/irobot_create_toolbox:/home/julien/create3_ws/install/irobot_create_ignition_sim:/home/julien/create3_ws/install/irobot_create_ignition_bringup:/home/julien/create3_ws/install/irobot_create_gazebo_sim:/home/julien/create3_ws/install/irobot_create_gazebo_bringup:/home/julien/create3_ws/install/irobot_create_common_bringup:/home/julien/create3_ws/install/irobot_create_nodes:/home/julien/create3_ws/install/irobot_create_ignition_toolbox:/home/julien/create3_ws/install/irobot_create_gazebo_plugins:/home/julien/create3_ws/install/irobot_create_ignition_plugins:/home/julien/create3_ws/install/irobot_create_description:/home/julien/create3_ws/install/irobot_create_control:/home/julien/create3_ws/install/create3_controller:/opt/ros/humble LD_LIBRARY_PATH=/home/julien/create3_ws/install/irobot_create_toolbox/lib:/home/julien/create3_ws/install/irobot_create_nodes/lib:/home/julien/create3_ws/install/irobot_create_ignition_toolbox/lib:/home/julien/create3_ws/install/irobot_create_gazebo_plugins/lib:/usr/lib/x86_64-linux-gnu/gazebo-11/plugins:/opt/ros/humble/opt/rviz_ogre_vendor/lib:/opt/ros/humble/lib/x86_64-linux-gnu:/opt/ros/humble/lib /usr/bin/cmake --build /home/julien/create3_ws/build/irobot_create_gazebo_plugins -- -j12 -l12
[0.486s] Invoking command in '/home/julien/create3_ws/build/irobot_create_gazebo_plugins': CMAKE_PREFIX_PATH=/home/julien/create3_ws/install/irobot_create_toolbox:/home/julien/create3_ws/install/irobot_create_ignition_sim:/home/julien/create3_ws/install/irobot_create_ignition_bringup:/home/julien/create3_ws/install/irobot_create_gazebo_sim:/home/julien/create3_ws/install/irobot_create_gazebo_bringup:/home/julien/create3_ws/install/irobot_create_common_bringup:/home/julien/create3_ws/install/irobot_create_nodes:/home/julien/create3_ws/install/irobot_create_ignition_toolbox:/home/julien/create3_ws/install/irobot_create_gazebo_plugins:/home/julien/create3_ws/install/irobot_create_ignition_plugins:/home/julien/create3_ws/install/irobot_create_description:/home/julien/create3_ws/install/irobot_create_control:/home/julien/create3_ws/install/create3_controller:/opt/ros/humble LD_LIBRARY_PATH=/home/julien/create3_ws/install/irobot_create_toolbox/lib:/home/julien/create3_ws/install/irobot_create_nodes/lib:/home/julien/create3_ws/install/irobot_create_ignition_toolbox/lib:/home/julien/create3_ws/install/irobot_create_gazebo_plugins/lib:/usr/lib/x86_64-linux-gnu/gazebo-11/plugins:/opt/ros/humble/opt/rviz_ogre_vendor/lib:/opt/ros/humble/lib/x86_64-linux-gnu:/opt/ros/humble/lib /usr/bin/cmake --install /home/julien/create3_ws/build/irobot_create_gazebo_plugins
[0.495s] -- Install configuration: ""
[0.496s] -- Up-to-date: /home/julien/create3_ws/install/irobot_create_gazebo_plugins/share/irobot_create_gazebo_plugins/environment/library_path.sh
[0.496s] -- Up-to-date: /home/julien/create3_ws/install/irobot_create_gazebo_plugins/share/irobot_create_gazebo_plugins/environment/library_path.dsv
[0.496s] -- Up-to-date: /home/julien/create3_ws/install/irobot_create_gazebo_plugins/include
[0.496s] -- Up-to-date: /home/julien/create3_ws/install/irobot_create_gazebo_plugins/include/irobot_create_gazebo_plugins
[0.496s] -- Up-to-date: /home/julien/create3_ws/install/irobot_create_gazebo_plugins/include/irobot_create_gazebo_plugins/gazebo_ros_optical_mouse.hpp
[0.496s] -- Up-to-date: /home/julien/create3_ws/install/irobot_create_gazebo_plugins/include/irobot_create_gazebo_plugins/docking_manager.hpp
[0.496s] -- Up-to-date: /home/julien/create3_ws/install/irobot_create_gazebo_plugins/include/irobot_create_gazebo_plugins/gazebo_ros_ir_intensity_sensor.hpp
[0.497s] -- Up-to-date: /home/julien/create3_ws/install/irobot_create_gazebo_plugins/include/irobot_create_gazebo_plugins/gazebo_ros_wheel_drop.hpp
[0.497s] -- Up-to-date: /home/julien/create3_ws/install/irobot_create_gazebo_plugins/include/irobot_create_gazebo_plugins/gazebo_ros_ir_opcode.hpp
[0.497s] -- Up-to-date: /home/julien/create3_ws/install/irobot_create_gazebo_plugins/include/irobot_create_gazebo_plugins/gazebo_ros_helpers.hpp
[0.497s] -- Up-to-date: /home/julien/create3_ws/install/irobot_create_gazebo_plugins/include/irobot_create_gazebo_plugins/gazebo_ros_cliff_sensor.hpp
[0.497s] -- Up-to-date: /home/julien/create3_ws/install/irobot_create_gazebo_plugins/include/irobot_create_gazebo_plugins/gazebo_ros_docking_status.hpp
[0.497s] -- Up-to-date: /home/julien/create3_ws/install/irobot_create_gazebo_plugins/include/irobot_create_gazebo_plugins/gazebo_ros_imu.hpp
[0.497s] -- Up-to-date: /home/julien/create3_ws/install/irobot_create_gazebo_plugins/include/irobot_create_gazebo_plugins/gazebo_ros_bumper.hpp
[0.498s] -- Up-to-date: /home/julien/create3_ws/install/irobot_create_gazebo_plugins/lib/libgazebo_ros_create_bumper.so
[0.498s] -- Up-to-date: /home/julien/create3_ws/install/irobot_create_gazebo_plugins/lib/libgazebo_ros_create_cliff_sensor.so
[0.498s] -- Up-to-date: /home/julien/create3_ws/install/irobot_create_gazebo_plugins/lib/libgazebo_ros_create_docking_status.so
[0.498s] -- Up-to-date: /home/julien/create3_ws/install/irobot_create_gazebo_plugins/lib/libgazebo_ros_create_helpers.so
[0.499s] -- Up-to-date: /home/julien/create3_ws/install/irobot_create_gazebo_plugins/lib/libgazebo_ros_create_imu.so
[0.499s] -- Up-to-date: /home/julien/create3_ws/install/irobot_create_gazebo_plugins/lib/libgazebo_ros_create_ir_intensity_sensor.so
[0.499s] -- Up-to-date: /home/julien/create3_ws/install/irobot_create_gazebo_plugins/lib/libgazebo_ros_create_optical_mouse.so
[0.499s] -- Up-to-date: /home/julien/create3_ws/install/irobot_create_gazebo_plugins/lib/libgazebo_ros_create_ir_opcode.so
[0.500s] -- Up-to-date: /home/julien/create3_ws/install/irobot_create_gazebo_plugins/lib/libdocking_manager.so
[0.500s] -- Up-to-date: /home/julien/create3_ws/install/irobot_create_gazebo_plugins/lib/libgazebo_ros_create_wheel_drop.so
[0.501s] -- Up-to-date: /home/julien/create3_ws/install/irobot_create_gazebo_plugins/share/ament_index/resource_index/package_run_dependencies/irobot_create_gazebo_plugins
[0.501s] -- Up-to-date: /home/julien/create3_ws/install/irobot_create_gazebo_plugins/share/ament_index/resource_index/parent_prefix_path/irobot_create_gazebo_plugins
[0.501s] -- Up-to-date: /home/julien/create3_ws/install/irobot_create_gazebo_plugins/share/irobot_create_gazebo_plugins/environment/ament_prefix_path.sh
[0.501s] -- Up-to-date: /home/julien/create3_ws/install/irobot_create_gazebo_plugins/share/irobot_create_gazebo_plugins/environment/ament_prefix_path.dsv
[0.502s] -- Up-to-date: /home/julien/create3_ws/install/irobot_create_gazebo_plugins/share/irobot_create_gazebo_plugins/environment/path.sh
[0.502s] -- Up-to-date: /home/julien/create3_ws/install/irobot_create_gazebo_plugins/share/irobot_create_gazebo_plugins/environment/path.dsv
[0.502s] -- Up-to-date: /home/julien/create3_ws/install/irobot_create_gazebo_plugins/share/irobot_create_gazebo_plugins/local_setup.bash
[0.502s] -- Up-to-date: /home/julien/create3_ws/install/irobot_create_gazebo_plugins/share/irobot_create_gazebo_plugins/local_setup.sh
[0.502s] -- Up-to-date: /home/julien/create3_ws/install/irobot_create_gazebo_plugins/share/irobot_create_gazebo_plugins/local_setup.zsh
[0.502s] -- Up-to-date: /home/julien/create3_ws/install/irobot_create_gazebo_plugins/share/irobot_create_gazebo_plugins/local_setup.dsv
[0.502s] -- Installing: /home/julien/create3_ws/install/irobot_create_gazebo_plugins/share/irobot_create_gazebo_plugins/package.dsv
[0.502s] -- Up-to-date: /home/julien/create3_ws/install/irobot_create_gazebo_plugins/share/ament_index/resource_index/packages/irobot_create_gazebo_plugins
[0.503s] -- Up-to-date: /home/julien/create3_ws/install/irobot_create_gazebo_plugins/share/irobot_create_gazebo_plugins/cmake/ament_cmake_export_libraries-extras.cmake
[0.503s] -- Up-to-date: /home/julien/create3_ws/install/irobot_create_gazebo_plugins/share/irobot_create_gazebo_plugins/cmake/ament_cmake_export_include_directories-extras.cmake
[0.503s] -- Up-to-date: /home/julien/create3_ws/install/irobot_create_gazebo_plugins/share/irobot_create_gazebo_plugins/cmake/ament_cmake_export_dependencies-extras.cmake
[0.503s] -- Up-to-date: /home/julien/create3_ws/install/irobot_create_gazebo_plugins/share/irobot_create_gazebo_plugins/cmake/irobot_create_gazebo_pluginsConfig.cmake
[0.503s] -- Up-to-date: /home/julien/create3_ws/install/irobot_create_gazebo_plugins/share/irobot_create_gazebo_plugins/cmake/irobot_create_gazebo_pluginsConfig-version.cmake
[0.503s] -- Up-to-date: /home/julien/create3_ws/install/irobot_create_gazebo_plugins/share/irobot_create_gazebo_plugins/package.xml
[0.505s] Invoked command in '/home/julien/create3_ws/build/irobot_create_gazebo_plugins' returned '0': CMAKE_PREFIX_PATH=/home/julien/create3_ws/install/irobot_create_toolbox:/home/julien/create3_ws/install/irobot_create_ignition_sim:/home/julien/create3_ws/install/irobot_create_ignition_bringup:/home/julien/create3_ws/install/irobot_create_gazebo_sim:/home/julien/create3_ws/install/irobot_create_gazebo_bringup:/home/julien/create3_ws/install/irobot_create_common_bringup:/home/julien/create3_ws/install/irobot_create_nodes:/home/julien/create3_ws/install/irobot_create_ignition_toolbox:/home/julien/create3_ws/install/irobot_create_gazebo_plugins:/home/julien/create3_ws/install/irobot_create_ignition_plugins:/home/julien/create3_ws/install/irobot_create_description:/home/julien/create3_ws/install/irobot_create_control:/home/julien/create3_ws/install/create3_controller:/opt/ros/humble LD_LIBRARY_PATH=/home/julien/create3_ws/install/irobot_create_toolbox/lib:/home/julien/create3_ws/install/irobot_create_nodes/lib:/home/julien/create3_ws/install/irobot_create_ignition_toolbox/lib:/home/julien/create3_ws/install/irobot_create_gazebo_plugins/lib:/usr/lib/x86_64-linux-gnu/gazebo-11/plugins:/opt/ros/humble/opt/rviz_ogre_vendor/lib:/opt/ros/humble/lib/x86_64-linux-gnu:/opt/ros/humble/lib /usr/bin/cmake --install /home/julien/create3_ws/build/irobot_create_gazebo_plugins
