[0.024s] Invoking command in '/home/julien/create3_ws/build/irobot_create_toolbox': CMAKE_PREFIX_PATH=/opt/ros/humble /usr/bin/cmake /home/julien/create3_ws/src/create3_sim/irobot_create_common/irobot_create_toolbox -DCMAKE_INSTALL_PREFIX=/home/julien/create3_ws/install/irobot_create_toolbox
[0.092s] -- The C compiler identification is GNU 11.4.0
[0.163s] -- The CXX compiler identification is GNU 11.4.0
[0.171s] -- Detecting C compiler ABI info
[0.258s] -- Detecting C compiler ABI info - done
[0.271s] -- Check for working C compiler: /usr/bin/cc - skipped
[0.271s] -- Detecting C compile features
[0.272s] -- Detecting C compile features - done
[0.275s] -- Detecting CXX compiler ABI info
[0.384s] -- Detecting CXX compiler ABI info - done
[0.403s] -- Check for working CXX compiler: /usr/bin/c++ - skipped
[0.403s] -- Detecting CXX compile features
[0.404s] -- Detecting CXX compile features - done
[0.409s] -- Found ament_cmake: 1.3.10 (/opt/ros/humble/share/ament_cmake/cmake)
[0.599s] -- Found Python3: /usr/bin/python3 (found version "3.10.12") found components: Interpreter 
[0.715s] -- Looking for ignition-math6 -- found version 6.15.1
[0.722s] -- Searching for dependencies of ignition-math6
[0.724s] -- Found rclcpp: 16.0.10 (/opt/ros/humble/share/rclcpp/cmake)
[0.776s] -- Found rosidl_generator_c: 3.1.5 (/opt/ros/humble/share/rosidl_generator_c/cmake)
[0.784s] -- Found rosidl_adapter: 3.1.5 (/opt/ros/humble/share/rosidl_adapter/cmake)
[0.795s] -- Found rosidl_generator_cpp: 3.1.5 (/opt/ros/humble/share/rosidl_generator_cpp/cmake)
[0.814s] -- Using all available rosidl_typesupport_c: rosidl_typesupport_fastrtps_c;rosidl_typesupport_introspection_c
[0.836s] -- Using all available rosidl_typesupport_cpp: rosidl_typesupport_fastrtps_cpp;rosidl_typesupport_introspection_cpp
[0.899s] -- Found rmw_implementation_cmake: 6.1.2 (/opt/ros/humble/share/rmw_implementation_cmake/cmake)
[0.903s] -- Found rmw_fastrtps_cpp: 6.2.7 (/opt/ros/humble/share/rmw_fastrtps_cpp/cmake)
[1.048s] -- Found OpenSSL: /usr/lib/x86_64-linux-gnu/libcrypto.so (found version "3.0.2")  
[1.085s] -- Found FastRTPS: /opt/ros/humble/include  
[1.137s] -- Using RMW implementation 'rmw_fastrtps_cpp' as default
[1.147s] -- Looking for pthread.h
[1.225s] -- Looking for pthread.h - found
[1.226s] -- Performing Test CMAKE_HAVE_LIBC_PTHREAD
[1.306s] -- Performing Test CMAKE_HAVE_LIBC_PTHREAD - Success
[1.307s] -- Found Threads: TRUE  
[1.369s] -- Found ament_lint_auto: 0.12.11 (/opt/ros/humble/share/ament_lint_auto/cmake)
[1.447s] -- Added test 'cppcheck' to perform static code analysis on C / C++ code
[1.447s] -- Configured cppcheck include dirs: /home/julien/create3_ws/src/create3_sim/irobot_create_common/irobot_create_toolbox/include
[1.447s] -- Configured cppcheck exclude dirs and/or files: 
[1.448s] -- Added test 'cpplint' to check C / C++ code against the Google style
[1.448s] -- Configured cpplint exclude dirs and/or files: 
[1.449s] -- Added test 'lint_cmake' to check CMake code style
[1.450s] -- Added test 'uncrustify' to check C / C++ code style
[1.450s] -- Configured uncrustify additional arguments: 
[1.450s] -- Added test 'xmllint' to check XML markup files
[1.452s] -- Configuring done
[1.461s] -- Generating done
[1.462s] -- Build files have been written to: /home/julien/create3_ws/build/irobot_create_toolbox
[1.471s] Invoked command in '/home/julien/create3_ws/build/irobot_create_toolbox' returned '0': CMAKE_PREFIX_PATH=/opt/ros/humble /usr/bin/cmake /home/julien/create3_ws/src/create3_sim/irobot_create_common/irobot_create_toolbox -DCMAKE_INSTALL_PREFIX=/home/julien/create3_ws/install/irobot_create_toolbox
[1.473s] Invoking command in '/home/julien/create3_ws/build/irobot_create_toolbox': CMAKE_PREFIX_PATH=/opt/ros/humble /usr/bin/cmake --build /home/julien/create3_ws/build/irobot_create_toolbox -- -j12 -l12
[1.518s] [ 50%] [32mBuilding CXX object CMakeFiles/irobot_create_toolbox.dir/src/polar_coordinates.cpp.o[0m
[3.932s] [100%] [32m[1mLinking CXX shared library libirobot_create_toolbox.so[0m
[4.081s] [100%] Built target irobot_create_toolbox
[4.093s] Invoked command in '/home/julien/create3_ws/build/irobot_create_toolbox' returned '0': CMAKE_PREFIX_PATH=/opt/ros/humble /usr/bin/cmake --build /home/julien/create3_ws/build/irobot_create_toolbox -- -j12 -l12
[4.124s] Invoking command in '/home/julien/create3_ws/build/irobot_create_toolbox': CMAKE_PREFIX_PATH=/opt/ros/humble /usr/bin/cmake --install /home/julien/create3_ws/build/irobot_create_toolbox
[4.132s] -- Install configuration: ""
[4.132s] -- Installing: /home/julien/create3_ws/install/irobot_create_toolbox/lib/libirobot_create_toolbox.so
[4.134s] -- Set runtime path of "/home/julien/create3_ws/install/irobot_create_toolbox/lib/libirobot_create_toolbox.so" to ""
[4.134s] -- Installing: /home/julien/create3_ws/install/irobot_create_toolbox/include
[4.134s] -- Installing: /home/julien/create3_ws/install/irobot_create_toolbox/include/irobot_create_toolbox
[4.134s] -- Installing: /home/julien/create3_ws/install/irobot_create_toolbox/include/irobot_create_toolbox/math.hpp
[4.134s] -- Installing: /home/julien/create3_ws/install/irobot_create_toolbox/include/irobot_create_toolbox/sensors
[4.134s] -- Installing: /home/julien/create3_ws/install/irobot_create_toolbox/include/irobot_create_toolbox/sensors/bumpers.hpp
[4.134s] -- Installing: /home/julien/create3_ws/install/irobot_create_toolbox/include/irobot_create_toolbox/polar_coordinates.hpp
[4.134s] -- Installing: /home/julien/create3_ws/install/irobot_create_toolbox/share/irobot_create_toolbox/environment/library_path.sh
[4.135s] -- Installing: /home/julien/create3_ws/install/irobot_create_toolbox/share/irobot_create_toolbox/environment/library_path.dsv
[4.135s] -- Installing: /home/julien/create3_ws/install/irobot_create_toolbox/share/ament_index/resource_index/package_run_dependencies/irobot_create_toolbox
[4.135s] -- Installing: /home/julien/create3_ws/install/irobot_create_toolbox/share/ament_index/resource_index/parent_prefix_path/irobot_create_toolbox
[4.135s] -- Installing: /home/julien/create3_ws/install/irobot_create_toolbox/share/irobot_create_toolbox/environment/ament_prefix_path.sh
[4.135s] -- Installing: /home/julien/create3_ws/install/irobot_create_toolbox/share/irobot_create_toolbox/environment/ament_prefix_path.dsv
[4.135s] -- Installing: /home/julien/create3_ws/install/irobot_create_toolbox/share/irobot_create_toolbox/environment/path.sh
[4.136s] -- Installing: /home/julien/create3_ws/install/irobot_create_toolbox/share/irobot_create_toolbox/environment/path.dsv
[4.136s] -- Installing: /home/julien/create3_ws/install/irobot_create_toolbox/share/irobot_create_toolbox/local_setup.bash
[4.136s] -- Installing: /home/julien/create3_ws/install/irobot_create_toolbox/share/irobot_create_toolbox/local_setup.sh
[4.136s] -- Installing: /home/julien/create3_ws/install/irobot_create_toolbox/share/irobot_create_toolbox/local_setup.zsh
[4.136s] -- Installing: /home/julien/create3_ws/install/irobot_create_toolbox/share/irobot_create_toolbox/local_setup.dsv
[4.136s] -- Installing: /home/julien/create3_ws/install/irobot_create_toolbox/share/irobot_create_toolbox/package.dsv
[4.137s] -- Installing: /home/julien/create3_ws/install/irobot_create_toolbox/share/ament_index/resource_index/packages/irobot_create_toolbox
[4.137s] -- Installing: /home/julien/create3_ws/install/irobot_create_toolbox/share/irobot_create_toolbox/cmake/ament_cmake_export_include_directories-extras.cmake
[4.137s] -- Installing: /home/julien/create3_ws/install/irobot_create_toolbox/share/irobot_create_toolbox/cmake/ament_cmake_export_libraries-extras.cmake
[4.137s] -- Installing: /home/julien/create3_ws/install/irobot_create_toolbox/share/irobot_create_toolbox/cmake/ament_cmake_export_dependencies-extras.cmake
[4.138s] -- Installing: /home/julien/create3_ws/install/irobot_create_toolbox/share/irobot_create_toolbox/cmake/irobot_create_toolboxConfig.cmake
[4.138s] -- Installing: /home/julien/create3_ws/install/irobot_create_toolbox/share/irobot_create_toolbox/cmake/irobot_create_toolboxConfig-version.cmake
[4.138s] -- Installing: /home/julien/create3_ws/install/irobot_create_toolbox/share/irobot_create_toolbox/package.xml
[4.141s] Invoked command in '/home/julien/create3_ws/build/irobot_create_toolbox' returned '0': CMAKE_PREFIX_PATH=/opt/ros/humble /usr/bin/cmake --install /home/julien/create3_ws/build/irobot_create_toolbox
