[0.021s] Invoking command in '/home/julien/create3_ws/build/irobot_create_gazebo_plugins': AMENT_PREFIX_PATH=/home/julien/create3_ws/install/irobot_create_toolbox:${AMENT_PREFIX_PATH} CMAKE_PREFIX_PATH=/home/julien/create3_ws/install/irobot_create_toolbox:/opt/ros/humble LD_LIBRARY_PATH=/home/julien/create3_ws/install/irobot_create_toolbox/lib:${LD_LIBRARY_PATH} /usr/bin/cmake /home/julien/create3_ws/src/create3_sim/irobot_create_gazebo/irobot_create_gazebo_plugins -DCMAKE_INSTALL_PREFIX=/home/julien/create3_ws/install/irobot_create_gazebo_plugins
[0.086s] -- The C compiler identification is GNU 11.4.0
[0.162s] -- The CXX compiler identification is GNU 11.4.0
[0.174s] -- Detecting C compiler ABI info
[0.269s] -- Detecting C compiler ABI info - done
[0.288s] -- Check for working C compiler: /usr/bin/cc - skipped
[0.289s] -- Detecting C compile features
[0.290s] -- Detecting C compile features - done
[0.296s] -- Detecting CXX compiler ABI info
[0.404s] -- Detecting CXX compiler ABI info - done
[0.425s] -- Check for working CXX compiler: /usr/bin/c++ - skipped
[0.425s] -- Detecting CXX compile features
[0.426s] -- Detecting CXX compile features - done
[0.432s] -- Found ament_cmake: 1.3.10 (/opt/ros/humble/share/ament_cmake/cmake)
[0.652s] -- Found Python3: /usr/bin/python3 (found version "3.10.12") found components: Interpreter 
[0.763s] -- Found geometry_msgs: 4.2.4 (/opt/ros/humble/share/geometry_msgs/cmake)
[0.809s] -- Found rosidl_generator_c: 3.1.5 (/opt/ros/humble/share/rosidl_generator_c/cmake)
[0.815s] -- Found rosidl_adapter: 3.1.5 (/opt/ros/humble/share/rosidl_adapter/cmake)
[0.825s] -- Found rosidl_generator_cpp: 3.1.5 (/opt/ros/humble/share/rosidl_generator_cpp/cmake)
[0.841s] -- Using all available rosidl_typesupport_c: rosidl_typesupport_fastrtps_c;rosidl_typesupport_introspection_c
[0.862s] -- Using all available rosidl_typesupport_cpp: rosidl_typesupport_fastrtps_cpp;rosidl_typesupport_introspection_cpp
[0.913s] -- Found irobot_create_msgs: 2.1.0 (/opt/ros/humble/share/irobot_create_msgs/cmake)
[0.979s] -- Found irobot_create_toolbox: 2.1.0 (/home/julien/create3_ws/install/irobot_create_toolbox/share/irobot_create_toolbox/cmake)
[1.039s] -- Found rmw_implementation_cmake: 6.1.2 (/opt/ros/humble/share/rmw_implementation_cmake/cmake)
[1.042s] -- Found rmw_fastrtps_cpp: 6.2.7 (/opt/ros/humble/share/rmw_fastrtps_cpp/cmake)
[1.147s] -- Found OpenSSL: /usr/lib/x86_64-linux-gnu/libcrypto.so (found version "3.0.2")  
[1.181s] -- Found FastRTPS: /opt/ros/humble/include  
[1.239s] -- Using RMW implementation 'rmw_fastrtps_cpp' as default
[1.251s] -- Looking for pthread.h
[1.338s] -- Looking for pthread.h - found
[1.338s] -- Performing Test CMAKE_HAVE_LIBC_PTHREAD
[1.431s] -- Performing Test CMAKE_HAVE_LIBC_PTHREAD - Success
[1.432s] -- Found Threads: TRUE  
[1.494s] -- Found sensor_msgs: 4.2.4 (/opt/ros/humble/share/sensor_msgs/cmake)
[1.527s] -- Found PkgConfig: /usr/bin/pkg-config (found version "0.29.2") 
[1.530s] -- Checking for module 'bullet>=2.82'
[1.548s] --   Found bullet, version 3.05
[1.694s] -- Found fcl: /usr/include (found suitable version "0.7.0", minimum required is "0.5.0") 
[1.756s] -- Found assimp: /usr/include (found version "5.2.0") 
[1.780s] -- Found DART: /usr/include (Required is at least version "6.6") found components: dart 
[1.813s] -- Found Boost: /usr/lib/x86_64-linux-gnu/cmake/Boost-1.74.0/BoostConfig.cmake (found suitable version "1.74.0", minimum required is "1.40.0") found components: thread system filesystem program_options regex iostreams date_time 
[1.830s] -- Found Protobuf: /usr/lib/x86_64-linux-gnu/libprotobuf.so (found version "3.12.4") 
[1.834s] -- Looking for ignition-math6 -- found version 6.15.1
[1.835s] -- Looking for OGRE...
[1.835s] -- OGRE_PREFIX_WATCH changed.
[1.842s] -- Checking for module 'OGRE'
[1.861s] --   Found OGRE, version 1.9.0
[1.907s] -- Found Ogre Ghadamon (1.9.0)
[1.920s] -- Found OGRE: optimized;/usr/lib/x86_64-linux-gnu/libOgreMain.so;debug;/usr/lib/x86_64-linux-gnu/libOgreMain.so
[1.939s] -- Looking for OGRE_Paging...
[1.950s] -- Found OGRE_Paging: optimized;/usr/lib/x86_64-linux-gnu/libOgrePaging.so;debug;/usr/lib/x86_64-linux-gnu/libOgrePaging.so
[1.950s] -- Looking for OGRE_Terrain...
[1.962s] -- Found OGRE_Terrain: optimized;/usr/lib/x86_64-linux-gnu/libOgreTerrain.so;debug;/usr/lib/x86_64-linux-gnu/libOgreTerrain.so
[1.962s] -- Looking for OGRE_Property...
[1.973s] -- Found OGRE_Property: optimized;/usr/lib/x86_64-linux-gnu/libOgreProperty.so;debug;/usr/lib/x86_64-linux-gnu/libOgreProperty.so
[1.974s] -- Looking for OGRE_RTShaderSystem...
[1.984s] -- Found OGRE_RTShaderSystem: optimized;/usr/lib/x86_64-linux-gnu/libOgreRTShaderSystem.so;debug;/usr/lib/x86_64-linux-gnu/libOgreRTShaderSystem.so
[1.985s] -- Looking for OGRE_Volume...
[1.996s] -- Found OGRE_Volume: optimized;/usr/lib/x86_64-linux-gnu/libOgreVolume.so;debug;/usr/lib/x86_64-linux-gnu/libOgreVolume.so
[1.996s] -- Looking for OGRE_Overlay...
[2.006s] -- Found OGRE_Overlay: optimized;/usr/lib/x86_64-linux-gnu/libOgreOverlay.so;debug;/usr/lib/x86_64-linux-gnu/libOgreOverlay.so
[2.254s] -- Looking for ignition-math6 -- found version 6.15.1
[2.254s] -- Looking for ignition-transport8 -- found version 8.2.1
[2.256s] -- Searching for dependencies of ignition-transport8
[2.302s] -- Found Protobuf: /usr/lib/x86_64-linux-gnu/libprotobuf.so (found suitable version "3.12.4", minimum required is "3") 
[2.332s] -- Config-file not installed for ZeroMQ -- checking for pkg-config
[2.343s] -- Checking for module 'libzmq >= 4'
[2.395s] --   Found libzmq , version 4.3.4
[2.586s] -- Found ZeroMQ: TRUE (Required is at least version "4") 
[2.616s] -- Checking for module 'uuid'
[2.670s] --   Found uuid, version 2.37.2
[2.740s] -- Found UUID: TRUE  
[2.746s] -- Looking for ignition-msgs5 -- found version 5.8.1
[2.746s] -- Searching for dependencies of ignition-msgs5
[2.790s] -- Looking for ignition-math6 -- found version 6.15.1
[2.801s] -- Checking for module 'tinyxml2'
[2.830s] --   Found tinyxml2, version 9.0.0
[2.904s] -- Looking for ignition-msgs5 -- found version 5.8.1
[2.907s] -- Looking for ignition-common3 -- found version 3.14.0
[2.909s] -- Searching for dependencies of ignition-common3
[2.909s] -- Looking for dlfcn.h - found
[2.912s] -- Looking for libdl - found
[2.915s] -- Found DL: TRUE  
[2.941s] -- Found tinyobjloader: /usr/lib/x86_64-linux-gnu/cmake/tinyobjloader/tinyobjloader-config.cmake (found version "2.0.0") 
[2.942s] -- Searching for <ignition-common3> component [graphics]
[2.946s] -- Looking for ignition-common3-graphics -- found version 3.14.0
[2.948s] -- Searching for dependencies of ignition-common3-graphics
[2.949s] -- Looking for ignition-math6 -- found version 6.15.1
[2.956s] -- Looking for ignition-fuel_tools4 -- found version 4.4.0
[2.956s] -- Searching for dependencies of ignition-fuel_tools4
[3.207s] -- Found CURL: /usr/lib/x86_64-linux-gnu/libcurl.so (found version "7.81.0")  
[3.236s] -- Checking for module 'jsoncpp'
[3.276s] --   Found jsoncpp, version 1.9.5
[3.345s] -- Found JSONCPP: TRUE  
[3.355s] -- Checking for module 'libzip'
[3.385s] --   Found libzip, version 1.7.3
[3.458s] -- Found ZIP: TRUE  
[3.459s] -- Looking for ignition-common3 -- found version 3.14.0
[3.462s] -- Looking for ignition-math6 -- found version 6.15.1
[3.463s] -- Looking for ignition-msgs5 -- found version 5.8.1
[3.473s] -- Gazebo version: 11.10
[3.473s] -- Checking for module 'tbb'
[3.502s] --   Found tbb, version 2021.5.0
[3.725s] -- Found ament_lint_auto: 0.12.11 (/opt/ros/humble/share/ament_lint_auto/cmake)
[4.114s] -- Added test 'cppcheck' to perform static code analysis on C / C++ code
[4.118s] -- Configured cppcheck include dirs: /home/julien/create3_ws/src/create3_sim/irobot_create_gazebo/irobot_create_gazebo_plugins/include
[4.118s] -- Configured cppcheck exclude dirs and/or files: 
[4.118s] -- Added test 'cpplint' to check C / C++ code against the Google style
[4.119s] -- Configured cpplint exclude dirs and/or files: 
[4.121s] -- Added test 'lint_cmake' to check CMake code style
[4.127s] -- Added test 'uncrustify' to check C / C++ code style
[4.127s] -- Configured uncrustify additional arguments: 
[4.127s] -- Added test 'xmllint' to check XML markup files
[4.137s] -- Configuring done
[5.325s] -- Generating done
[5.361s] -- Build files have been written to: /home/julien/create3_ws/build/irobot_create_gazebo_plugins
[5.399s] Invoked command in '/home/julien/create3_ws/build/irobot_create_gazebo_plugins' returned '0': AMENT_PREFIX_PATH=/home/julien/create3_ws/install/irobot_create_toolbox:${AMENT_PREFIX_PATH} CMAKE_PREFIX_PATH=/home/julien/create3_ws/install/irobot_create_toolbox:/opt/ros/humble LD_LIBRARY_PATH=/home/julien/create3_ws/install/irobot_create_toolbox/lib:${LD_LIBRARY_PATH} /usr/bin/cmake /home/julien/create3_ws/src/create3_sim/irobot_create_gazebo/irobot_create_gazebo_plugins -DCMAKE_INSTALL_PREFIX=/home/julien/create3_ws/install/irobot_create_gazebo_plugins
[5.411s] Invoking command in '/home/julien/create3_ws/build/irobot_create_gazebo_plugins': AMENT_PREFIX_PATH=/home/julien/create3_ws/install/irobot_create_toolbox:${AMENT_PREFIX_PATH} CMAKE_PREFIX_PATH=/home/julien/create3_ws/install/irobot_create_toolbox:/opt/ros/humble LD_LIBRARY_PATH=/home/julien/create3_ws/install/irobot_create_toolbox/lib:${LD_LIBRARY_PATH} /usr/bin/cmake --build /home/julien/create3_ws/build/irobot_create_gazebo_plugins -- -j12 -l12
[5.669s] [  5%] [32mBuilding CXX object CMakeFiles/gazebo_ros_create_helpers.dir/src/gazebo_ros_helpers.cpp.o[0m
[35.778s] [ 10%] [32m[1mLinking CXX shared library libgazebo_ros_create_helpers.so[0m
[37.184s] [ 10%] Built target gazebo_ros_create_helpers
[37.291s] [ 15%] [32mBuilding CXX object CMakeFiles/gazebo_ros_create_bumper.dir/src/gazebo_ros_bumper.cpp.o[0m
[65.923s] [ 20%] [32m[1mLinking CXX shared library libgazebo_ros_create_bumper.so[0m
[66.838s] [ 20%] Built target gazebo_ros_create_bumper
[66.864s] [ 30%] [32mBuilding CXX object CMakeFiles/docking_manager.dir/src/docking_manager.cpp.o[0m
[66.864s] [ 30%] [32mBuilding CXX object CMakeFiles/gazebo_ros_create_optical_mouse.dir/src/gazebo_ros_optical_mouse.cpp.o[0m
[66.865s] [ 35%] [32mBuilding CXX object CMakeFiles/gazebo_ros_create_imu.dir/src/gazebo_ros_imu.cpp.o[0m
[66.866s] [ 40%] [32mBuilding CXX object CMakeFiles/gazebo_ros_create_ir_intensity_sensor.dir/src/gazebo_ros_ir_intensity_sensor.cpp.o[0m
[66.871s] [ 45%] [32mBuilding CXX object CMakeFiles/gazebo_ros_create_wheel_drop.dir/src/gazebo_ros_wheel_drop.cpp.o[0m
[84.311s] [ 50%] [32m[1mLinking CXX shared library libdocking_manager.so[0m
[84.919s] [ 50%] Built target docking_manager
[84.963s] [ 60%] [32mBuilding CXX object CMakeFiles/gazebo_ros_create_docking_status.dir/src/gazebo_ros_docking_status.cpp.o[0m
[84.963s] [ 60%] [32mBuilding CXX object CMakeFiles/gazebo_ros_create_cliff_sensor.dir/src/gazebo_ros_cliff_sensor.cpp.o[0m
[84.967s] [ 65%] [32mBuilding CXX object CMakeFiles/gazebo_ros_create_ir_opcode.dir/src/gazebo_ros_ir_opcode.cpp.o[0m
[86.364s] [ 70%] [32m[1mLinking CXX shared library libgazebo_ros_create_ir_intensity_sensor.so[0m
[87.800s] [ 70%] Built target gazebo_ros_create_ir_intensity_sensor
[87.946s] [ 75%] [32m[1mLinking CXX shared library libgazebo_ros_create_wheel_drop.so[0m
[89.403s] [ 80%] [32m[1mLinking CXX shared library libgazebo_ros_create_imu.so[0m
[89.429s] [ 80%] Built target gazebo_ros_create_wheel_drop
[90.547s] [ 80%] Built target gazebo_ros_create_imu
[91.301s] [ 85%] [32m[1mLinking CXX shared library libgazebo_ros_create_optical_mouse.so[0m
[92.094s] [ 85%] Built target gazebo_ros_create_optical_mouse
[105.631s] [ 90%] [32m[1mLinking CXX shared library libgazebo_ros_create_ir_opcode.so[0m
[106.430s] [ 90%] Built target gazebo_ros_create_ir_opcode
[108.682s] [ 95%] [32m[1mLinking CXX shared library libgazebo_ros_create_cliff_sensor.so[0m
[109.418s] [ 95%] Built target gazebo_ros_create_cliff_sensor
[110.129s] [100%] [32m[1mLinking CXX shared library libgazebo_ros_create_docking_status.so[0m
[111.129s] [100%] Built target gazebo_ros_create_docking_status
[111.142s] Invoked command in '/home/julien/create3_ws/build/irobot_create_gazebo_plugins' returned '0': AMENT_PREFIX_PATH=/home/julien/create3_ws/install/irobot_create_toolbox:${AMENT_PREFIX_PATH} CMAKE_PREFIX_PATH=/home/julien/create3_ws/install/irobot_create_toolbox:/opt/ros/humble LD_LIBRARY_PATH=/home/julien/create3_ws/install/irobot_create_toolbox/lib:${LD_LIBRARY_PATH} /usr/bin/cmake --build /home/julien/create3_ws/build/irobot_create_gazebo_plugins -- -j12 -l12
[111.193s] Invoking command in '/home/julien/create3_ws/build/irobot_create_gazebo_plugins': AMENT_PREFIX_PATH=/home/julien/create3_ws/install/irobot_create_toolbox:${AMENT_PREFIX_PATH} CMAKE_PREFIX_PATH=/home/julien/create3_ws/install/irobot_create_toolbox:/opt/ros/humble LD_LIBRARY_PATH=/home/julien/create3_ws/install/irobot_create_toolbox/lib:${LD_LIBRARY_PATH} /usr/bin/cmake --install /home/julien/create3_ws/build/irobot_create_gazebo_plugins
[111.200s] -- Install configuration: ""
[111.200s] -- Installing: /home/julien/create3_ws/install/irobot_create_gazebo_plugins/share/irobot_create_gazebo_plugins/environment/library_path.sh
[111.200s] -- Installing: /home/julien/create3_ws/install/irobot_create_gazebo_plugins/share/irobot_create_gazebo_plugins/environment/library_path.dsv
[111.200s] -- Installing: /home/julien/create3_ws/install/irobot_create_gazebo_plugins/include
[111.200s] -- Installing: /home/julien/create3_ws/install/irobot_create_gazebo_plugins/include/irobot_create_gazebo_plugins
[111.200s] -- Installing: /home/julien/create3_ws/install/irobot_create_gazebo_plugins/include/irobot_create_gazebo_plugins/gazebo_ros_optical_mouse.hpp
[111.200s] -- Installing: /home/julien/create3_ws/install/irobot_create_gazebo_plugins/include/irobot_create_gazebo_plugins/docking_manager.hpp
[111.200s] -- Installing: /home/julien/create3_ws/install/irobot_create_gazebo_plugins/include/irobot_create_gazebo_plugins/gazebo_ros_ir_intensity_sensor.hpp
[111.200s] -- Installing: /home/julien/create3_ws/install/irobot_create_gazebo_plugins/include/irobot_create_gazebo_plugins/gazebo_ros_wheel_drop.hpp
[111.200s] -- Installing: /home/julien/create3_ws/install/irobot_create_gazebo_plugins/include/irobot_create_gazebo_plugins/gazebo_ros_ir_opcode.hpp
[111.201s] -- Installing: /home/julien/create3_ws/install/irobot_create_gazebo_plugins/include/irobot_create_gazebo_plugins/gazebo_ros_helpers.hpp
[111.201s] -- Installing: /home/julien/create3_ws/install/irobot_create_gazebo_plugins/include/irobot_create_gazebo_plugins/gazebo_ros_cliff_sensor.hpp
[111.201s] -- Installing: /home/julien/create3_ws/install/irobot_create_gazebo_plugins/include/irobot_create_gazebo_plugins/gazebo_ros_docking_status.hpp
[111.201s] -- Installing: /home/julien/create3_ws/install/irobot_create_gazebo_plugins/include/irobot_create_gazebo_plugins/gazebo_ros_imu.hpp
[111.201s] -- Installing: /home/julien/create3_ws/install/irobot_create_gazebo_plugins/include/irobot_create_gazebo_plugins/gazebo_ros_bumper.hpp
[111.201s] -- Installing: /home/julien/create3_ws/install/irobot_create_gazebo_plugins/lib/libgazebo_ros_create_bumper.so
[111.205s] -- Set runtime path of "/home/julien/create3_ws/install/irobot_create_gazebo_plugins/lib/libgazebo_ros_create_bumper.so" to ""
[111.205s] -- Installing: /home/julien/create3_ws/install/irobot_create_gazebo_plugins/lib/libgazebo_ros_create_cliff_sensor.so
[111.209s] -- Set runtime path of "/home/julien/create3_ws/install/irobot_create_gazebo_plugins/lib/libgazebo_ros_create_cliff_sensor.so" to ""
[111.209s] -- Installing: /home/julien/create3_ws/install/irobot_create_gazebo_plugins/lib/libgazebo_ros_create_docking_status.so
[111.220s] -- Set runtime path of "/home/julien/create3_ws/install/irobot_create_gazebo_plugins/lib/libgazebo_ros_create_docking_status.so" to ""
[111.220s] -- Installing: /home/julien/create3_ws/install/irobot_create_gazebo_plugins/lib/libgazebo_ros_create_helpers.so
[111.222s] -- Set runtime path of "/home/julien/create3_ws/install/irobot_create_gazebo_plugins/lib/libgazebo_ros_create_helpers.so" to ""
[111.222s] -- Installing: /home/julien/create3_ws/install/irobot_create_gazebo_plugins/lib/libgazebo_ros_create_imu.so
[111.226s] -- Set runtime path of "/home/julien/create3_ws/install/irobot_create_gazebo_plugins/lib/libgazebo_ros_create_imu.so" to ""
[111.226s] -- Installing: /home/julien/create3_ws/install/irobot_create_gazebo_plugins/lib/libgazebo_ros_create_ir_intensity_sensor.so
[111.231s] -- Set runtime path of "/home/julien/create3_ws/install/irobot_create_gazebo_plugins/lib/libgazebo_ros_create_ir_intensity_sensor.so" to ""
[111.231s] -- Installing: /home/julien/create3_ws/install/irobot_create_gazebo_plugins/lib/libgazebo_ros_create_optical_mouse.so
[111.236s] -- Set runtime path of "/home/julien/create3_ws/install/irobot_create_gazebo_plugins/lib/libgazebo_ros_create_optical_mouse.so" to ""
[111.236s] -- Installing: /home/julien/create3_ws/install/irobot_create_gazebo_plugins/lib/libgazebo_ros_create_ir_opcode.so
[111.241s] -- Set runtime path of "/home/julien/create3_ws/install/irobot_create_gazebo_plugins/lib/libgazebo_ros_create_ir_opcode.so" to ""
[111.241s] -- Installing: /home/julien/create3_ws/install/irobot_create_gazebo_plugins/lib/libdocking_manager.so
[111.244s] -- Set runtime path of "/home/julien/create3_ws/install/irobot_create_gazebo_plugins/lib/libdocking_manager.so" to ""
[111.244s] -- Installing: /home/julien/create3_ws/install/irobot_create_gazebo_plugins/lib/libgazebo_ros_create_wheel_drop.so
[111.249s] -- Set runtime path of "/home/julien/create3_ws/install/irobot_create_gazebo_plugins/lib/libgazebo_ros_create_wheel_drop.so" to ""
[111.249s] -- Installing: /home/julien/create3_ws/install/irobot_create_gazebo_plugins/share/ament_index/resource_index/package_run_dependencies/irobot_create_gazebo_plugins
[111.249s] -- Installing: /home/julien/create3_ws/install/irobot_create_gazebo_plugins/share/ament_index/resource_index/parent_prefix_path/irobot_create_gazebo_plugins
[111.249s] -- Installing: /home/julien/create3_ws/install/irobot_create_gazebo_plugins/share/irobot_create_gazebo_plugins/environment/ament_prefix_path.sh
[111.250s] -- Installing: /home/julien/create3_ws/install/irobot_create_gazebo_plugins/share/irobot_create_gazebo_plugins/environment/ament_prefix_path.dsv
[111.250s] -- Installing: /home/julien/create3_ws/install/irobot_create_gazebo_plugins/share/irobot_create_gazebo_plugins/environment/path.sh
[111.250s] -- Installing: /home/julien/create3_ws/install/irobot_create_gazebo_plugins/share/irobot_create_gazebo_plugins/environment/path.dsv
[111.250s] -- Installing: /home/julien/create3_ws/install/irobot_create_gazebo_plugins/share/irobot_create_gazebo_plugins/local_setup.bash
[111.250s] -- Installing: /home/julien/create3_ws/install/irobot_create_gazebo_plugins/share/irobot_create_gazebo_plugins/local_setup.sh
[111.251s] -- Installing: /home/julien/create3_ws/install/irobot_create_gazebo_plugins/share/irobot_create_gazebo_plugins/local_setup.zsh
[111.251s] -- Installing: /home/julien/create3_ws/install/irobot_create_gazebo_plugins/share/irobot_create_gazebo_plugins/local_setup.dsv
[111.251s] -- Installing: /home/julien/create3_ws/install/irobot_create_gazebo_plugins/share/irobot_create_gazebo_plugins/package.dsv
[111.251s] -- Installing: /home/julien/create3_ws/install/irobot_create_gazebo_plugins/share/ament_index/resource_index/packages/irobot_create_gazebo_plugins
[111.251s] -- Installing: /home/julien/create3_ws/install/irobot_create_gazebo_plugins/share/irobot_create_gazebo_plugins/cmake/ament_cmake_export_libraries-extras.cmake
[111.252s] -- Installing: /home/julien/create3_ws/install/irobot_create_gazebo_plugins/share/irobot_create_gazebo_plugins/cmake/ament_cmake_export_include_directories-extras.cmake
[111.252s] -- Installing: /home/julien/create3_ws/install/irobot_create_gazebo_plugins/share/irobot_create_gazebo_plugins/cmake/ament_cmake_export_dependencies-extras.cmake
[111.252s] -- Installing: /home/julien/create3_ws/install/irobot_create_gazebo_plugins/share/irobot_create_gazebo_plugins/cmake/irobot_create_gazebo_pluginsConfig.cmake
[111.252s] -- Installing: /home/julien/create3_ws/install/irobot_create_gazebo_plugins/share/irobot_create_gazebo_plugins/cmake/irobot_create_gazebo_pluginsConfig-version.cmake
[111.252s] -- Installing: /home/julien/create3_ws/install/irobot_create_gazebo_plugins/share/irobot_create_gazebo_plugins/package.xml
[111.255s] Invoked command in '/home/julien/create3_ws/build/irobot_create_gazebo_plugins' returned '0': AMENT_PREFIX_PATH=/home/julien/create3_ws/install/irobot_create_toolbox:${AMENT_PREFIX_PATH} CMAKE_PREFIX_PATH=/home/julien/create3_ws/install/irobot_create_toolbox:/opt/ros/humble LD_LIBRARY_PATH=/home/julien/create3_ws/install/irobot_create_toolbox/lib:${LD_LIBRARY_PATH} /usr/bin/cmake --install /home/julien/create3_ws/build/irobot_create_gazebo_plugins
