[0.024s] Invoking command in '/home/julien/create3_ws/build/irobot_create_ignition_bringup': CMAKE_PREFIX_PATH=/home/julien/create3_ws/install/irobot_create_common_bringup:/home/julien/create3_ws/install/irobot_create_nodes:/home/julien/create3_ws/install/irobot_create_ignition_toolbox:/home/julien/create3_ws/install/irobot_create_toolbox:/home/julien/create3_ws/install/irobot_create_ignition_plugins:/home/julien/create3_ws/install/irobot_create_description:/home/julien/create3_ws/install/irobot_create_control:/home/julien/create3_ws/install/irobot_create_ignition_sim:/home/julien/create3_ws/install/irobot_create_ignition_bringup:/home/julien/create3_ws/install/irobot_create_gazebo_sim:/home/julien/create3_ws/install/irobot_create_gazebo_bringup:/home/julien/create3_ws/install/irobot_create_gazebo_plugins:/home/julien/create3_ws/install/create3_controller:/opt/ros/humble LD_LIBRARY_PATH=/home/julien/create3_ws/install/irobot_create_nodes/lib:/home/julien/create3_ws/install/irobot_create_ignition_toolbox/lib:/home/julien/create3_ws/install/irobot_create_toolbox/lib:/home/julien/create3_ws/install/irobot_create_gazebo_plugins/lib:/usr/lib/x86_64-linux-gnu/gazebo-11/plugins:/opt/ros/humble/opt/rviz_ogre_vendor/lib:/opt/ros/humble/lib/x86_64-linux-gnu:/opt/ros/humble/lib /usr/bin/cmake --build /home/julien/create3_ws/build/irobot_create_ignition_bringup -- -j12 -l12
[0.073s] Invoked command in '/home/julien/create3_ws/build/irobot_create_ignition_bringup' returned '0': CMAKE_PREFIX_PATH=/home/julien/create3_ws/install/irobot_create_common_bringup:/home/julien/create3_ws/install/irobot_create_nodes:/home/julien/create3_ws/install/irobot_create_ignition_toolbox:/home/julien/create3_ws/install/irobot_create_toolbox:/home/julien/create3_ws/install/irobot_create_ignition_plugins:/home/julien/create3_ws/install/irobot_create_description:/home/julien/create3_ws/install/irobot_create_control:/home/julien/create3_ws/install/irobot_create_ignition_sim:/home/julien/create3_ws/install/irobot_create_ignition_bringup:/home/julien/create3_ws/install/irobot_create_gazebo_sim:/home/julien/create3_ws/install/irobot_create_gazebo_bringup:/home/julien/create3_ws/install/irobot_create_gazebo_plugins:/home/julien/create3_ws/install/create3_controller:/opt/ros/humble LD_LIBRARY_PATH=/home/julien/create3_ws/install/irobot_create_nodes/lib:/home/julien/create3_ws/install/irobot_create_ignition_toolbox/lib:/home/julien/create3_ws/install/irobot_create_toolbox/lib:/home/julien/create3_ws/install/irobot_create_gazebo_plugins/lib:/usr/lib/x86_64-linux-gnu/gazebo-11/plugins:/opt/ros/humble/opt/rviz_ogre_vendor/lib:/opt/ros/humble/lib/x86_64-linux-gnu:/opt/ros/humble/lib /usr/bin/cmake --build /home/julien/create3_ws/build/irobot_create_ignition_bringup -- -j12 -l12
[0.103s] Invoking command in '/home/julien/create3_ws/build/irobot_create_ignition_bringup': CMAKE_PREFIX_PATH=/home/julien/create3_ws/install/irobot_create_common_bringup:/home/julien/create3_ws/install/irobot_create_nodes:/home/julien/create3_ws/install/irobot_create_ignition_toolbox:/home/julien/create3_ws/install/irobot_create_toolbox:/home/julien/create3_ws/install/irobot_create_ignition_plugins:/home/julien/create3_ws/install/irobot_create_description:/home/julien/create3_ws/install/irobot_create_control:/home/julien/create3_ws/install/irobot_create_ignition_sim:/home/julien/create3_ws/install/irobot_create_ignition_bringup:/home/julien/create3_ws/install/irobot_create_gazebo_sim:/home/julien/create3_ws/install/irobot_create_gazebo_bringup:/home/julien/create3_ws/install/irobot_create_gazebo_plugins:/home/julien/create3_ws/install/create3_controller:/opt/ros/humble LD_LIBRARY_PATH=/home/julien/create3_ws/install/irobot_create_nodes/lib:/home/julien/create3_ws/install/irobot_create_ignition_toolbox/lib:/home/julien/create3_ws/install/irobot_create_toolbox/lib:/home/julien/create3_ws/install/irobot_create_gazebo_plugins/lib:/usr/lib/x86_64-linux-gnu/gazebo-11/plugins:/opt/ros/humble/opt/rviz_ogre_vendor/lib:/opt/ros/humble/lib/x86_64-linux-gnu:/opt/ros/humble/lib /usr/bin/cmake --install /home/julien/create3_ws/build/irobot_create_ignition_bringup
[0.112s] -- Install configuration: ""
[0.112s] -- Up-to-date: /home/julien/create3_ws/install/irobot_create_ignition_bringup/share/irobot_create_ignition_bringup/gui
[0.112s] -- Up-to-date: /home/julien/create3_ws/install/irobot_create_ignition_bringup/share/irobot_create_ignition_bringup/gui/create3
[0.112s] -- Up-to-date: /home/julien/create3_ws/install/irobot_create_ignition_bringup/share/irobot_create_ignition_bringup/gui/create3/gui.config
[0.112s] -- Up-to-date: /home/julien/create3_ws/install/irobot_create_ignition_bringup/share/irobot_create_ignition_bringup/launch
[0.112s] -- Up-to-date: /home/julien/create3_ws/install/irobot_create_ignition_bringup/share/irobot_create_ignition_bringup/launch/create3_spawn.launch.py
[0.112s] -- Up-to-date: /home/julien/create3_ws/install/irobot_create_ignition_bringup/share/irobot_create_ignition_bringup/launch/create3_ignition_nodes.launch.py
[0.113s] -- Up-to-date: /home/julien/create3_ws/install/irobot_create_ignition_bringup/share/irobot_create_ignition_bringup/launch/create3_ignition.launch.py
[0.113s] -- Up-to-date: /home/julien/create3_ws/install/irobot_create_ignition_bringup/share/irobot_create_ignition_bringup/launch/create3_ros_ignition_bridge.launch.py
[0.113s] -- Up-to-date: /home/julien/create3_ws/install/irobot_create_ignition_bringup/share/irobot_create_ignition_bringup/launch/ignition.launch.py
[0.113s] -- Up-to-date: /home/julien/create3_ws/install/irobot_create_ignition_bringup/share/irobot_create_ignition_bringup/worlds
[0.113s] -- Up-to-date: /home/julien/create3_ws/install/irobot_create_ignition_bringup/share/irobot_create_ignition_bringup/worlds/maze.sdf
[0.113s] -- Up-to-date: /home/julien/create3_ws/install/irobot_create_ignition_bringup/share/irobot_create_ignition_bringup/worlds/depot.sdf
[0.113s] -- Up-to-date: /home/julien/create3_ws/install/irobot_create_ignition_bringup/share/irobot_create_ignition_bringup/config
[0.113s] -- Up-to-date: /home/julien/create3_ws/install/irobot_create_ignition_bringup/share/irobot_create_ignition_bringup/config/sensors_params.yaml
[0.113s] -- Up-to-date: /home/julien/create3_ws/install/irobot_create_ignition_bringup/share/irobot_create_ignition_bringup/config/pose_republisher_params.yaml
[0.113s] -- Up-to-date: /home/julien/create3_ws/install/irobot_create_ignition_bringup/share/ament_index/resource_index/package_run_dependencies/irobot_create_ignition_bringup
[0.113s] -- Up-to-date: /home/julien/create3_ws/install/irobot_create_ignition_bringup/share/ament_index/resource_index/parent_prefix_path/irobot_create_ignition_bringup
[0.113s] -- Up-to-date: /home/julien/create3_ws/install/irobot_create_ignition_bringup/share/irobot_create_ignition_bringup/environment/ament_prefix_path.sh
[0.113s] -- Up-to-date: /home/julien/create3_ws/install/irobot_create_ignition_bringup/share/irobot_create_ignition_bringup/environment/ament_prefix_path.dsv
[0.114s] -- Up-to-date: /home/julien/create3_ws/install/irobot_create_ignition_bringup/share/irobot_create_ignition_bringup/environment/path.sh
[0.114s] -- Up-to-date: /home/julien/create3_ws/install/irobot_create_ignition_bringup/share/irobot_create_ignition_bringup/environment/path.dsv
[0.114s] -- Up-to-date: /home/julien/create3_ws/install/irobot_create_ignition_bringup/share/irobot_create_ignition_bringup/local_setup.bash
[0.114s] -- Up-to-date: /home/julien/create3_ws/install/irobot_create_ignition_bringup/share/irobot_create_ignition_bringup/local_setup.sh
[0.114s] -- Up-to-date: /home/julien/create3_ws/install/irobot_create_ignition_bringup/share/irobot_create_ignition_bringup/local_setup.zsh
[0.114s] -- Up-to-date: /home/julien/create3_ws/install/irobot_create_ignition_bringup/share/irobot_create_ignition_bringup/local_setup.dsv
[0.114s] -- Up-to-date: /home/julien/create3_ws/install/irobot_create_ignition_bringup/share/irobot_create_ignition_bringup/package.dsv
[0.115s] -- Up-to-date: /home/julien/create3_ws/install/irobot_create_ignition_bringup/share/ament_index/resource_index/packages/irobot_create_ignition_bringup
[0.115s] -- Up-to-date: /home/julien/create3_ws/install/irobot_create_ignition_bringup/share/irobot_create_ignition_bringup/cmake/irobot_create_ignition_bringupConfig.cmake
[0.115s] -- Up-to-date: /home/julien/create3_ws/install/irobot_create_ignition_bringup/share/irobot_create_ignition_bringup/cmake/irobot_create_ignition_bringupConfig-version.cmake
[0.116s] -- Up-to-date: /home/julien/create3_ws/install/irobot_create_ignition_bringup/share/irobot_create_ignition_bringup/package.xml
[0.118s] Invoked command in '/home/julien/create3_ws/build/irobot_create_ignition_bringup' returned '0': CMAKE_PREFIX_PATH=/home/julien/create3_ws/install/irobot_create_common_bringup:/home/julien/create3_ws/install/irobot_create_nodes:/home/julien/create3_ws/install/irobot_create_ignition_toolbox:/home/julien/create3_ws/install/irobot_create_toolbox:/home/julien/create3_ws/install/irobot_create_ignition_plugins:/home/julien/create3_ws/install/irobot_create_description:/home/julien/create3_ws/install/irobot_create_control:/home/julien/create3_ws/install/irobot_create_ignition_sim:/home/julien/create3_ws/install/irobot_create_ignition_bringup:/home/julien/create3_ws/install/irobot_create_gazebo_sim:/home/julien/create3_ws/install/irobot_create_gazebo_bringup:/home/julien/create3_ws/install/irobot_create_gazebo_plugins:/home/julien/create3_ws/install/create3_controller:/opt/ros/humble LD_LIBRARY_PATH=/home/julien/create3_ws/install/irobot_create_nodes/lib:/home/julien/create3_ws/install/irobot_create_ignition_toolbox/lib:/home/julien/create3_ws/install/irobot_create_toolbox/lib:/home/julien/create3_ws/install/irobot_create_gazebo_plugins/lib:/usr/lib/x86_64-linux-gnu/gazebo-11/plugins:/opt/ros/humble/opt/rviz_ogre_vendor/lib:/opt/ros/humble/lib/x86_64-linux-gnu:/opt/ros/humble/lib /usr/bin/cmake --install /home/julien/create3_ws/build/irobot_create_ignition_bringup
