[0.022s] Invoking command in '/home/julien/create3_ws/build/irobot_create_nodes': AMENT_PREFIX_PATH=/home/julien/create3_ws/install/irobot_create_toolbox:${AMENT_PREFIX_PATH} CMAKE_PREFIX_PATH=/home/julien/create3_ws/install/irobot_create_toolbox:/opt/ros/humble LD_LIBRARY_PATH=/home/julien/create3_ws/install/irobot_create_toolbox/lib:${LD_LIBRARY_PATH} /usr/bin/cmake /home/julien/create3_ws/src/create3_sim/irobot_create_common/irobot_create_nodes -DCMAKE_INSTALL_PREFIX=/home/julien/create3_ws/install/irobot_create_nodes
[0.090s] -- The C compiler identification is GNU 11.4.0
[0.165s] -- The CXX compiler identification is GNU 11.4.0
[0.174s] -- Detecting C compiler ABI info
[0.267s] -- Detecting C compiler ABI info - done
[0.282s] -- Check for working C compiler: /usr/bin/cc - skipped
[0.283s] -- Detecting C compile features
[0.283s] -- Detecting C compile features - done
[0.290s] -- Detecting CXX compiler ABI info
[0.407s] -- Detecting CXX compiler ABI info - done
[0.418s] -- Check for working CXX compiler: /usr/bin/c++ - skipped
[0.418s] -- Detecting CXX compile features
[0.418s] -- Detecting CXX compile features - done
[0.422s] -- Found ament_cmake: 1.3.10 (/opt/ros/humble/share/ament_cmake/cmake)
[0.639s] -- Found Python3: /usr/bin/python3 (found version "3.10.12") found components: Interpreter 
[0.766s] -- Found angles: 1.15.0 (/opt/ros/humble/share/angles/cmake)
[0.769s] -- Found control_msgs: 4.6.0 (/opt/ros/humble/share/control_msgs/cmake)
[0.813s] -- Found rosidl_generator_c: 3.1.5 (/opt/ros/humble/share/rosidl_generator_c/cmake)
[0.819s] -- Found rosidl_adapter: 3.1.5 (/opt/ros/humble/share/rosidl_adapter/cmake)
[0.829s] -- Found rosidl_generator_cpp: 3.1.5 (/opt/ros/humble/share/rosidl_generator_cpp/cmake)
[0.844s] -- Using all available rosidl_typesupport_c: rosidl_typesupport_fastrtps_c;rosidl_typesupport_introspection_c
[0.864s] -- Using all available rosidl_typesupport_cpp: rosidl_typesupport_fastrtps_cpp;rosidl_typesupport_introspection_cpp
[1.042s] -- Found nav_msgs: 4.2.4 (/opt/ros/humble/share/nav_msgs/cmake)
[1.066s] -- Found irobot_create_msgs: 2.1.0 (/opt/ros/humble/share/irobot_create_msgs/cmake)
[1.092s] -- Found irobot_create_toolbox: 2.1.0 (/home/julien/create3_ws/install/irobot_create_toolbox/share/irobot_create_toolbox/cmake)
[1.150s] -- Found rmw_implementation_cmake: 6.1.2 (/opt/ros/humble/share/rmw_implementation_cmake/cmake)
[1.153s] -- Found rmw_fastrtps_cpp: 6.2.7 (/opt/ros/humble/share/rmw_fastrtps_cpp/cmake)
[1.266s] -- Found OpenSSL: /usr/lib/x86_64-linux-gnu/libcrypto.so (found version "3.0.2")  
[1.309s] -- Found FastRTPS: /opt/ros/humble/include  
[1.360s] -- Using RMW implementation 'rmw_fastrtps_cpp' as default
[1.371s] -- Looking for pthread.h
[1.462s] -- Looking for pthread.h - found
[1.462s] -- Performing Test CMAKE_HAVE_LIBC_PTHREAD
[1.570s] -- Performing Test CMAKE_HAVE_LIBC_PTHREAD - Success
[1.572s] -- Found Threads: TRUE  
[1.651s] -- Found rclcpp_action: 16.0.10 (/opt/ros/humble/share/rclcpp_action/cmake)
[1.663s] -- Found rclcpp_components: 16.0.10 (/opt/ros/humble/share/rclcpp_components/cmake)
[1.702s] -- Found tf2: 0.25.8 (/opt/ros/humble/share/tf2/cmake)
[1.708s] -- Found tf2_geometry_msgs: 0.25.8 (/opt/ros/humble/share/tf2_geometry_msgs/cmake)
[1.723s] -- Found eigen3_cmake_module: 0.1.1 (/opt/ros/humble/share/eigen3_cmake_module/cmake)
[1.724s] -- Found Eigen3: TRUE (found version "3.4.0") 
[1.725s] -- Ensuring Eigen3 include directory is part of orocos-kdl CMake target
[1.776s] -- Found Boost: /usr/lib/x86_64-linux-gnu/cmake/Boost-1.74.0/BoostConfig.cmake (found version "1.74.0")  
[1.836s] -- Found ament_lint_auto: 0.12.11 (/opt/ros/humble/share/ament_lint_auto/cmake)
[1.938s] -- Added test 'cppcheck' to perform static code analysis on C / C++ code
[1.940s] -- Configured cppcheck include dirs: /home/julien/create3_ws/src/create3_sim/irobot_create_common/irobot_create_nodes/include
[1.940s] -- Configured cppcheck exclude dirs and/or files: 
[1.942s] -- Added test 'cpplint' to check C / C++ code against the Google style
[1.943s] -- Configured cpplint exclude dirs and/or files: 
[1.944s] -- Added test 'lint_cmake' to check CMake code style
[1.947s] -- Added test 'uncrustify' to check C / C++ code style
[1.947s] -- Configured uncrustify additional arguments: 
[1.948s] -- Added test 'xmllint' to check XML markup files
[1.950s] -- Configuring done
[2.183s] -- Generating done
[2.183s] -- Build files have been written to: /home/julien/create3_ws/build/irobot_create_nodes
[2.223s] Invoked command in '/home/julien/create3_ws/build/irobot_create_nodes' returned '0': AMENT_PREFIX_PATH=/home/julien/create3_ws/install/irobot_create_toolbox:${AMENT_PREFIX_PATH} CMAKE_PREFIX_PATH=/home/julien/create3_ws/install/irobot_create_toolbox:/opt/ros/humble LD_LIBRARY_PATH=/home/julien/create3_ws/install/irobot_create_toolbox/lib:${LD_LIBRARY_PATH} /usr/bin/cmake /home/julien/create3_ws/src/create3_sim/irobot_create_common/irobot_create_nodes -DCMAKE_INSTALL_PREFIX=/home/julien/create3_ws/install/irobot_create_nodes
[2.224s] Invoking command in '/home/julien/create3_ws/build/irobot_create_nodes': AMENT_PREFIX_PATH=/home/julien/create3_ws/install/irobot_create_toolbox:${AMENT_PREFIX_PATH} CMAKE_PREFIX_PATH=/home/julien/create3_ws/install/irobot_create_toolbox:/opt/ros/humble LD_LIBRARY_PATH=/home/julien/create3_ws/install/irobot_create_toolbox/lib:${LD_LIBRARY_PATH} /usr/bin/cmake --build /home/julien/create3_ws/build/irobot_create_nodes -- -j12 -l12
[2.441s] [  2%] [32mBuilding CXX object CMakeFiles/hazards_vector_publisher.dir/rclcpp_components/node_main_hazards_vector_publisher.cpp.o[0m
[2.444s] [  5%] [32mBuilding CXX object CMakeFiles/motion_control.dir/rclcpp_components/node_main_motion_control.cpp.o[0m
[2.449s] [  8%] [32mBuilding CXX object CMakeFiles/hazard_publisher_lib.dir/src/hazards_vector_publisher.cpp.o[0m
[2.449s] [ 10%] [32mBuilding CXX object CMakeFiles/ir_intensity_vector_publisher.dir/rclcpp_components/node_main_ir_intensity_vector_publisher.cpp.o[0m
[2.460s] [ 13%] [32mBuilding CXX object CMakeFiles/motion_control_lib.dir/src/motion_control_node.cpp.o[0m
[2.464s] [ 16%] [32mBuilding CXX object CMakeFiles/robot_state_lib.dir/src/robot_state.cpp.o[0m
[2.478s] [ 21%] [32mBuilding CXX object CMakeFiles/ir_intensity_publisher_lib.dir/src/ir_intensity_vector_publisher.cpp.o[0m
[2.480s] [ 21%] [32mBuilding CXX object CMakeFiles/wheel_status_publisher_lib.dir/src/wheels_publisher.cpp.o[0m
[2.488s] [ 24%] [32mBuilding CXX object CMakeFiles/ui_mgr_lib.dir/src/ui_mgr.cpp.o[0m
[2.488s] [ 27%] [32mBuilding CXX object CMakeFiles/ui_mgr.dir/rclcpp_components/node_main_ui_mgr.cpp.o[0m
[2.502s] [ 32%] [32mBuilding CXX object CMakeFiles/wheel_status_publisher.dir/rclcpp_components/node_main_wheel_status_publisher.cpp.o[0m
[2.504s] [ 32%] [32mBuilding CXX object CMakeFiles/robot_state.dir/rclcpp_components/node_main_robot_state.cpp.o[0m
[15.409s] [ 35%] [32m[1mLinking CXX executable hazards_vector_publisher[0m
[15.874s] [ 35%] Built target hazards_vector_publisher
[15.918s] [ 37%] [32mBuilding CXX object CMakeFiles/motion_control_lib.dir/src/motion_control/docking_behavior.cpp.o[0m
[16.741s] [ 40%] [32m[1mLinking CXX executable motion_control[0m
[17.176s] [ 40%] Built target motion_control
[17.249s] [ 43%] [32mBuilding CXX object CMakeFiles/mock_publisher_lib.dir/src/mock_publisher.cpp.o[0m
[18.122s] [ 45%] [32m[1mLinking CXX executable robot_state[0m
[18.911s] [ 45%] Built target robot_state
[19.015s] [ 48%] [32mBuilding CXX object CMakeFiles/mock_publisher.dir/rclcpp_components/node_main_mock_publisher.cpp.o[0m
[19.164s] [ 51%] [32m[1mLinking CXX executable ir_intensity_vector_publisher[0m
[19.824s] [ 51%] Built target ir_intensity_vector_publisher
[19.868s] [ 54%] [32mBuilding CXX object CMakeFiles/motion_control_lib.dir/src/motion_control/drive_goal_behaviors.cpp.o[0m
[20.965s] [ 56%] [32m[1mLinking CXX executable wheel_status_publisher[0m
[21.349s] [ 56%] Built target wheel_status_publisher
[21.477s] [ 59%] [32mBuilding CXX object CMakeFiles/kidnap_estimator_publisher_lib.dir/src/kidnap_estimator_publisher.cpp.o[0m
[22.260s] [ 62%] [32m[1mLinking CXX executable ui_mgr[0m
[22.940s] [ 62%] Built target ui_mgr
[22.973s] [ 64%] [32mBuilding CXX object CMakeFiles/motion_control_lib.dir/src/motion_control/reflex_behavior.cpp.o[0m
[35.330s] [ 67%] [32m[1mLinking CXX shared library libmock_publisher_lib.so[0m
[36.429s] [ 70%] [32m[1mLinking CXX shared library libwheel_status_publisher_lib.so[0m
[37.019s] [ 72%] [32m[1mLinking CXX executable mock_publisher[0m
[37.100s] [ 72%] Built target mock_publisher_lib
[37.453s] [ 72%] Built target mock_publisher
[39.865s] [ 72%] Built target wheel_status_publisher_lib
[44.523s] [ 75%] [32m[1mLinking CXX shared library libhazard_publisher_lib.so[0m
[47.040s] [ 75%] Built target hazard_publisher_lib
[47.686s] [ 78%] [32m[1mLinking CXX shared library libir_intensity_publisher_lib.so[0m
[49.072s] [ 78%] Built target ir_intensity_publisher_lib
[52.947s] [ 81%] [32m[1mLinking CXX shared library librobot_state_lib.so[0m
[53.224s] [ 83%] [32m[1mLinking CXX shared library libkidnap_estimator_publisher_lib.so[0m
[54.498s] [ 83%] Built target robot_state_lib
[54.657s] [ 83%] Built target kidnap_estimator_publisher_lib
[55.988s] [ 86%] [32m[1mLinking CXX shared library libui_mgr_lib.so[0m
[57.386s] [ 86%] Built target ui_mgr_lib
[71.597s] [ 89%] [32mBuilding CXX object CMakeFiles/motion_control_lib.dir/src/motion_control/wall_follow_behavior.cpp.o[0m
[71.601s] [ 91%] [32mBuilding CXX object CMakeFiles/motion_control_lib.dir/src/motion_control/wall_follow_states.cpp.o[0m
[86.269s] [ 94%] [32m[1mLinking CXX shared library libmotion_control_lib.so[0m
[93.002s] [ 94%] Built target motion_control_lib
[93.033s] [ 97%] [32mBuilding CXX object CMakeFiles/kidnap_estimator_publisher.dir/rclcpp_components/node_main_kidnap_estimator_publisher.cpp.o[0m
[97.509s] [100%] [32m[1mLinking CXX executable kidnap_estimator_publisher[0m
[97.702s] [100%] Built target kidnap_estimator_publisher
[97.722s] Invoked command in '/home/julien/create3_ws/build/irobot_create_nodes' returned '0': AMENT_PREFIX_PATH=/home/julien/create3_ws/install/irobot_create_toolbox:${AMENT_PREFIX_PATH} CMAKE_PREFIX_PATH=/home/julien/create3_ws/install/irobot_create_toolbox:/opt/ros/humble LD_LIBRARY_PATH=/home/julien/create3_ws/install/irobot_create_toolbox/lib:${LD_LIBRARY_PATH} /usr/bin/cmake --build /home/julien/create3_ws/build/irobot_create_nodes -- -j12 -l12
[97.840s] Invoking command in '/home/julien/create3_ws/build/irobot_create_nodes': AMENT_PREFIX_PATH=/home/julien/create3_ws/install/irobot_create_toolbox:${AMENT_PREFIX_PATH} CMAKE_PREFIX_PATH=/home/julien/create3_ws/install/irobot_create_toolbox:/opt/ros/humble LD_LIBRARY_PATH=/home/julien/create3_ws/install/irobot_create_toolbox/lib:${LD_LIBRARY_PATH} /usr/bin/cmake --install /home/julien/create3_ws/build/irobot_create_nodes
[97.851s] -- Install configuration: ""
[97.852s] -- Installing: /home/julien/create3_ws/install/irobot_create_nodes/lib/irobot_create_nodes/hazards_vector_publisher
[97.853s] -- Set runtime path of "/home/julien/create3_ws/install/irobot_create_nodes/lib/irobot_create_nodes/hazards_vector_publisher" to ""
[97.853s] -- Installing: /home/julien/create3_ws/install/irobot_create_nodes/lib/irobot_create_nodes/ir_intensity_vector_publisher
[97.853s] -- Set runtime path of "/home/julien/create3_ws/install/irobot_create_nodes/lib/irobot_create_nodes/ir_intensity_vector_publisher" to ""
[97.854s] -- Installing: /home/julien/create3_ws/install/irobot_create_nodes/lib/irobot_create_nodes/motion_control
[97.855s] -- Set runtime path of "/home/julien/create3_ws/install/irobot_create_nodes/lib/irobot_create_nodes/motion_control" to ""
[97.855s] -- Installing: /home/julien/create3_ws/install/irobot_create_nodes/lib/irobot_create_nodes/wheel_status_publisher
[97.856s] -- Set runtime path of "/home/julien/create3_ws/install/irobot_create_nodes/lib/irobot_create_nodes/wheel_status_publisher" to ""
[97.856s] -- Installing: /home/julien/create3_ws/install/irobot_create_nodes/lib/irobot_create_nodes/robot_state
[97.857s] -- Set runtime path of "/home/julien/create3_ws/install/irobot_create_nodes/lib/irobot_create_nodes/robot_state" to ""
[97.857s] -- Installing: /home/julien/create3_ws/install/irobot_create_nodes/lib/irobot_create_nodes/ui_mgr
[97.858s] -- Set runtime path of "/home/julien/create3_ws/install/irobot_create_nodes/lib/irobot_create_nodes/ui_mgr" to ""
[97.858s] -- Installing: /home/julien/create3_ws/install/irobot_create_nodes/lib/irobot_create_nodes/mock_publisher
[97.858s] -- Set runtime path of "/home/julien/create3_ws/install/irobot_create_nodes/lib/irobot_create_nodes/mock_publisher" to ""
[97.859s] -- Installing: /home/julien/create3_ws/install/irobot_create_nodes/lib/irobot_create_nodes/kidnap_estimator_publisher
[97.859s] -- Set runtime path of "/home/julien/create3_ws/install/irobot_create_nodes/lib/irobot_create_nodes/kidnap_estimator_publisher" to ""
[97.859s] -- Installing: /home/julien/create3_ws/install/irobot_create_nodes/lib/libhazard_publisher_lib.so
[97.867s] -- Set runtime path of "/home/julien/create3_ws/install/irobot_create_nodes/lib/libhazard_publisher_lib.so" to ""
[97.868s] -- Installing: /home/julien/create3_ws/install/irobot_create_nodes/lib/libir_intensity_publisher_lib.so
[97.876s] -- Set runtime path of "/home/julien/create3_ws/install/irobot_create_nodes/lib/libir_intensity_publisher_lib.so" to ""
[97.876s] -- Installing: /home/julien/create3_ws/install/irobot_create_nodes/lib/libmotion_control_lib.so
[97.920s] -- Set runtime path of "/home/julien/create3_ws/install/irobot_create_nodes/lib/libmotion_control_lib.so" to ""
[97.920s] -- Installing: /home/julien/create3_ws/install/irobot_create_nodes/lib/libwheel_status_publisher_lib.so
[97.930s] -- Set runtime path of "/home/julien/create3_ws/install/irobot_create_nodes/lib/libwheel_status_publisher_lib.so" to ""
[97.930s] -- Installing: /home/julien/create3_ws/install/irobot_create_nodes/lib/librobot_state_lib.so
[97.942s] -- Set runtime path of "/home/julien/create3_ws/install/irobot_create_nodes/lib/librobot_state_lib.so" to ""
[97.942s] -- Installing: /home/julien/create3_ws/install/irobot_create_nodes/lib/libui_mgr_lib.so
[97.957s] -- Set runtime path of "/home/julien/create3_ws/install/irobot_create_nodes/lib/libui_mgr_lib.so" to ""
[97.957s] -- Installing: /home/julien/create3_ws/install/irobot_create_nodes/lib/libmock_publisher_lib.so
[97.959s] -- Set runtime path of "/home/julien/create3_ws/install/irobot_create_nodes/lib/libmock_publisher_lib.so" to ""
[97.959s] -- Installing: /home/julien/create3_ws/install/irobot_create_nodes/lib/libkidnap_estimator_publisher_lib.so
[97.968s] -- Set runtime path of "/home/julien/create3_ws/install/irobot_create_nodes/lib/libkidnap_estimator_publisher_lib.so" to ""
[97.968s] -- Installing: /home/julien/create3_ws/install/irobot_create_nodes/include
[97.968s] -- Installing: /home/julien/create3_ws/install/irobot_create_nodes/include/irobot_create_nodes
[97.969s] -- Installing: /home/julien/create3_ws/install/irobot_create_nodes/include/irobot_create_nodes/ir_intensity_vector_publisher.hpp
[97.969s] -- Installing: /home/julien/create3_ws/install/irobot_create_nodes/include/irobot_create_nodes/wheels_publisher.hpp
[97.969s] -- Installing: /home/julien/create3_ws/install/irobot_create_nodes/include/irobot_create_nodes/robot_state.hpp
[97.969s] -- Installing: /home/julien/create3_ws/install/irobot_create_nodes/include/irobot_create_nodes/motion_control_node.hpp
[97.969s] -- Installing: /home/julien/create3_ws/install/irobot_create_nodes/include/irobot_create_nodes/motion_control
[97.969s] -- Installing: /home/julien/create3_ws/install/irobot_create_nodes/include/irobot_create_nodes/motion_control/wall_follow_states.hpp
[97.969s] -- Installing: /home/julien/create3_ws/install/irobot_create_nodes/include/irobot_create_nodes/motion_control/reflex_behavior.hpp
[97.970s] -- Installing: /home/julien/create3_ws/install/irobot_create_nodes/include/irobot_create_nodes/motion_control/drive_goal_behaviors.hpp
[97.970s] -- Installing: /home/julien/create3_ws/install/irobot_create_nodes/include/irobot_create_nodes/motion_control/wall_follow_behavior.hpp
[97.970s] -- Installing: /home/julien/create3_ws/install/irobot_create_nodes/include/irobot_create_nodes/motion_control/behaviors_scheduler.hpp
[97.970s] -- Installing: /home/julien/create3_ws/install/irobot_create_nodes/include/irobot_create_nodes/motion_control/simple_goal_controller.hpp
[97.970s] -- Installing: /home/julien/create3_ws/install/irobot_create_nodes/include/irobot_create_nodes/motion_control/docking_behavior.hpp
[97.970s] -- Installing: /home/julien/create3_ws/install/irobot_create_nodes/include/irobot_create_nodes/kidnap_estimator_publisher.hpp
[97.970s] -- Installing: /home/julien/create3_ws/install/irobot_create_nodes/include/irobot_create_nodes/ui_mgr.hpp
[97.970s] -- Installing: /home/julien/create3_ws/install/irobot_create_nodes/include/irobot_create_nodes/hazards_vector_publisher.hpp
[97.970s] -- Installing: /home/julien/create3_ws/install/irobot_create_nodes/include/irobot_create_nodes/mock_publisher.hpp
[97.971s] -- Installing: /home/julien/create3_ws/install/irobot_create_nodes/share/irobot_create_nodes/environment/library_path.sh
[97.971s] -- Installing: /home/julien/create3_ws/install/irobot_create_nodes/share/irobot_create_nodes/environment/library_path.dsv
[97.971s] -- Installing: /home/julien/create3_ws/install/irobot_create_nodes/share/ament_index/resource_index/package_run_dependencies/irobot_create_nodes
[97.971s] -- Installing: /home/julien/create3_ws/install/irobot_create_nodes/share/ament_index/resource_index/parent_prefix_path/irobot_create_nodes
[97.972s] -- Installing: /home/julien/create3_ws/install/irobot_create_nodes/share/irobot_create_nodes/environment/ament_prefix_path.sh
[97.972s] -- Installing: /home/julien/create3_ws/install/irobot_create_nodes/share/irobot_create_nodes/environment/ament_prefix_path.dsv
[97.972s] -- Installing: /home/julien/create3_ws/install/irobot_create_nodes/share/irobot_create_nodes/environment/path.sh
[97.972s] -- Installing: /home/julien/create3_ws/install/irobot_create_nodes/share/irobot_create_nodes/environment/path.dsv
[97.972s] -- Installing: /home/julien/create3_ws/install/irobot_create_nodes/share/irobot_create_nodes/local_setup.bash
[97.972s] -- Installing: /home/julien/create3_ws/install/irobot_create_nodes/share/irobot_create_nodes/local_setup.sh
[97.973s] -- Installing: /home/julien/create3_ws/install/irobot_create_nodes/share/irobot_create_nodes/local_setup.zsh
[97.973s] -- Installing: /home/julien/create3_ws/install/irobot_create_nodes/share/irobot_create_nodes/local_setup.dsv
[97.973s] -- Installing: /home/julien/create3_ws/install/irobot_create_nodes/share/irobot_create_nodes/package.dsv
[97.973s] -- Installing: /home/julien/create3_ws/install/irobot_create_nodes/share/ament_index/resource_index/packages/irobot_create_nodes
[97.973s] -- Installing: /home/julien/create3_ws/install/irobot_create_nodes/share/ament_index/resource_index/rclcpp_components/irobot_create_nodes
[97.974s] -- Installing: /home/julien/create3_ws/install/irobot_create_nodes/share/irobot_create_nodes/cmake/ament_cmake_export_include_directories-extras.cmake
[97.974s] -- Installing: /home/julien/create3_ws/install/irobot_create_nodes/share/irobot_create_nodes/cmake/ament_cmake_export_libraries-extras.cmake
[97.974s] -- Installing: /home/julien/create3_ws/install/irobot_create_nodes/share/irobot_create_nodes/cmake/ament_cmake_export_dependencies-extras.cmake
[97.974s] -- Installing: /home/julien/create3_ws/install/irobot_create_nodes/share/irobot_create_nodes/cmake/irobot_create_nodesConfig.cmake
[97.974s] -- Installing: /home/julien/create3_ws/install/irobot_create_nodes/share/irobot_create_nodes/cmake/irobot_create_nodesConfig-version.cmake
[97.975s] -- Installing: /home/julien/create3_ws/install/irobot_create_nodes/share/irobot_create_nodes/package.xml
[97.978s] Invoked command in '/home/julien/create3_ws/build/irobot_create_nodes' returned '0': AMENT_PREFIX_PATH=/home/julien/create3_ws/install/irobot_create_toolbox:${AMENT_PREFIX_PATH} CMAKE_PREFIX_PATH=/home/julien/create3_ws/install/irobot_create_toolbox:/opt/ros/humble LD_LIBRARY_PATH=/home/julien/create3_ws/install/irobot_create_toolbox/lib:${LD_LIBRARY_PATH} /usr/bin/cmake --install /home/julien/create3_ws/build/irobot_create_nodes
