[0.021s] Invoking command in '/home/julien/create3_ws/build/irobot_create_control': CMAKE_PREFIX_PATH=/opt/ros/humble /usr/bin/cmake /home/julien/create3_ws/src/create3_sim/irobot_create_common/irobot_create_control -DCMAKE_INSTALL_PREFIX=/home/julien/create3_ws/install/irobot_create_control
[0.088s] -- The C compiler identification is GNU 11.4.0
[0.158s] -- The CXX compiler identification is GNU 11.4.0
[0.170s] -- Detecting C compiler ABI info
[0.266s] -- Detecting C compiler ABI info - done
[0.278s] -- Check for working C compiler: /usr/bin/cc - skipped
[0.278s] -- Detecting C compile features
[0.279s] -- Detecting C compile features - done
[0.283s] -- Detecting CXX compiler ABI info
[0.389s] -- Detecting CXX compiler ABI info - done
[0.406s] -- Check for working CXX compiler: /usr/bin/c++ - skipped
[0.407s] -- Detecting CXX compile features
[0.408s] -- Detecting CXX compile features - done
[0.412s] -- Found ament_cmake: 1.3.10 (/opt/ros/humble/share/ament_cmake/cmake)
[0.594s] -- Found Python3: /usr/bin/python3 (found version "3.10.12") found components: Interpreter 
[0.703s] -- Found ament_lint_auto: 0.12.11 (/opt/ros/humble/share/ament_lint_auto/cmake)
[0.796s] -- Added test 'flake8' to check Python code syntax and style conventions
[0.797s] -- Added test 'lint_cmake' to check CMake code style
[0.798s] -- Added test 'pep257' to check Python code against some of the docstring style conventions in PEP 257
[0.799s] -- Added test 'xmllint' to check XML markup files
[0.801s] -- Configuring done
[0.806s] -- Generating done
[0.808s] -- Build files have been written to: /home/julien/create3_ws/build/irobot_create_control
[0.816s] Invoked command in '/home/julien/create3_ws/build/irobot_create_control' returned '0': CMAKE_PREFIX_PATH=/opt/ros/humble /usr/bin/cmake /home/julien/create3_ws/src/create3_sim/irobot_create_common/irobot_create_control -DCMAKE_INSTALL_PREFIX=/home/julien/create3_ws/install/irobot_create_control
[0.819s] Invoking command in '/home/julien/create3_ws/build/irobot_create_control': CMAKE_PREFIX_PATH=/opt/ros/humble /usr/bin/cmake --build /home/julien/create3_ws/build/irobot_create_control -- -j12 -l12
[0.869s] Invoked command in '/home/julien/create3_ws/build/irobot_create_control' returned '0': CMAKE_PREFIX_PATH=/opt/ros/humble /usr/bin/cmake --build /home/julien/create3_ws/build/irobot_create_control -- -j12 -l12
[0.908s] Invoking command in '/home/julien/create3_ws/build/irobot_create_control': CMAKE_PREFIX_PATH=/opt/ros/humble /usr/bin/cmake --install /home/julien/create3_ws/build/irobot_create_control
[0.917s] -- Install configuration: ""
[0.918s] -- Installing: /home/julien/create3_ws/install/irobot_create_control/share/irobot_create_control//launch
[0.918s] -- Installing: /home/julien/create3_ws/install/irobot_create_control/share/irobot_create_control//launch/include
[0.918s] -- Installing: /home/julien/create3_ws/install/irobot_create_control/share/irobot_create_control//launch/include/control.py
[0.918s] -- Installing: /home/julien/create3_ws/install/irobot_create_control/share/irobot_create_control//config
[0.919s] -- Installing: /home/julien/create3_ws/install/irobot_create_control/share/irobot_create_control//config/control.yaml
[0.919s] -- Installing: /home/julien/create3_ws/install/irobot_create_control/share/ament_index/resource_index/package_run_dependencies/irobot_create_control
[0.919s] -- Installing: /home/julien/create3_ws/install/irobot_create_control/share/ament_index/resource_index/parent_prefix_path/irobot_create_control
[0.919s] -- Installing: /home/julien/create3_ws/install/irobot_create_control/share/irobot_create_control/environment/ament_prefix_path.sh
[0.919s] -- Installing: /home/julien/create3_ws/install/irobot_create_control/share/irobot_create_control/environment/ament_prefix_path.dsv
[0.920s] -- Installing: /home/julien/create3_ws/install/irobot_create_control/share/irobot_create_control/environment/path.sh
[0.920s] -- Installing: /home/julien/create3_ws/install/irobot_create_control/share/irobot_create_control/environment/path.dsv
[0.921s] -- Installing: /home/julien/create3_ws/install/irobot_create_control/share/irobot_create_control/local_setup.bash
[0.921s] -- Installing: /home/julien/create3_ws/install/irobot_create_control/share/irobot_create_control/local_setup.sh
[0.921s] -- Installing: /home/julien/create3_ws/install/irobot_create_control/share/irobot_create_control/local_setup.zsh
[0.922s] -- Installing: /home/julien/create3_ws/install/irobot_create_control/share/irobot_create_control/local_setup.dsv
[0.922s] -- Installing: /home/julien/create3_ws/install/irobot_create_control/share/irobot_create_control/package.dsv
[0.922s] -- Installing: /home/julien/create3_ws/install/irobot_create_control/share/ament_index/resource_index/packages/irobot_create_control
[0.923s] -- Installing: /home/julien/create3_ws/install/irobot_create_control/share/irobot_create_control/cmake/irobot_create_controlConfig.cmake
[0.924s] -- Installing: /home/julien/create3_ws/install/irobot_create_control/share/irobot_create_control/cmake/irobot_create_controlConfig-version.cmake
[0.924s] -- Installing: /home/julien/create3_ws/install/irobot_create_control/share/irobot_create_control/package.xml
[0.926s] Invoked command in '/home/julien/create3_ws/build/irobot_create_control' returned '0': CMAKE_PREFIX_PATH=/opt/ros/humble /usr/bin/cmake --install /home/julien/create3_ws/build/irobot_create_control
