[0.022s] Invoking command in '/home/julien/create3_ws/build/irobot_create_description': CMAKE_PREFIX_PATH=/opt/ros/humble /usr/bin/cmake /home/julien/create3_ws/src/create3_sim/irobot_create_common/irobot_create_description -DCMAKE_INSTALL_PREFIX=/home/julien/create3_ws/install/irobot_create_description
[0.086s] -- The C compiler identification is GNU 11.4.0
[0.169s] -- The CXX compiler identification is GNU 11.4.0
[0.178s] -- Detecting C compiler ABI info
[0.271s] -- Detecting C compiler ABI info - done
[0.284s] -- Check for working C compiler: /usr/bin/cc - skipped
[0.285s] -- Detecting C compile features
[0.285s] -- Detecting C compile features - done
[0.292s] -- Detecting CXX compiler ABI info
[0.412s] -- Detecting CXX compiler ABI info - done
[0.421s] -- Check for working CXX compiler: /usr/bin/c++ - skipped
[0.422s] -- Detecting CXX compile features
[0.423s] -- Detecting CXX compile features - done
[0.426s] -- Found ament_cmake: 1.3.10 (/opt/ros/humble/share/ament_cmake/cmake)
[0.613s] -- Found Python3: /usr/bin/python3 (found version "3.10.12") found components: Interpreter 
[0.724s] -- Found ament_lint_auto: 0.12.11 (/opt/ros/humble/share/ament_lint_auto/cmake)
[0.827s] -- Added test 'lint_cmake' to check CMake code style
[0.828s] -- Configuring done
[0.831s] -- Generating done
[0.832s] -- Build files have been written to: /home/julien/create3_ws/build/irobot_create_description
[0.839s] Invoked command in '/home/julien/create3_ws/build/irobot_create_description' returned '0': CMAKE_PREFIX_PATH=/opt/ros/humble /usr/bin/cmake /home/julien/create3_ws/src/create3_sim/irobot_create_common/irobot_create_description -DCMAKE_INSTALL_PREFIX=/home/julien/create3_ws/install/irobot_create_description
[0.842s] Invoking command in '/home/julien/create3_ws/build/irobot_create_description': CMAKE_PREFIX_PATH=/opt/ros/humble /usr/bin/cmake --build /home/julien/create3_ws/build/irobot_create_description -- -j12 -l12
[0.889s] Invoked command in '/home/julien/create3_ws/build/irobot_create_description' returned '0': CMAKE_PREFIX_PATH=/opt/ros/humble /usr/bin/cmake --build /home/julien/create3_ws/build/irobot_create_description -- -j12 -l12
[0.922s] Invoking command in '/home/julien/create3_ws/build/irobot_create_description': CMAKE_PREFIX_PATH=/opt/ros/humble /usr/bin/cmake --install /home/julien/create3_ws/build/irobot_create_description
[0.933s] -- Install configuration: ""
[0.933s] -- Installing: /home/julien/create3_ws/install/irobot_create_description/share/irobot_create_description//meshes
[0.933s] -- Installing: /home/julien/create3_ws/install/irobot_create_description/share/irobot_create_description//meshes/bumper_visual.dae
[0.934s] -- Installing: /home/julien/create3_ws/install/irobot_create_description/share/irobot_create_description//meshes/bumper_collision.dae
[0.934s] -- Installing: /home/julien/create3_ws/install/irobot_create_description/share/irobot_create_description//meshes/body_visual.dae
[0.937s] -- Installing: /home/julien/create3_ws/install/irobot_create_description/share/irobot_create_description//meshes/dock
[0.938s] -- Installing: /home/julien/create3_ws/install/irobot_create_description/share/irobot_create_description//meshes/dock/visual.dae
[0.950s] -- Installing: /home/julien/create3_ws/install/irobot_create_description/share/irobot_create_description//urdf
[0.950s] -- Installing: /home/julien/create3_ws/install/irobot_create_description/share/irobot_create_description//urdf/caster.urdf.xacro
[0.950s] -- Installing: /home/julien/create3_ws/install/irobot_create_description/share/irobot_create_description//urdf/create3.urdf.xacro
[0.950s] -- Installing: /home/julien/create3_ws/install/irobot_create_description/share/irobot_create_description//urdf/button.urdf.xacro
[0.951s] -- Installing: /home/julien/create3_ws/install/irobot_create_description/share/irobot_create_description//urdf/wheel_drop.urdf.xacro
[0.951s] -- Installing: /home/julien/create3_ws/install/irobot_create_description/share/irobot_create_description//urdf/sensors
[0.951s] -- Installing: /home/julien/create3_ws/install/irobot_create_description/share/irobot_create_description//urdf/sensors/ir_intensity.urdf.xacro
[0.952s] -- Installing: /home/julien/create3_ws/install/irobot_create_description/share/irobot_create_description//urdf/sensors/cliff_sensor.urdf.xacro
[0.952s] -- Installing: /home/julien/create3_ws/install/irobot_create_description/share/irobot_create_description//urdf/sensors/optical_mouse.urdf.xacro
[0.953s] -- Installing: /home/julien/create3_ws/install/irobot_create_description/share/irobot_create_description//urdf/sensors/imu.urdf.xacro
[0.953s] -- Installing: /home/julien/create3_ws/install/irobot_create_description/share/irobot_create_description//urdf/sensors/ir_opcode_receivers.urdf.xacro
[0.953s] -- Installing: /home/julien/create3_ws/install/irobot_create_description/share/irobot_create_description//urdf/bumper.urdf.xacro
[0.953s] -- Installing: /home/julien/create3_ws/install/irobot_create_description/share/irobot_create_description//urdf/common_properties.urdf.xacro
[0.954s] -- Installing: /home/julien/create3_ws/install/irobot_create_description/share/irobot_create_description//urdf/dock
[0.954s] -- Installing: /home/julien/create3_ws/install/irobot_create_description/share/irobot_create_description//urdf/dock/ir_emitter.urdf.xacro
[0.954s] -- Installing: /home/julien/create3_ws/install/irobot_create_description/share/irobot_create_description//urdf/dock/standard_dock.urdf.xacro
[0.954s] -- Installing: /home/julien/create3_ws/install/irobot_create_description/share/irobot_create_description//urdf/wheel_with_wheeldrop.urdf.xacro
[0.955s] -- Installing: /home/julien/create3_ws/install/irobot_create_description/share/irobot_create_description//urdf/wheel.urdf.xacro
[0.955s] -- Installing: /home/julien/create3_ws/install/irobot_create_description/share/ament_index/resource_index/package_run_dependencies/irobot_create_description
[0.955s] -- Installing: /home/julien/create3_ws/install/irobot_create_description/share/ament_index/resource_index/parent_prefix_path/irobot_create_description
[0.956s] -- Installing: /home/julien/create3_ws/install/irobot_create_description/share/irobot_create_description/environment/ament_prefix_path.sh
[0.956s] -- Installing: /home/julien/create3_ws/install/irobot_create_description/share/irobot_create_description/environment/ament_prefix_path.dsv
[0.956s] -- Installing: /home/julien/create3_ws/install/irobot_create_description/share/irobot_create_description/environment/path.sh
[0.956s] -- Installing: /home/julien/create3_ws/install/irobot_create_description/share/irobot_create_description/environment/path.dsv
[0.957s] -- Installing: /home/julien/create3_ws/install/irobot_create_description/share/irobot_create_description/local_setup.bash
[0.957s] -- Installing: /home/julien/create3_ws/install/irobot_create_description/share/irobot_create_description/local_setup.sh
[0.957s] -- Installing: /home/julien/create3_ws/install/irobot_create_description/share/irobot_create_description/local_setup.zsh
[0.957s] -- Installing: /home/julien/create3_ws/install/irobot_create_description/share/irobot_create_description/local_setup.dsv
[0.958s] -- Installing: /home/julien/create3_ws/install/irobot_create_description/share/irobot_create_description/package.dsv
[0.958s] -- Installing: /home/julien/create3_ws/install/irobot_create_description/share/ament_index/resource_index/packages/irobot_create_description
[0.958s] -- Installing: /home/julien/create3_ws/install/irobot_create_description/share/irobot_create_description/cmake/irobot_create_descriptionConfig.cmake
[0.959s] -- Installing: /home/julien/create3_ws/install/irobot_create_description/share/irobot_create_description/cmake/irobot_create_descriptionConfig-version.cmake
[0.959s] -- Installing: /home/julien/create3_ws/install/irobot_create_description/share/irobot_create_description/package.xml
[0.962s] Invoked command in '/home/julien/create3_ws/build/irobot_create_description' returned '0': CMAKE_PREFIX_PATH=/opt/ros/humble /usr/bin/cmake --install /home/julien/create3_ws/build/irobot_create_description
