[0.021s] Invoking command in '/home/julien/create3_ws/build/irobot_create_nodes': CMAKE_PREFIX_PATH=/home/julien/create3_ws/install/irobot_create_toolbox:/home/julien/create3_ws/install/irobot_create_ignition_sim:/home/julien/create3_ws/install/irobot_create_ignition_bringup:/home/julien/create3_ws/install/irobot_create_gazebo_sim:/home/julien/create3_ws/install/irobot_create_gazebo_bringup:/home/julien/create3_ws/install/irobot_create_common_bringup:/home/julien/create3_ws/install/irobot_create_nodes:/home/julien/create3_ws/install/irobot_create_ignition_toolbox:/home/julien/create3_ws/install/irobot_create_gazebo_plugins:/home/julien/create3_ws/install/irobot_create_ignition_plugins:/home/julien/create3_ws/install/irobot_create_description:/home/julien/create3_ws/install/irobot_create_control:/home/julien/create3_ws/install/create3_controller:/opt/ros/humble LD_LIBRARY_PATH=/home/julien/create3_ws/install/irobot_create_toolbox/lib:/home/julien/create3_ws/install/irobot_create_nodes/lib:/home/julien/create3_ws/install/irobot_create_ignition_toolbox/lib:/home/julien/create3_ws/install/irobot_create_gazebo_plugins/lib:/usr/lib/x86_64-linux-gnu/gazebo-11/plugins:/opt/ros/humble/opt/rviz_ogre_vendor/lib:/opt/ros/humble/lib/x86_64-linux-gnu:/opt/ros/humble/lib /usr/bin/cmake --build /home/julien/create3_ws/build/irobot_create_nodes -- -j12 -l12
[0.089s] [35m[1mConsolidate compiler generated dependencies of target hazards_vector_publisher[0m
[0.089s] [35m[1mConsolidate compiler generated dependencies of target ir_intensity_vector_publisher[0m
[0.089s] [35m[1mConsolidate compiler generated dependencies of target motion_control[0m
[0.089s] [35m[1mConsolidate compiler generated dependencies of target robot_state_lib[0m
[0.089s] [35m[1mConsolidate compiler generated dependencies of target ir_intensity_publisher_lib[0m
[0.090s] [35m[1mConsolidate compiler generated dependencies of target hazard_publisher_lib[0m
[0.091s] [35m[1mConsolidate compiler generated dependencies of target wheel_status_publisher[0m
[0.099s] [35m[1mConsolidate compiler generated dependencies of target ui_mgr[0m
[0.100s] [35m[1mConsolidate compiler generated dependencies of target motion_control_lib[0m
[0.103s] [35m[1mConsolidate compiler generated dependencies of target wheel_status_publisher_lib[0m
[0.103s] [35m[1mConsolidate compiler generated dependencies of target robot_state[0m
[0.114s] [35m[1mConsolidate compiler generated dependencies of target ui_mgr_lib[0m
[0.135s] [  5%] Built target motion_control
[0.152s] [ 10%] Built target ir_intensity_publisher_lib
[0.158s] [ 16%] Built target wheel_status_publisher
[0.160s] [ 21%] Built target ui_mgr
[0.163s] [ 27%] Built target hazards_vector_publisher
[0.174s] [ 37%] Built target robot_state
[0.174s] [ 37%] Built target ui_mgr_lib
[0.175s] [ 43%] Built target hazard_publisher_lib
[0.176s] [35m[1mConsolidate compiler generated dependencies of target mock_publisher_lib[0m
[0.184s] [ 48%] Built target ir_intensity_vector_publisher
[0.185s] [ 54%] Built target wheel_status_publisher_lib
[0.185s] [35m[1mConsolidate compiler generated dependencies of target mock_publisher[0m
[0.188s] [ 59%] Built target robot_state_lib
[0.190s] [35m[1mConsolidate compiler generated dependencies of target kidnap_estimator_publisher[0m
[0.205s] [35m[1mConsolidate compiler generated dependencies of target kidnap_estimator_publisher_lib[0m
[0.237s] [ 78%] Built target motion_control_lib
[0.247s] [ 83%] Built target kidnap_estimator_publisher
[0.258s] [ 89%] Built target mock_publisher
[0.262s] [ 94%] Built target mock_publisher_lib
[0.290s] [100%] Built target kidnap_estimator_publisher_lib
[0.315s] Invoked command in '/home/julien/create3_ws/build/irobot_create_nodes' returned '0': CMAKE_PREFIX_PATH=/home/julien/create3_ws/install/irobot_create_toolbox:/home/julien/create3_ws/install/irobot_create_ignition_sim:/home/julien/create3_ws/install/irobot_create_ignition_bringup:/home/julien/create3_ws/install/irobot_create_gazebo_sim:/home/julien/create3_ws/install/irobot_create_gazebo_bringup:/home/julien/create3_ws/install/irobot_create_common_bringup:/home/julien/create3_ws/install/irobot_create_nodes:/home/julien/create3_ws/install/irobot_create_ignition_toolbox:/home/julien/create3_ws/install/irobot_create_gazebo_plugins:/home/julien/create3_ws/install/irobot_create_ignition_plugins:/home/julien/create3_ws/install/irobot_create_description:/home/julien/create3_ws/install/irobot_create_control:/home/julien/create3_ws/install/create3_controller:/opt/ros/humble LD_LIBRARY_PATH=/home/julien/create3_ws/install/irobot_create_toolbox/lib:/home/julien/create3_ws/install/irobot_create_nodes/lib:/home/julien/create3_ws/install/irobot_create_ignition_toolbox/lib:/home/julien/create3_ws/install/irobot_create_gazebo_plugins/lib:/usr/lib/x86_64-linux-gnu/gazebo-11/plugins:/opt/ros/humble/opt/rviz_ogre_vendor/lib:/opt/ros/humble/lib/x86_64-linux-gnu:/opt/ros/humble/lib /usr/bin/cmake --build /home/julien/create3_ws/build/irobot_create_nodes -- -j12 -l12
[0.454s] Invoking command in '/home/julien/create3_ws/build/irobot_create_nodes': CMAKE_PREFIX_PATH=/home/julien/create3_ws/install/irobot_create_toolbox:/home/julien/create3_ws/install/irobot_create_ignition_sim:/home/julien/create3_ws/install/irobot_create_ignition_bringup:/home/julien/create3_ws/install/irobot_create_gazebo_sim:/home/julien/create3_ws/install/irobot_create_gazebo_bringup:/home/julien/create3_ws/install/irobot_create_common_bringup:/home/julien/create3_ws/install/irobot_create_nodes:/home/julien/create3_ws/install/irobot_create_ignition_toolbox:/home/julien/create3_ws/install/irobot_create_gazebo_plugins:/home/julien/create3_ws/install/irobot_create_ignition_plugins:/home/julien/create3_ws/install/irobot_create_description:/home/julien/create3_ws/install/irobot_create_control:/home/julien/create3_ws/install/create3_controller:/opt/ros/humble LD_LIBRARY_PATH=/home/julien/create3_ws/install/irobot_create_toolbox/lib:/home/julien/create3_ws/install/irobot_create_nodes/lib:/home/julien/create3_ws/install/irobot_create_ignition_toolbox/lib:/home/julien/create3_ws/install/irobot_create_gazebo_plugins/lib:/usr/lib/x86_64-linux-gnu/gazebo-11/plugins:/opt/ros/humble/opt/rviz_ogre_vendor/lib:/opt/ros/humble/lib/x86_64-linux-gnu:/opt/ros/humble/lib /usr/bin/cmake --install /home/julien/create3_ws/build/irobot_create_nodes
[0.464s] -- Install configuration: ""
[0.464s] -- Up-to-date: /home/julien/create3_ws/install/irobot_create_nodes/lib/irobot_create_nodes/hazards_vector_publisher
[0.465s] -- Up-to-date: /home/julien/create3_ws/install/irobot_create_nodes/lib/irobot_create_nodes/ir_intensity_vector_publisher
[0.465s] -- Up-to-date: /home/julien/create3_ws/install/irobot_create_nodes/lib/irobot_create_nodes/motion_control
[0.466s] -- Up-to-date: /home/julien/create3_ws/install/irobot_create_nodes/lib/irobot_create_nodes/wheel_status_publisher
[0.466s] -- Up-to-date: /home/julien/create3_ws/install/irobot_create_nodes/lib/irobot_create_nodes/robot_state
[0.466s] -- Up-to-date: /home/julien/create3_ws/install/irobot_create_nodes/lib/irobot_create_nodes/ui_mgr
[0.467s] -- Up-to-date: /home/julien/create3_ws/install/irobot_create_nodes/lib/irobot_create_nodes/mock_publisher
[0.467s] -- Up-to-date: /home/julien/create3_ws/install/irobot_create_nodes/lib/irobot_create_nodes/kidnap_estimator_publisher
[0.468s] -- Up-to-date: /home/julien/create3_ws/install/irobot_create_nodes/lib/libhazard_publisher_lib.so
[0.468s] -- Up-to-date: /home/julien/create3_ws/install/irobot_create_nodes/lib/libir_intensity_publisher_lib.so
[0.469s] -- Up-to-date: /home/julien/create3_ws/install/irobot_create_nodes/lib/libmotion_control_lib.so
[0.469s] -- Up-to-date: /home/julien/create3_ws/install/irobot_create_nodes/lib/libwheel_status_publisher_lib.so
[0.470s] -- Up-to-date: /home/julien/create3_ws/install/irobot_create_nodes/lib/librobot_state_lib.so
[0.470s] -- Up-to-date: /home/julien/create3_ws/install/irobot_create_nodes/lib/libui_mgr_lib.so
[0.471s] -- Up-to-date: /home/julien/create3_ws/install/irobot_create_nodes/lib/libmock_publisher_lib.so
[0.471s] -- Up-to-date: /home/julien/create3_ws/install/irobot_create_nodes/lib/libkidnap_estimator_publisher_lib.so
[0.471s] -- Up-to-date: /home/julien/create3_ws/install/irobot_create_nodes/include
[0.472s] -- Up-to-date: /home/julien/create3_ws/install/irobot_create_nodes/include/irobot_create_nodes
[0.472s] -- Up-to-date: /home/julien/create3_ws/install/irobot_create_nodes/include/irobot_create_nodes/ir_intensity_vector_publisher.hpp
[0.472s] -- Up-to-date: /home/julien/create3_ws/install/irobot_create_nodes/include/irobot_create_nodes/wheels_publisher.hpp
[0.473s] -- Up-to-date: /home/julien/create3_ws/install/irobot_create_nodes/include/irobot_create_nodes/robot_state.hpp
[0.473s] -- Up-to-date: /home/julien/create3_ws/install/irobot_create_nodes/include/irobot_create_nodes/motion_control_node.hpp
[0.473s] -- Up-to-date: /home/julien/create3_ws/install/irobot_create_nodes/include/irobot_create_nodes/motion_control
[0.473s] -- Up-to-date: /home/julien/create3_ws/install/irobot_create_nodes/include/irobot_create_nodes/motion_control/wall_follow_states.hpp
[0.474s] -- Up-to-date: /home/julien/create3_ws/install/irobot_create_nodes/include/irobot_create_nodes/motion_control/reflex_behavior.hpp
[0.474s] -- Up-to-date: /home/julien/create3_ws/install/irobot_create_nodes/include/irobot_create_nodes/motion_control/drive_goal_behaviors.hpp
[0.474s] -- Up-to-date: /home/julien/create3_ws/install/irobot_create_nodes/include/irobot_create_nodes/motion_control/wall_follow_behavior.hpp
[0.474s] -- Up-to-date: /home/julien/create3_ws/install/irobot_create_nodes/include/irobot_create_nodes/motion_control/behaviors_scheduler.hpp
[0.474s] -- Up-to-date: /home/julien/create3_ws/install/irobot_create_nodes/include/irobot_create_nodes/motion_control/simple_goal_controller.hpp
[0.474s] -- Up-to-date: /home/julien/create3_ws/install/irobot_create_nodes/include/irobot_create_nodes/motion_control/docking_behavior.hpp
[0.475s] -- Up-to-date: /home/julien/create3_ws/install/irobot_create_nodes/include/irobot_create_nodes/kidnap_estimator_publisher.hpp
[0.475s] -- Up-to-date: /home/julien/create3_ws/install/irobot_create_nodes/include/irobot_create_nodes/ui_mgr.hpp
[0.475s] -- Up-to-date: /home/julien/create3_ws/install/irobot_create_nodes/include/irobot_create_nodes/hazards_vector_publisher.hpp
[0.475s] -- Up-to-date: /home/julien/create3_ws/install/irobot_create_nodes/include/irobot_create_nodes/mock_publisher.hpp
[0.475s] -- Up-to-date: /home/julien/create3_ws/install/irobot_create_nodes/share/irobot_create_nodes/environment/library_path.sh
[0.475s] -- Up-to-date: /home/julien/create3_ws/install/irobot_create_nodes/share/irobot_create_nodes/environment/library_path.dsv
[0.476s] -- Up-to-date: /home/julien/create3_ws/install/irobot_create_nodes/share/ament_index/resource_index/package_run_dependencies/irobot_create_nodes
[0.476s] -- Up-to-date: /home/julien/create3_ws/install/irobot_create_nodes/share/ament_index/resource_index/parent_prefix_path/irobot_create_nodes
[0.477s] -- Up-to-date: /home/julien/create3_ws/install/irobot_create_nodes/share/irobot_create_nodes/environment/ament_prefix_path.sh
[0.477s] -- Up-to-date: /home/julien/create3_ws/install/irobot_create_nodes/share/irobot_create_nodes/environment/ament_prefix_path.dsv
[0.477s] -- Up-to-date: /home/julien/create3_ws/install/irobot_create_nodes/share/irobot_create_nodes/environment/path.sh
[0.477s] -- Up-to-date: /home/julien/create3_ws/install/irobot_create_nodes/share/irobot_create_nodes/environment/path.dsv
[0.478s] -- Up-to-date: /home/julien/create3_ws/install/irobot_create_nodes/share/irobot_create_nodes/local_setup.bash
[0.478s] -- Up-to-date: /home/julien/create3_ws/install/irobot_create_nodes/share/irobot_create_nodes/local_setup.sh
[0.478s] -- Up-to-date: /home/julien/create3_ws/install/irobot_create_nodes/share/irobot_create_nodes/local_setup.zsh
[0.478s] -- Up-to-date: /home/julien/create3_ws/install/irobot_create_nodes/share/irobot_create_nodes/local_setup.dsv
[0.478s] -- Installing: /home/julien/create3_ws/install/irobot_create_nodes/share/irobot_create_nodes/package.dsv
[0.478s] -- Up-to-date: /home/julien/create3_ws/install/irobot_create_nodes/share/ament_index/resource_index/packages/irobot_create_nodes
[0.479s] -- Up-to-date: /home/julien/create3_ws/install/irobot_create_nodes/share/ament_index/resource_index/rclcpp_components/irobot_create_nodes
[0.479s] -- Up-to-date: /home/julien/create3_ws/install/irobot_create_nodes/share/irobot_create_nodes/cmake/ament_cmake_export_include_directories-extras.cmake
[0.479s] -- Up-to-date: /home/julien/create3_ws/install/irobot_create_nodes/share/irobot_create_nodes/cmake/ament_cmake_export_libraries-extras.cmake
[0.479s] -- Up-to-date: /home/julien/create3_ws/install/irobot_create_nodes/share/irobot_create_nodes/cmake/ament_cmake_export_dependencies-extras.cmake
[0.479s] -- Up-to-date: /home/julien/create3_ws/install/irobot_create_nodes/share/irobot_create_nodes/cmake/irobot_create_nodesConfig.cmake
[0.479s] -- Up-to-date: /home/julien/create3_ws/install/irobot_create_nodes/share/irobot_create_nodes/cmake/irobot_create_nodesConfig-version.cmake
[0.479s] -- Up-to-date: /home/julien/create3_ws/install/irobot_create_nodes/share/irobot_create_nodes/package.xml
[0.480s] Invoked command in '/home/julien/create3_ws/build/irobot_create_nodes' returned '0': CMAKE_PREFIX_PATH=/home/julien/create3_ws/install/irobot_create_toolbox:/home/julien/create3_ws/install/irobot_create_ignition_sim:/home/julien/create3_ws/install/irobot_create_ignition_bringup:/home/julien/create3_ws/install/irobot_create_gazebo_sim:/home/julien/create3_ws/install/irobot_create_gazebo_bringup:/home/julien/create3_ws/install/irobot_create_common_bringup:/home/julien/create3_ws/install/irobot_create_nodes:/home/julien/create3_ws/install/irobot_create_ignition_toolbox:/home/julien/create3_ws/install/irobot_create_gazebo_plugins:/home/julien/create3_ws/install/irobot_create_ignition_plugins:/home/julien/create3_ws/install/irobot_create_description:/home/julien/create3_ws/install/irobot_create_control:/home/julien/create3_ws/install/create3_controller:/opt/ros/humble LD_LIBRARY_PATH=/home/julien/create3_ws/install/irobot_create_toolbox/lib:/home/julien/create3_ws/install/irobot_create_nodes/lib:/home/julien/create3_ws/install/irobot_create_ignition_toolbox/lib:/home/julien/create3_ws/install/irobot_create_gazebo_plugins/lib:/usr/lib/x86_64-linux-gnu/gazebo-11/plugins:/opt/ros/humble/opt/rviz_ogre_vendor/lib:/opt/ros/humble/lib/x86_64-linux-gnu:/opt/ros/humble/lib /usr/bin/cmake --install /home/julien/create3_ws/build/irobot_create_nodes
