[0.019s] Invoking command in '/home/julien/create3_ws/build/irobot_create_gazebo_bringup': AMENT_PREFIX_PATH=/home/julien/create3_ws/install/irobot_create_common_bringup:/home/julien/create3_ws/install/irobot_create_nodes:/home/julien/create3_ws/install/irobot_create_gazebo_plugins:/home/julien/create3_ws/install/irobot_create_toolbox:/home/julien/create3_ws/install/irobot_create_description:/home/julien/create3_ws/install/irobot_create_control:${AMENT_PREFIX_PATH} CMAKE_PREFIX_PATH=/home/julien/create3_ws/install/irobot_create_common_bringup:/home/julien/create3_ws/install/irobot_create_nodes:/home/julien/create3_ws/install/irobot_create_gazebo_plugins:/home/julien/create3_ws/install/irobot_create_toolbox:/home/julien/create3_ws/install/irobot_create_description:/home/julien/create3_ws/install/irobot_create_control:/opt/ros/humble LD_LIBRARY_PATH=/home/julien/create3_ws/install/irobot_create_nodes/lib:/home/julien/create3_ws/install/irobot_create_gazebo_plugins/lib:/home/julien/create3_ws/install/irobot_create_toolbox/lib:${LD_LIBRARY_PATH} PYTHONPATH=/home/julien/create3_ws/install/irobot_create_common_bringup/local/lib/python3.10/dist-packages:${PYTHONPATH} /usr/bin/cmake /home/julien/create3_ws/src/create3_sim/irobot_create_gazebo/irobot_create_gazebo_bringup -DCMAKE_INSTALL_PREFIX=/home/julien/create3_ws/install/irobot_create_gazebo_bringup
[0.090s] -- The C compiler identification is GNU 11.4.0
[0.166s] -- The CXX compiler identification is GNU 11.4.0
[0.173s] -- Detecting C compiler ABI info
[0.236s] -- Detecting C compiler ABI info - done
[0.244s] -- Check for working C compiler: /usr/bin/cc - skipped
[0.244s] -- Detecting C compile features
[0.244s] -- Detecting C compile features - done
[0.247s] -- Detecting CXX compiler ABI info
[0.324s] -- Detecting CXX compiler ABI info - done
[0.333s] -- Check for working CXX compiler: /usr/bin/c++ - skipped
[0.333s] -- Detecting CXX compile features
[0.333s] -- Detecting CXX compile features - done
[0.337s] -- Found ament_cmake: 1.3.10 (/opt/ros/humble/share/ament_cmake/cmake)
[0.491s] -- Found Python3: /usr/bin/python3 (found version "3.10.12") found components: Interpreter 
[0.648s] -- Found rosidl_generator_c: 3.1.5 (/opt/ros/humble/share/rosidl_generator_c/cmake)
[0.655s] -- Found rosidl_adapter: 3.1.5 (/opt/ros/humble/share/rosidl_adapter/cmake)
[0.666s] -- Found rosidl_generator_cpp: 3.1.5 (/opt/ros/humble/share/rosidl_generator_cpp/cmake)
[0.681s] -- Using all available rosidl_typesupport_c: rosidl_typesupport_fastrtps_c;rosidl_typesupport_introspection_c
[0.702s] -- Using all available rosidl_typesupport_cpp: rosidl_typesupport_fastrtps_cpp;rosidl_typesupport_introspection_cpp
[0.761s] -- Found rmw_implementation_cmake: 6.1.2 (/opt/ros/humble/share/rmw_implementation_cmake/cmake)
[0.765s] -- Found rmw_fastrtps_cpp: 6.2.7 (/opt/ros/humble/share/rmw_fastrtps_cpp/cmake)
[0.857s] -- Found OpenSSL: /usr/lib/x86_64-linux-gnu/libcrypto.so (found version "3.0.2")  
[0.887s] -- Found FastRTPS: /opt/ros/humble/include  
[0.937s] -- Using RMW implementation 'rmw_fastrtps_cpp' as default
[0.949s] -- Looking for pthread.h
[1.025s] -- Looking for pthread.h - found
[1.025s] -- Performing Test CMAKE_HAVE_LIBC_PTHREAD
[1.100s] -- Performing Test CMAKE_HAVE_LIBC_PTHREAD - Success
[1.101s] -- Found Threads: TRUE  
[1.170s] -- Found PkgConfig: /usr/bin/pkg-config (found version "0.29.2") 
[1.171s] -- Checking for module 'bullet>=2.82'
[1.183s] --   Found bullet, version 3.05
[1.282s] -- Found fcl: /usr/include (found suitable version "0.7.0", minimum required is "0.5.0") 
[1.325s] -- Found assimp: /usr/include (found version "5.2.0") 
[1.347s] -- Found DART: /usr/include (Required is at least version "6.6") found components: dart 
[1.382s] -- Found Boost: /usr/lib/x86_64-linux-gnu/cmake/Boost-1.74.0/BoostConfig.cmake (found suitable version "1.74.0", minimum required is "1.40.0") found components: thread system filesystem program_options regex iostreams date_time 
[1.398s] -- Found Protobuf: /usr/lib/x86_64-linux-gnu/libprotobuf.so (found version "3.12.4") 
[1.404s] -- Looking for ignition-math6 -- found version 6.15.1
[1.411s] -- Searching for dependencies of ignition-math6
[1.412s] -- Looking for OGRE...
[1.413s] -- OGRE_PREFIX_WATCH changed.
[1.418s] -- Checking for module 'OGRE'
[1.431s] --   Found OGRE, version 1.9.0
[1.460s] -- Found Ogre Ghadamon (1.9.0)
[1.467s] -- Found OGRE: optimized;/usr/lib/x86_64-linux-gnu/libOgreMain.so;debug;/usr/lib/x86_64-linux-gnu/libOgreMain.so
[1.486s] -- Looking for OGRE_Paging...
[1.494s] -- Found OGRE_Paging: optimized;/usr/lib/x86_64-linux-gnu/libOgrePaging.so;debug;/usr/lib/x86_64-linux-gnu/libOgrePaging.so
[1.494s] -- Looking for OGRE_Terrain...
[1.500s] -- Found OGRE_Terrain: optimized;/usr/lib/x86_64-linux-gnu/libOgreTerrain.so;debug;/usr/lib/x86_64-linux-gnu/libOgreTerrain.so
[1.500s] -- Looking for OGRE_Property...
[1.505s] -- Found OGRE_Property: optimized;/usr/lib/x86_64-linux-gnu/libOgreProperty.so;debug;/usr/lib/x86_64-linux-gnu/libOgreProperty.so
[1.505s] -- Looking for OGRE_RTShaderSystem...
[1.510s] -- Found OGRE_RTShaderSystem: optimized;/usr/lib/x86_64-linux-gnu/libOgreRTShaderSystem.so;debug;/usr/lib/x86_64-linux-gnu/libOgreRTShaderSystem.so
[1.510s] -- Looking for OGRE_Volume...
[1.516s] -- Found OGRE_Volume: optimized;/usr/lib/x86_64-linux-gnu/libOgreVolume.so;debug;/usr/lib/x86_64-linux-gnu/libOgreVolume.so
[1.516s] -- Looking for OGRE_Overlay...
[1.521s] -- Found OGRE_Overlay: optimized;/usr/lib/x86_64-linux-gnu/libOgreOverlay.so;debug;/usr/lib/x86_64-linux-gnu/libOgreOverlay.so
[1.666s] -- Looking for ignition-math6 -- found version 6.15.1
[1.669s] -- Looking for ignition-transport8 -- found version 8.2.1
[1.669s] -- Searching for dependencies of ignition-transport8
[1.690s] -- Found Protobuf: /usr/lib/x86_64-linux-gnu/libprotobuf.so (found suitable version "3.12.4", minimum required is "3") 
[1.703s] -- Config-file not installed for ZeroMQ -- checking for pkg-config
[1.709s] -- Checking for module 'libzmq >= 4'
[1.721s] --   Found libzmq , version 4.3.4
[1.754s] -- Found ZeroMQ: TRUE (Required is at least version "4") 
[1.759s] -- Checking for module 'uuid'
[1.769s] --   Found uuid, version 2.37.2
[1.798s] -- Found UUID: TRUE  
[1.800s] -- Looking for ignition-msgs5 -- found version 5.8.1
[1.801s] -- Searching for dependencies of ignition-msgs5
[1.820s] -- Looking for ignition-math6 -- found version 6.15.1
[1.825s] -- Checking for module 'tinyxml2'
[1.838s] --   Found tinyxml2, version 9.0.0
[1.869s] -- Looking for ignition-msgs5 -- found version 5.8.1
[1.871s] -- Looking for ignition-common3 -- found version 3.14.0
[1.872s] -- Searching for dependencies of ignition-common3
[1.872s] -- Looking for dlfcn.h - found
[1.872s] -- Looking for libdl - found
[1.874s] -- Found DL: TRUE  
[1.884s] -- Found tinyobjloader: /usr/lib/x86_64-linux-gnu/cmake/tinyobjloader/tinyobjloader-config.cmake (found version "2.0.0") 
[1.884s] -- Searching for <ignition-common3> component [graphics]
[1.887s] -- Looking for ignition-common3-graphics -- found version 3.14.0
[1.887s] -- Searching for dependencies of ignition-common3-graphics
[1.888s] -- Looking for ignition-math6 -- found version 6.15.1
[1.891s] -- Looking for ignition-fuel_tools4 -- found version 4.4.0
[1.892s] -- Searching for dependencies of ignition-fuel_tools4
[1.967s] -- Found CURL: /usr/lib/x86_64-linux-gnu/libcurl.so (found version "7.81.0")  
[1.976s] -- Checking for module 'jsoncpp'
[1.988s] --   Found jsoncpp, version 1.9.5
[2.018s] -- Found JSONCPP: TRUE  
[2.023s] -- Checking for module 'libzip'
[2.035s] --   Found libzip, version 1.7.3
[2.066s] -- Found ZIP: TRUE  
[2.067s] -- Looking for ignition-common3 -- found version 3.14.0
[2.067s] -- Looking for ignition-math6 -- found version 6.15.1
[2.067s] -- Looking for ignition-msgs5 -- found version 5.8.1
[2.071s] -- Gazebo version: 11.10
[2.071s] -- Checking for module 'tbb'
[2.083s] --   Found tbb, version 2021.5.0
[2.116s] -- Found ament_lint_auto: 0.12.11 (/opt/ros/humble/share/ament_lint_auto/cmake)
[2.202s] -- Added test 'flake8' to check Python code syntax and style conventions
[2.203s] -- Added test 'lint_cmake' to check CMake code style
[2.203s] -- Added test 'pep257' to check Python code against some of the docstring style conventions in PEP 257
[2.204s] -- Added test 'xmllint' to check XML markup files
[2.206s] -- Configuring done
[2.212s] -- Generating done
[2.214s] -- Build files have been written to: /home/julien/create3_ws/build/irobot_create_gazebo_bringup
[2.226s] Invoked command in '/home/julien/create3_ws/build/irobot_create_gazebo_bringup' returned '0': AMENT_PREFIX_PATH=/home/julien/create3_ws/install/irobot_create_common_bringup:/home/julien/create3_ws/install/irobot_create_nodes:/home/julien/create3_ws/install/irobot_create_gazebo_plugins:/home/julien/create3_ws/install/irobot_create_toolbox:/home/julien/create3_ws/install/irobot_create_description:/home/julien/create3_ws/install/irobot_create_control:${AMENT_PREFIX_PATH} CMAKE_PREFIX_PATH=/home/julien/create3_ws/install/irobot_create_common_bringup:/home/julien/create3_ws/install/irobot_create_nodes:/home/julien/create3_ws/install/irobot_create_gazebo_plugins:/home/julien/create3_ws/install/irobot_create_toolbox:/home/julien/create3_ws/install/irobot_create_description:/home/julien/create3_ws/install/irobot_create_control:/opt/ros/humble LD_LIBRARY_PATH=/home/julien/create3_ws/install/irobot_create_nodes/lib:/home/julien/create3_ws/install/irobot_create_gazebo_plugins/lib:/home/julien/create3_ws/install/irobot_create_toolbox/lib:${LD_LIBRARY_PATH} PYTHONPATH=/home/julien/create3_ws/install/irobot_create_common_bringup/local/lib/python3.10/dist-packages:${PYTHONPATH} /usr/bin/cmake /home/julien/create3_ws/src/create3_sim/irobot_create_gazebo/irobot_create_gazebo_bringup -DCMAKE_INSTALL_PREFIX=/home/julien/create3_ws/install/irobot_create_gazebo_bringup
[2.228s] Invoking command in '/home/julien/create3_ws/build/irobot_create_gazebo_bringup': AMENT_PREFIX_PATH=/home/julien/create3_ws/install/irobot_create_common_bringup:/home/julien/create3_ws/install/irobot_create_nodes:/home/julien/create3_ws/install/irobot_create_gazebo_plugins:/home/julien/create3_ws/install/irobot_create_toolbox:/home/julien/create3_ws/install/irobot_create_description:/home/julien/create3_ws/install/irobot_create_control:${AMENT_PREFIX_PATH} CMAKE_PREFIX_PATH=/home/julien/create3_ws/install/irobot_create_common_bringup:/home/julien/create3_ws/install/irobot_create_nodes:/home/julien/create3_ws/install/irobot_create_gazebo_plugins:/home/julien/create3_ws/install/irobot_create_toolbox:/home/julien/create3_ws/install/irobot_create_description:/home/julien/create3_ws/install/irobot_create_control:/opt/ros/humble LD_LIBRARY_PATH=/home/julien/create3_ws/install/irobot_create_nodes/lib:/home/julien/create3_ws/install/irobot_create_gazebo_plugins/lib:/home/julien/create3_ws/install/irobot_create_toolbox/lib:${LD_LIBRARY_PATH} PYTHONPATH=/home/julien/create3_ws/install/irobot_create_common_bringup/local/lib/python3.10/dist-packages:${PYTHONPATH} /usr/bin/cmake --build /home/julien/create3_ws/build/irobot_create_gazebo_bringup -- -j12 -l12
[2.268s] Invoked command in '/home/julien/create3_ws/build/irobot_create_gazebo_bringup' returned '0': AMENT_PREFIX_PATH=/home/julien/create3_ws/install/irobot_create_common_bringup:/home/julien/create3_ws/install/irobot_create_nodes:/home/julien/create3_ws/install/irobot_create_gazebo_plugins:/home/julien/create3_ws/install/irobot_create_toolbox:/home/julien/create3_ws/install/irobot_create_description:/home/julien/create3_ws/install/irobot_create_control:${AMENT_PREFIX_PATH} CMAKE_PREFIX_PATH=/home/julien/create3_ws/install/irobot_create_common_bringup:/home/julien/create3_ws/install/irobot_create_nodes:/home/julien/create3_ws/install/irobot_create_gazebo_plugins:/home/julien/create3_ws/install/irobot_create_toolbox:/home/julien/create3_ws/install/irobot_create_description:/home/julien/create3_ws/install/irobot_create_control:/opt/ros/humble LD_LIBRARY_PATH=/home/julien/create3_ws/install/irobot_create_nodes/lib:/home/julien/create3_ws/install/irobot_create_gazebo_plugins/lib:/home/julien/create3_ws/install/irobot_create_toolbox/lib:${LD_LIBRARY_PATH} PYTHONPATH=/home/julien/create3_ws/install/irobot_create_common_bringup/local/lib/python3.10/dist-packages:${PYTHONPATH} /usr/bin/cmake --build /home/julien/create3_ws/build/irobot_create_gazebo_bringup -- -j12 -l12
[2.291s] Invoking command in '/home/julien/create3_ws/build/irobot_create_gazebo_bringup': AMENT_PREFIX_PATH=/home/julien/create3_ws/install/irobot_create_common_bringup:/home/julien/create3_ws/install/irobot_create_nodes:/home/julien/create3_ws/install/irobot_create_gazebo_plugins:/home/julien/create3_ws/install/irobot_create_toolbox:/home/julien/create3_ws/install/irobot_create_description:/home/julien/create3_ws/install/irobot_create_control:${AMENT_PREFIX_PATH} CMAKE_PREFIX_PATH=/home/julien/create3_ws/install/irobot_create_common_bringup:/home/julien/create3_ws/install/irobot_create_nodes:/home/julien/create3_ws/install/irobot_create_gazebo_plugins:/home/julien/create3_ws/install/irobot_create_toolbox:/home/julien/create3_ws/install/irobot_create_description:/home/julien/create3_ws/install/irobot_create_control:/opt/ros/humble LD_LIBRARY_PATH=/home/julien/create3_ws/install/irobot_create_nodes/lib:/home/julien/create3_ws/install/irobot_create_gazebo_plugins/lib:/home/julien/create3_ws/install/irobot_create_toolbox/lib:${LD_LIBRARY_PATH} PYTHONPATH=/home/julien/create3_ws/install/irobot_create_common_bringup/local/lib/python3.10/dist-packages:${PYTHONPATH} /usr/bin/cmake --install /home/julien/create3_ws/build/irobot_create_gazebo_bringup
[2.297s] -- Install configuration: ""
[2.297s] -- Installing: /home/julien/create3_ws/install/irobot_create_gazebo_bringup/share/irobot_create_gazebo_bringup/config
[2.298s] -- Installing: /home/julien/create3_ws/install/irobot_create_gazebo_bringup/share/irobot_create_gazebo_bringup/config/gazebo_params.yaml
[2.298s] -- Installing: /home/julien/create3_ws/install/irobot_create_gazebo_bringup/share/irobot_create_gazebo_bringup/launch
[2.298s] -- Installing: /home/julien/create3_ws/install/irobot_create_gazebo_bringup/share/irobot_create_gazebo_bringup/launch/create3_spawn.launch.py
[2.298s] -- Installing: /home/julien/create3_ws/install/irobot_create_gazebo_bringup/share/irobot_create_gazebo_bringup/launch/create3_gazebo.launch.py
[2.298s] -- Installing: /home/julien/create3_ws/install/irobot_create_gazebo_bringup/share/irobot_create_gazebo_bringup/launch/gazebo.launch.py
[2.298s] -- Installing: /home/julien/create3_ws/install/irobot_create_gazebo_bringup/share/irobot_create_gazebo_bringup/launch/create3_gazebo_aws_small.launch.py
[2.298s] -- Installing: /home/julien/create3_ws/install/irobot_create_gazebo_bringup/share/ament_index/resource_index/package_run_dependencies/irobot_create_gazebo_bringup
[2.298s] -- Installing: /home/julien/create3_ws/install/irobot_create_gazebo_bringup/share/ament_index/resource_index/parent_prefix_path/irobot_create_gazebo_bringup
[2.299s] -- Installing: /home/julien/create3_ws/install/irobot_create_gazebo_bringup/share/irobot_create_gazebo_bringup/environment/ament_prefix_path.sh
[2.299s] -- Installing: /home/julien/create3_ws/install/irobot_create_gazebo_bringup/share/irobot_create_gazebo_bringup/environment/ament_prefix_path.dsv
[2.299s] -- Installing: /home/julien/create3_ws/install/irobot_create_gazebo_bringup/share/irobot_create_gazebo_bringup/environment/path.sh
[2.299s] -- Installing: /home/julien/create3_ws/install/irobot_create_gazebo_bringup/share/irobot_create_gazebo_bringup/environment/path.dsv
[2.299s] -- Installing: /home/julien/create3_ws/install/irobot_create_gazebo_bringup/share/irobot_create_gazebo_bringup/local_setup.bash
[2.300s] -- Installing: /home/julien/create3_ws/install/irobot_create_gazebo_bringup/share/irobot_create_gazebo_bringup/local_setup.sh
[2.300s] -- Installing: /home/julien/create3_ws/install/irobot_create_gazebo_bringup/share/irobot_create_gazebo_bringup/local_setup.zsh
[2.300s] -- Installing: /home/julien/create3_ws/install/irobot_create_gazebo_bringup/share/irobot_create_gazebo_bringup/local_setup.dsv
[2.300s] -- Installing: /home/julien/create3_ws/install/irobot_create_gazebo_bringup/share/irobot_create_gazebo_bringup/package.dsv
[2.300s] -- Installing: /home/julien/create3_ws/install/irobot_create_gazebo_bringup/share/ament_index/resource_index/packages/irobot_create_gazebo_bringup
[2.300s] -- Installing: /home/julien/create3_ws/install/irobot_create_gazebo_bringup/share/irobot_create_gazebo_bringup/cmake/irobot_create_gazebo_bringupConfig.cmake
[2.300s] -- Installing: /home/julien/create3_ws/install/irobot_create_gazebo_bringup/share/irobot_create_gazebo_bringup/cmake/irobot_create_gazebo_bringupConfig-version.cmake
[2.301s] -- Installing: /home/julien/create3_ws/install/irobot_create_gazebo_bringup/share/irobot_create_gazebo_bringup/package.xml
[2.303s] Invoked command in '/home/julien/create3_ws/build/irobot_create_gazebo_bringup' returned '0': AMENT_PREFIX_PATH=/home/julien/create3_ws/install/irobot_create_common_bringup:/home/julien/create3_ws/install/irobot_create_nodes:/home/julien/create3_ws/install/irobot_create_gazebo_plugins:/home/julien/create3_ws/install/irobot_create_toolbox:/home/julien/create3_ws/install/irobot_create_description:/home/julien/create3_ws/install/irobot_create_control:${AMENT_PREFIX_PATH} CMAKE_PREFIX_PATH=/home/julien/create3_ws/install/irobot_create_common_bringup:/home/julien/create3_ws/install/irobot_create_nodes:/home/julien/create3_ws/install/irobot_create_gazebo_plugins:/home/julien/create3_ws/install/irobot_create_toolbox:/home/julien/create3_ws/install/irobot_create_description:/home/julien/create3_ws/install/irobot_create_control:/opt/ros/humble LD_LIBRARY_PATH=/home/julien/create3_ws/install/irobot_create_nodes/lib:/home/julien/create3_ws/install/irobot_create_gazebo_plugins/lib:/home/julien/create3_ws/install/irobot_create_toolbox/lib:${LD_LIBRARY_PATH} PYTHONPATH=/home/julien/create3_ws/install/irobot_create_common_bringup/local/lib/python3.10/dist-packages:${PYTHONPATH} /usr/bin/cmake --install /home/julien/create3_ws/build/irobot_create_gazebo_bringup
